2025-05-20 13:31:38,715 [INFO] Activator:176 - 


2025-05-20 13:31:38,719 [INFO] Activator:177 - !SESSION log4j initialized
2025-05-20 13:31:43,879 [INFO] LogOutputStream:77 - [STDOUT_REDIRECT] 
2025-05-20 13:31:45,664 [INFO] ApplicationProperties:184 - Using Application install path: C:\ST\STM32CubeIDE_1.15.1\STM32CubeIDE\plugins\com.st.stm32cube.common.mx_6.11.1.202404110753
2025-05-20 13:31:45,678 [INFO] DbMcusXml:78 - Set database path to: C:\ST\STM32CubeIDE_1.15.1\STM32CubeIDE\plugins\com.st.stm32cube.common.mx_6.11.1.202404110753\\db\/mcu/
2025-05-20 13:31:45,678 [INFO] ApiDb:274 - Set plugin database path to: C:\ST\STM32CubeIDE_1.15.1\STM32CubeIDE\plugins\com.st.stm32cube.common.mx_6.11.1.202404110753\\db\/plugins/boardmanager/
2025-05-20 13:31:45,678 [WARN] ApiDb:259 - Overriding images path with different value:  => C:\ST\STM32CubeIDE_1.15.1\STM32CubeIDE\plugins\com.st.stm32cube.common.mx_6.11.1.202404110753\\db\/plugins/mcufinder/images/
2025-05-20 13:31:45,691 [INFO] ApiDb:250 - Set database path to: C:\Users\Iris\.stmcufinder\plugins\mcufinder//mcu/
2025-05-20 13:31:45,692 [INFO] DbMcusAds:125 - Set database path to: C:\Users\Iris\.stmcufinder\plugins\mcufinder//mcu/
2025-05-20 13:31:45,693 [INFO] CrossReferenceDbSqlite:203 - Set database path to: C:\Users\Iris\.stmcufinder\plugins\mcufinder//mcu/cs/
2025-05-20 13:31:45,786 [INFO] RulesReader:64 - Compatibility file has been processed (297 Rules)
2025-05-20 13:31:45,852 [INFO] DbMcusXml:78 - Set database path to: C:\ST\STM32CubeIDE_1.15.1\STM32CubeIDE\plugins\com.st.stm32cube.common.mx_6.11.1.202404110753\\db\/mcu/
2025-05-20 13:31:45,853 [INFO] ApiDb:274 - Set plugin database path to: C:\ST\STM32CubeIDE_1.15.1\STM32CubeIDE\plugins\com.st.stm32cube.common.mx_6.11.1.202404110753\\db\/plugins/boardmanager/
2025-05-20 13:31:45,853 [INFO] ApiDb:261 - Set plugin images path to: C:\ST\STM32CubeIDE_1.15.1\STM32CubeIDE\plugins\com.st.stm32cube.common.mx_6.11.1.202404110753\\db\/plugins/mcufinder/images/
2025-05-20 13:31:45,853 [WARN] DbFile:41 - Overriding database path with different value: C:\Users\Iris\.stmcufinder\plugins\mcufinder/ => C:\Users\Iris\.stmcufinder\plugins\mcufinder
2025-05-20 13:31:45,853 [INFO] ApiDb:250 - Set database path to: C:\Users\Iris\.stmcufinder\plugins\mcufinder//mcu/
2025-05-20 13:31:45,853 [WARN] DbFile:41 - Overriding database path with different value: C:\Users\Iris\.stmcufinder\plugins\mcufinder/ => C:\Users\Iris\.stmcufinder\plugins\mcufinder
2025-05-20 13:31:45,853 [INFO] DbMcusAds:125 - Set database path to: C:\Users\Iris\.stmcufinder\plugins\mcufinder//mcu/
2025-05-20 13:31:45,853 [WARN] DbFile:41 - Overriding database path with different value: C:\Users\Iris\.stmcufinder\plugins\mcufinder/ => C:\Users\Iris\.stmcufinder\plugins\mcufinder
2025-05-20 13:31:45,853 [WARN] DbFile:41 - Overriding database path with different value: C:\Users\Iris\.stmcufinder\plugins\mcufinder/ => C:\Users\Iris\.stmcufinder\plugins\mcufinder
2025-05-20 13:31:45,853 [INFO] CrossReferenceDbSqlite:203 - Set database path to: C:\Users\Iris\.stmcufinder\plugins\mcufinder//mcu/cs/
2025-05-20 13:31:45,918 [INFO] MainPanel:264 - HeapMemory: 268435456
2025-05-20 13:31:46,014 [INFO] DbMcusXml:78 - Set database path to: C:\ST\STM32CubeIDE_1.15.1\STM32CubeIDE\plugins\com.st.stm32cube.common.mx_6.11.1.202404110753\\db\/mcu/
2025-05-20 13:31:46,014 [INFO] ApiDb:274 - Set plugin database path to: C:\ST\STM32CubeIDE_1.15.1\STM32CubeIDE\plugins\com.st.stm32cube.common.mx_6.11.1.202404110753\\db\/plugins/boardmanager/
2025-05-20 13:31:46,014 [INFO] ApiDb:261 - Set plugin images path to: C:\ST\STM32CubeIDE_1.15.1\STM32CubeIDE\plugins\com.st.stm32cube.common.mx_6.11.1.202404110753\\db\/plugins/mcufinder/images/
2025-05-20 13:31:46,014 [WARN] DbFile:41 - Overriding database path with different value: C:\Users\Iris\.stmcufinder\plugins\mcufinder/ => C:\Users\Iris\.stmcufinder\plugins\mcufinder
2025-05-20 13:31:46,014 [INFO] ApiDb:250 - Set database path to: C:\Users\Iris\.stmcufinder\plugins\mcufinder//mcu/
2025-05-20 13:31:46,014 [WARN] DbFile:41 - Overriding database path with different value: C:\Users\Iris\.stmcufinder\plugins\mcufinder/ => C:\Users\Iris\.stmcufinder\plugins\mcufinder
2025-05-20 13:31:46,014 [INFO] DbMcusAds:125 - Set database path to: C:\Users\Iris\.stmcufinder\plugins\mcufinder//mcu/
2025-05-20 13:31:46,014 [WARN] DbFile:41 - Overriding database path with different value: C:\Users\Iris\.stmcufinder\plugins\mcufinder/ => C:\Users\Iris\.stmcufinder\plugins\mcufinder
2025-05-20 13:31:46,014 [WARN] DbFile:41 - Overriding database path with different value: C:\Users\Iris\.stmcufinder\plugins\mcufinder/ => C:\Users\Iris\.stmcufinder\plugins\mcufinder
2025-05-20 13:31:46,014 [INFO] CrossReferenceDbSqlite:203 - Set database path to: C:\Users\Iris\.stmcufinder\plugins\mcufinder//mcu/cs/
2025-05-20 13:31:46,033 [INFO] ApplicationProperties:184 - Using Application install path: C:\ST\STM32CubeIDE_1.15.1\STM32CubeIDE\plugins\com.st.stm32cube.common.mx_6.11.1.202404110753
2025-05-20 13:31:46,036 [INFO] PluginManage:196 - Search for loadable plugins [exclusion list=, ]
2025-05-20 13:31:46,037 [INFO] PluginManage:310 - Check plugin analytics
2025-05-20 13:31:46,172 [INFO] AnalyticsPlugin:253 - Accepted Software Licenses: STM32CubeMX.6.7.0,STM32CubeMX.6.11.1
2025-05-20 13:31:46,172 [INFO] AnalyticsPlugin:255 - Accepted CMSIS Pack Licenses: 
2025-05-20 13:31:46,172 [INFO] AnalyticsPlugin:257 - Accepted Firmware Licenses: FW.F4.1.28.0
2025-05-20 13:31:46,175 [INFO] PluginManage:359 - Loaded plugin analytics (category:tool,tabindex:-1)
2025-05-20 13:31:46,175 [INFO] PluginManage:310 - Check plugin cadmodel
2025-05-20 13:31:46,195 [INFO] CADModel:105 - Init CAD model plugin
2025-05-20 13:31:46,195 [INFO] PluginManage:359 - Loaded plugin cadmodel (category:power,tabindex:5)
2025-05-20 13:31:46,195 [INFO] PluginManage:310 - Check plugin clock
2025-05-20 13:31:46,215 [INFO] PluginManage:359 - Loaded plugin clock (category:base,tabindex:2)
2025-05-20 13:31:46,215 [INFO] PluginManage:310 - Check plugin ddr
2025-05-20 13:31:46,218 [INFO] PluginManage:359 - Loaded plugin ddr (category:tool,tabindex:6)
2025-05-20 13:31:46,218 [INFO] PluginManage:310 - Check plugin filemanager
2025-05-20 13:31:46,337 [INFO] PluginManage:359 - Loaded plugin filemanager (category:base,tabindex:10)
2025-05-20 13:31:46,337 [INFO] PluginManage:310 - Check plugin ipmanager
2025-05-20 13:31:46,344 [INFO] PluginManage:359 - Loaded plugin ipmanager (category:base,tabindex:5)
2025-05-20 13:31:46,344 [INFO] PluginManage:310 - Check plugin lpbam
2025-05-20 13:31:46,362 [INFO] PluginManage:359 - Loaded plugin lpbam (category:base,tabindex:0)
2025-05-20 13:31:46,362 [INFO] PluginManage:310 - Check plugin memorymap
2025-05-20 13:31:46,384 [INFO] PluginManage:359 - Loaded plugin memorymap (category:base,tabindex:4)
2025-05-20 13:31:46,384 [INFO] PluginManage:310 - Check plugin pinoutandconfiguration
2025-05-20 13:31:46,399 [INFO] PluginManage:359 - Loaded plugin pinoutandconfiguration (category:base,tabindex:1)
2025-05-20 13:31:46,401 [INFO] PluginManage:310 - Check plugin pinoutconfig
2025-05-20 13:31:46,488 [WARN] SupportedApi:132 - Cannot load RTOS API schema: s4s-elt-must-match.1: The content of 'definitions' must match (annotation?, (simpleType | complexType)?, (unique | key | keyref)*)). A problem was found starting at: attribute.
2025-05-20 13:31:46,595 [INFO] PluginManage:359 - Loaded plugin pinoutconfig (category:base,tabindex:0)
2025-05-20 13:31:46,595 [INFO] PluginManage:310 - Check plugin power
2025-05-20 13:31:46,618 [INFO] PluginManage:359 - Loaded plugin power (category:power,tabindex:4)
2025-05-20 13:31:46,618 [INFO] PluginManage:310 - Check plugin projectmanager
2025-05-20 13:31:46,641 [INFO] PluginManage:359 - Loaded plugin projectmanager (category:projectmanager,tabindex:3)
2025-05-20 13:31:46,641 [INFO] PluginManage:310 - Check plugin thirdparty
2025-05-20 13:31:46,934 [INFO] PluginManage:359 - Loaded plugin thirdparty (category:base,tabindex:-1)
2025-05-20 13:31:46,934 [INFO] PluginManage:310 - Check plugin tools
2025-05-20 13:31:46,934 [WARN] IntegrityCheckThread:84 - waiting for thirdparty lock release [integrity check]
2025-05-20 13:31:46,934 [INFO] IntegrityCheckThread:86 - entering critical section [integrity check]
2025-05-20 13:31:46,936 [INFO] ThirdPartyUpdaterWithRetryManager:70 - Updater plugin not ready yet. [1/15]
2025-05-20 13:31:46,969 [INFO] PluginManage:359 - Loaded plugin tools (category:base,tabindex:7)
2025-05-20 13:31:46,969 [INFO] PluginManage:310 - Check plugin tutovideos
2025-05-20 13:31:47,136 [INFO] PluginManage:359 - Loaded plugin tutovideos (category:base,tabindex:-1)
2025-05-20 13:31:47,137 [INFO] PluginManage:310 - Check plugin updater
2025-05-20 13:31:47,146 [INFO] PluginManage:359 - Loaded plugin updater (category:base,tabindex:12)
2025-05-20 13:31:47,146 [INFO] PluginManage:310 - Check plugin userauth
2025-05-20 13:31:47,153 [INFO] UserAuth:114 - Init User Auth plugin
2025-05-20 13:31:47,153 [INFO] PluginManage:359 - Loaded plugin userauth (category:base,tabindex:14)
2025-05-20 13:31:47,153 [INFO] PluginManage:283 - PluginManage : Loaded plugins [17]
2025-05-20 13:31:47,373 [INFO] PinOutPanel:1561 - setPackage(No Configuration,No Configuration)
2025-05-20 13:31:47,439 [INFO] CADModel:165 - CPN selected for project level
2025-05-20 13:31:47,439 [INFO] CADModel:114 - Register for checkConnection events
2025-05-20 13:31:47,466 [INFO] IPUIPlugin:80 - create IPUIPlugin
2025-05-20 13:31:47,466 [INFO] PluginManager:220 - loadIPPluginJar : add adc
2025-05-20 13:31:47,507 [INFO] IPUIPlugin:80 - create IPUIPlugin
2025-05-20 13:31:47,507 [INFO] PluginManager:220 - loadIPPluginJar : add aes
2025-05-20 13:31:47,546 [INFO] IPUIPlugin:80 - create IPUIPlugin
2025-05-20 13:31:47,546 [INFO] PluginManager:220 - loadIPPluginJar : add can
2025-05-20 13:31:47,571 [INFO] IPUIPlugin:80 - create IPUIPlugin
2025-05-20 13:31:47,571 [INFO] PluginManager:220 - loadIPPluginJar : add comp
2025-05-20 13:31:47,602 [INFO] IPUIPlugin:80 - create IPUIPlugin
2025-05-20 13:31:47,602 [INFO] PluginManager:220 - loadIPPluginJar : add cryp
2025-05-20 13:31:47,625 [INFO] IPUIPlugin:80 - create IPUIPlugin
2025-05-20 13:31:47,625 [INFO] PluginManager:220 - loadIPPluginJar : add dfsdm
2025-05-20 13:31:47,637 [INFO] IPUIPlugin:80 - create IPUIPlugin
2025-05-20 13:31:47,637 [INFO] PluginManager:220 - loadIPPluginJar : add dma
2025-05-20 13:31:47,671 [INFO] IPUIPlugin:80 - create IPUIPlugin
2025-05-20 13:31:47,671 [INFO] PluginManager:220 - loadIPPluginJar : add dma3
2025-05-20 13:31:47,709 [INFO] IPUIPlugin:80 - create IPUIPlugin
2025-05-20 13:31:47,709 [INFO] PluginManager:220 - loadIPPluginJar : add extmemmanager
2025-05-20 13:31:47,726 [INFO] IPUIPlugin:80 - create IPUIPlugin
2025-05-20 13:31:47,726 [INFO] PluginManager:220 - loadIPPluginJar : add fatfs
2025-05-20 13:31:47,763 [INFO] IPUIPlugin:80 - create IPUIPlugin
2025-05-20 13:31:47,763 [INFO] PluginManager:220 - loadIPPluginJar : add fmc
2025-05-20 13:31:47,777 [INFO] IPUIPlugin:80 - create IPUIPlugin
2025-05-20 13:31:47,778 [INFO] PluginManager:220 - loadIPPluginJar : add freertos
2025-05-20 13:31:47,795 [INFO] IPUIPlugin:80 - create IPUIPlugin
2025-05-20 13:31:47,795 [INFO] PluginManager:220 - loadIPPluginJar : add genericplugin
2025-05-20 13:31:47,867 [INFO] IPUIPlugin:80 - create IPUIPlugin
2025-05-20 13:31:47,867 [INFO] PluginManager:220 - loadIPPluginJar : add gfxmmu
2025-05-20 13:31:47,964 [INFO] IPUIPlugin:80 - create IPUIPlugin
2025-05-20 13:31:47,964 [INFO] PluginManager:220 - loadIPPluginJar : add gic
2025-05-20 13:31:47,977 [INFO] IPUIPlugin:80 - create IPUIPlugin
2025-05-20 13:31:47,977 [INFO] PluginManager:220 - loadIPPluginJar : add gpio
2025-05-20 13:31:48,046 [INFO] IPUIPlugin:80 - create IPUIPlugin
2025-05-20 13:31:48,047 [INFO] PluginManager:220 - loadIPPluginJar : add gtzc
2025-05-20 13:31:48,075 [INFO] IPUIPlugin:80 - create IPUIPlugin
2025-05-20 13:31:48,075 [INFO] PluginManager:220 - loadIPPluginJar : add hash
2025-05-20 13:31:48,113 [INFO] IPUIPlugin:80 - create IPUIPlugin
2025-05-20 13:31:48,114 [INFO] PluginManager:220 - loadIPPluginJar : add i2c
2025-05-20 13:31:48,144 [INFO] IPUIPlugin:80 - create IPUIPlugin
2025-05-20 13:31:48,144 [INFO] PluginManager:220 - loadIPPluginJar : add i2s
2025-05-20 13:31:48,182 [INFO] IPUIPlugin:80 - create IPUIPlugin
2025-05-20 13:31:48,182 [INFO] PluginManager:220 - loadIPPluginJar : add i3c
2025-05-20 13:31:48,267 [INFO] IPUIPlugin:80 - create IPUIPlugin
2025-05-20 13:31:48,267 [INFO] PluginManager:220 - loadIPPluginJar : add ipddr
2025-05-20 13:31:48,339 [INFO] IPUIPlugin:80 - create IPUIPlugin
2025-05-20 13:31:48,340 [INFO] PluginManager:220 - loadIPPluginJar : add linkedlist
2025-05-20 13:31:48,370 [INFO] IPUIPlugin:80 - create IPUIPlugin
2025-05-20 13:31:48,370 [INFO] PluginManager:220 - loadIPPluginJar : add lorawan
2025-05-20 13:31:48,397 [INFO] IPUIPlugin:80 - create IPUIPlugin
2025-05-20 13:31:48,398 [INFO] PluginManager:220 - loadIPPluginJar : add ltdc
2025-05-20 13:31:48,411 [INFO] IPUIPlugin:80 - create IPUIPlugin
2025-05-20 13:31:48,411 [INFO] PluginManager:220 - loadIPPluginJar : add mdma
2025-05-20 13:31:48,423 [INFO] IPUIPlugin:80 - create IPUIPlugin
2025-05-20 13:31:48,423 [INFO] PluginManager:220 - loadIPPluginJar : add nvic
2025-05-20 13:31:48,453 [INFO] IPUIPlugin:80 - create IPUIPlugin
2025-05-20 13:31:48,453 [INFO] PluginManager:220 - loadIPPluginJar : add opamp
2025-05-20 13:31:48,501 [INFO] IPUIPlugin:80 - create IPUIPlugin
2025-05-20 13:31:48,501 [INFO] PluginManager:220 - loadIPPluginJar : add openamp
2025-05-20 13:31:48,536 [INFO] IPUIPlugin:80 - create IPUIPlugin
2025-05-20 13:31:48,537 [INFO] PluginManager:220 - loadIPPluginJar : add pdm2pcm
2025-05-20 13:31:48,549 [INFO] IPUIPlugin:80 - create IPUIPlugin
2025-05-20 13:31:48,550 [INFO] PluginManager:220 - loadIPPluginJar : add plateformsettings
2025-05-20 13:31:48,570 [INFO] IPUIPlugin:80 - create IPUIPlugin
2025-05-20 13:31:48,571 [INFO] PluginManager:220 - loadIPPluginJar : add quadspi
2025-05-20 13:31:48,581 [INFO] IPUIPlugin:80 - create IPUIPlugin
2025-05-20 13:31:48,582 [INFO] PluginManager:220 - loadIPPluginJar : add resmgrutility
2025-05-20 13:31:48,617 [INFO] IPUIPlugin:80 - create IPUIPlugin
2025-05-20 13:31:48,618 [INFO] PluginManager:220 - loadIPPluginJar : add sai
2025-05-20 13:31:48,646 [INFO] IPUIPlugin:80 - create IPUIPlugin
2025-05-20 13:31:48,646 [INFO] PluginManager:220 - loadIPPluginJar : add spi
2025-05-20 13:31:48,697 [INFO] IPUIPlugin:80 - create IPUIPlugin
2025-05-20 13:31:48,697 [INFO] PluginManager:220 - loadIPPluginJar : add stm32_wpan
2025-05-20 13:31:48,721 [INFO] IPUIPlugin:80 - create IPUIPlugin
2025-05-20 13:31:48,721 [INFO] PluginManager:220 - loadIPPluginJar : add tim
2025-05-20 13:31:48,769 [INFO] IPUIPlugin:80 - create IPUIPlugin
2025-05-20 13:31:48,769 [INFO] PluginManager:220 - loadIPPluginJar : add touchsensing
2025-05-20 13:31:48,789 [INFO] IPUIPlugin:80 - create IPUIPlugin
2025-05-20 13:31:48,789 [INFO] PluginManager:220 - loadIPPluginJar : add tracer_emb
2025-05-20 13:31:48,808 [INFO] IPUIPlugin:80 - create IPUIPlugin
2025-05-20 13:31:48,808 [INFO] PluginManager:220 - loadIPPluginJar : add ts
2025-05-20 13:31:48,829 [INFO] IPUIPlugin:80 - create IPUIPlugin
2025-05-20 13:31:48,829 [INFO] PluginManager:220 - loadIPPluginJar : add tsc
2025-05-20 13:31:48,851 [INFO] IPUIPlugin:80 - create IPUIPlugin
2025-05-20 13:31:48,851 [INFO] PluginManager:220 - loadIPPluginJar : add ucpd
2025-05-20 13:31:48,886 [INFO] IPUIPlugin:80 - create IPUIPlugin
2025-05-20 13:31:48,886 [INFO] PluginManager:220 - loadIPPluginJar : add usart
2025-05-20 13:31:48,931 [INFO] IPUIPlugin:80 - create IPUIPlugin
2025-05-20 13:31:48,931 [INFO] PluginManager:220 - loadIPPluginJar : add usbx
2025-05-20 13:31:49,053 [INFO] CADModel:165 - CPN selected for project level
2025-05-20 13:31:49,053 [INFO] CADModel:114 - Register for checkConnection events
2025-05-20 13:31:49,053 [FATAL] Updater:308 - Updater called before beeing initialized
2025-05-20 13:31:49,053 [ERROR] CADModel:125 - Updater not yet initialized, retry later 
2025-05-20 13:31:49,177 [INFO] CADModel:165 - CPN selected for project level
2025-05-20 13:31:49,177 [INFO] CADModel:114 - Register for checkConnection events
2025-05-20 13:31:49,177 [FATAL] Updater:308 - Updater called before beeing initialized
2025-05-20 13:31:49,177 [ERROR] CADModel:125 - Updater not yet initialized, retry later 
2025-05-20 13:31:49,179 [FATAL] Updater:308 - Updater called before beeing initialized
2025-05-20 13:31:49,269 [FATAL] Updater:308 - Updater called before beeing initialized
2025-05-20 13:31:49,283 [INFO] DbMcusAds:53 - JSON generation date=Tue Dec 17 23:01:25 ICT 2024 (1734451285682)
2025-05-20 13:31:49,283 [FATAL] Updater:308 - Updater called before beeing initialized
2025-05-20 13:31:49,360 [WARN] DetailPanel:346 - Failed to get advertising image, set to default
2025-05-20 13:31:49,427 [FATAL] Updater:308 - Updater called before beeing initialized
2025-05-20 13:31:49,429 [FATAL] Updater:308 - Updater called before beeing initialized
2025-05-20 13:31:49,429 [FATAL] Updater:308 - Updater called before beeing initialized
2025-05-20 13:31:49,429 [WARN] DetailPanel:346 - Failed to get advertising image, set to default
2025-05-20 13:31:49,431 [FATAL] Updater:308 - Updater called before beeing initialized
2025-05-20 13:31:49,480 [ERROR] Updater:1120 - MainUpdater not yet initialized. External WinMGr cannot be set.
2025-05-20 13:31:49,492 [INFO] Updater:1056 - Updater Version found : 6.11.1
2025-05-20 13:31:49,510 [INFO] ApplicationProperties:184 - Using Application install path: C:\ST\STM32CubeIDE_1.15.1\STM32CubeIDE\plugins\com.st.stm32cube.common.mx_6.11.1.202404110753
2025-05-20 13:31:49,937 [INFO] ThirdPartyUpdaterWithRetryManager:70 - Updater plugin not ready yet. [2/15]
2025-05-20 13:31:50,009 [INFO] MainUpdater:2873 - connection check result : 10
2025-05-20 13:31:50,009 [INFO] MainUpdater:290 - Updater Check For Update Now.
2025-05-20 13:31:50,009 [INFO] MicroXplorer:498 - Change Database Version : DB.6.0.111
2025-05-20 13:31:50,026 [INFO] McuFinderGlobals:63 - Set McuFinder mode to 2 (CubeIDE integrated)
2025-05-20 13:31:50,039 [INFO] UserAuth:415 - Internet connection configuration mode: 1
2025-05-20 13:31:50,069 [INFO] JxBrowserEngine:152 - Initiate JxBrowser Engine with user profile folder
2025-05-20 13:31:50,269 [INFO] CheckServerUpdateThread:120 - End of CheckServer Thread
2025-05-20 13:31:53,182 [WARN] PackLoader:240 - Cannot read IP mode file for STMicroelectronics.FP-SNS-MOTENVWB1.1.4.0
2025-05-20 13:31:53,200 [WARN] PackLoader:240 - Cannot read IP mode file for STMicroelectronics.FP-ATR-ASTRA1.2.0.2
2025-05-20 13:31:53,212 [WARN] PackLoader:240 - Cannot read IP mode file for STMicroelectronics.FP-ATR-ASTRA1.2.0.1
2025-05-20 13:31:53,357 [WARN] PackLoader:240 - Cannot read IP mode file for STMicroelectronics.X-CUBE-SMBUS.2.1.0
2025-05-20 13:31:53,370 [WARN] PackLoader:240 - Cannot read IP mode file for STMicroelectronics.X-CUBE-WB05N.1.1.0
2025-05-20 13:31:53,385 [WARN] PackLoader:240 - Cannot read IP mode file for STMicroelectronics.X-CUBE-TOUCHGFX.4.23.2
2025-05-20 13:31:53,420 [WARN] PackLoader:240 - Cannot read IP mode file for STMicroelectronics.X-CUBE-AZRTOS-F7.1.1.0
2025-05-20 13:31:53,504 [WARN] PackLoader:240 - Cannot read IP mode file for STMicroelectronics.X-CUBE-MEMS1.11.0.0
2025-05-20 13:31:53,658 [WARN] PackLoader:240 - Cannot read IP mode file for STMicroelectronics.FP-SNS-FLIGHT1.5.0.2
2025-05-20 13:31:53,681 [WARN] PackLoader:240 - Cannot read IP mode file for STMicroelectronics.X-CUBE-DISPLAY.3.0.0
2025-05-20 13:31:53,709 [WARN] PackLoader:240 - Cannot read IP mode file for STMicroelectronics.X-CUBE-BLE1.7.0.0
2025-05-20 13:31:53,731 [WARN] PackLoader:240 - Cannot read IP mode file for STMicroelectronics.X-CUBE-NFC10.1.0.0
2025-05-20 13:31:53,757 [WARN] PackLoader:240 - Cannot read IP mode file for STMicroelectronics.X-CUBE-BLEMGR.4.0.0
2025-05-20 13:31:53,779 [WARN] PackLoader:240 - Cannot read IP mode file for emotas.I-CUBE-CANOPEN.1.3.0
2025-05-20 13:31:53,805 [WARN] PackLoader:240 - Cannot read IP mode file for STMicroelectronics.X-CUBE-BLEMGR.3.1.0
2025-05-20 13:31:53,813 [INFO] WebApp:161 - Instantiating new browser for Auth
2025-05-20 13:31:53,827 [WARN] PackLoader:240 - Cannot read IP mode file for STMicroelectronics.X-CUBE-AI.10.0.0
2025-05-20 13:31:53,848 [WARN] PackLoader:240 - Cannot read IP mode file for STMicroelectronics.FP-SNS-SMARTAG2.1.2.0
2025-05-20 13:31:53,867 [ERROR] Engine:466 - C:\Users\Iris\.stm32cubemx\thirdparties\pdsc\STMicroelectronics.FP-SNS-FLIGHT1.5.1.0.pdsc: PDSC version is not supported
2025-05-20 13:31:54,007 [WARN] PackLoader:240 - Cannot read IP mode file for STMicroelectronics.X-CUBE-MEMS1.11.1.0
2025-05-20 13:31:54,134 [INFO] LogOutputStream:77 - [STDOUT_REDIRECT] 1 : Invalid condition id : UX_CORESTACK_Condition cause : null
2025-05-20 13:31:54,135 [INFO] LogOutputStream:77 - [STDOUT_REDIRECT] 1 : Invalid condition id : UX_CORESTACK_Condition cause : null
2025-05-20 13:31:54,135 [INFO] LogOutputStream:77 - [STDOUT_REDIRECT] 1 : Invalid condition id : UX_CORESTACK_Condition cause : null
2025-05-20 13:31:54,136 [INFO] LogOutputStream:77 - [STDOUT_REDIRECT] 1 : Invalid condition id : UX_CORESTACK_Condition cause : null
2025-05-20 13:31:54,137 [INFO] LogOutputStream:77 - [STDOUT_REDIRECT] 1 : Invalid condition id : UX_CORESTACK_Condition cause : null
2025-05-20 13:31:54,138 [WARN] PackLoader:240 - Cannot read IP mode file for STMicroelectronics.X-CUBE-AZRTOS-WL.2.0.0
2025-05-20 13:31:54,158 [WARN] PackLoader:240 - Cannot read IP mode file for STMicroelectronics.FP-SNS-MOTENV1.5.0.0
2025-05-20 13:31:54,174 [WARN] PackLoader:240 - Cannot read IP mode file for wolfSSL.I-CUBE-wolfMQTT.1.19.0
2025-05-20 13:31:54,196 [WARN] PackLoader:240 - Cannot read IP mode file for WES.I-CUBE-Cesium.1.3.0
2025-05-20 13:31:54,210 [WARN] PackLoader:240 - Cannot read IP mode file for STMicroelectronics.X-CUBE-BLE2.3.3.0
2025-05-20 13:31:54,229 [WARN] PackLoader:240 - Cannot read IP mode file for STMicroelectronics.X-CUBE-NFC9.1.0.0
2025-05-20 13:31:54,251 [WARN] PackLoader:240 - Cannot read IP mode file for STMicroelectronics.X-CUBE-BLE1.7.1.0
2025-05-20 13:31:54,269 [WARN] PackLoader:240 - Cannot read IP mode file for STMicroelectronics.X-CUBE-TCPP.4.1.0
2025-05-20 13:31:54,325 [WARN] PackLoader:240 - Cannot read IP mode file for STMicroelectronics.X-CUBE-MEMS1.11.2.0
2025-05-20 13:31:54,456 [WARN] PackLoader:240 - Cannot read IP mode file for STMicroelectronics.X-CUBE-AZRTOS-G0.1.1.0
2025-05-20 13:31:54,483 [WARN] PackLoader:240 - Cannot read IP mode file for STMicroelectronics.X-CUBE-SAFEA1.1.2.2
2025-05-20 13:31:54,511 [WARN] PackLoader:240 - Cannot read IP mode file for STMicroelectronics.X-CUBE-NFC4.3.0.0
2025-05-20 13:31:54,541 [WARN] PackLoader:240 - Cannot read IP mode file for EmbeddedOffice.I-CUBE-FS-RTOS.1.0.1
2025-05-20 13:31:54,542 [ERROR] ConditionMgr:805 - Attr not supported : Dmpu
2025-05-20 13:31:54,542 [ERROR] ConditionMgr:805 - Attr not supported : Dmpu
2025-05-20 13:31:54,542 [ERROR] ConditionMgr:805 - Attr not supported : Dmpu
2025-05-20 13:31:54,542 [ERROR] ConditionMgr:805 - Attr not supported : Dmpu
2025-05-20 13:31:54,542 [ERROR] ConditionMgr:805 - Attr not supported : Dmpu
2025-05-20 13:31:54,542 [ERROR] ConditionMgr:805 - Attr not supported : Dmpu
2025-05-20 13:31:54,542 [ERROR] ConditionMgr:805 - Attr not supported : Dmpu
2025-05-20 13:31:54,542 [ERROR] ConditionMgr:805 - Attr not supported : Dmpu
2025-05-20 13:31:54,542 [ERROR] ConditionMgr:805 - Attr not supported : Dmpu
2025-05-20 13:31:54,542 [ERROR] ConditionMgr:805 - Attr not supported : Dmpu
2025-05-20 13:31:54,542 [ERROR] ConditionMgr:805 - Attr not supported : Dmpu
2025-05-20 13:31:54,542 [ERROR] ConditionMgr:805 - Attr not supported : Dmpu
2025-05-20 13:31:54,542 [ERROR] ConditionMgr:805 - Attr not supported : Dmpu
2025-05-20 13:31:54,543 [ERROR] ConditionMgr:805 - Attr not supported : Dmpu
2025-05-20 13:31:54,543 [ERROR] ConditionMgr:805 - Attr not supported : Dmpu
2025-05-20 13:31:54,543 [ERROR] ConditionMgr:805 - Attr not supported : Dmpu
2025-05-20 13:31:54,543 [ERROR] ConditionMgr:805 - Attr not supported : Dmpu
2025-05-20 13:31:54,543 [ERROR] ConditionMgr:805 - Attr not supported : Dmpu
2025-05-20 13:31:54,543 [ERROR] ConditionMgr:805 - Attr not supported : Dmpu
2025-05-20 13:31:54,543 [ERROR] ConditionMgr:805 - Attr not supported : Dmpu
2025-05-20 13:31:54,543 [ERROR] ConditionMgr:805 - Attr not supported : Dmpu
2025-05-20 13:31:54,544 [ERROR] ConditionMgr:805 - Attr not supported : Dmpu
2025-05-20 13:31:54,544 [ERROR] ConditionMgr:805 - Attr not supported : Dmpu
2025-05-20 13:31:54,544 [ERROR] ConditionMgr:805 - Attr not supported : Dmpu
2025-05-20 13:31:54,544 [ERROR] ConditionMgr:805 - Attr not supported : Dmpu
2025-05-20 13:31:54,544 [ERROR] ConditionMgr:805 - Attr not supported : Dmpu
2025-05-20 13:31:54,544 [ERROR] ConditionMgr:805 - Attr not supported : Dmpu
2025-05-20 13:31:54,544 [ERROR] ConditionMgr:805 - Attr not supported : Dmpu
2025-05-20 13:31:54,544 [ERROR] ConditionMgr:805 - Attr not supported : Dmpu
2025-05-20 13:31:54,544 [ERROR] ConditionMgr:805 - Attr not supported : Dmpu
2025-05-20 13:31:54,544 [ERROR] ConditionMgr:805 - Attr not supported : Dmpu
2025-05-20 13:31:54,544 [ERROR] ConditionMgr:805 - Attr not supported : Dmpu
2025-05-20 13:31:54,544 [ERROR] ConditionMgr:805 - Attr not supported : Dmpu
2025-05-20 13:31:54,544 [ERROR] ConditionMgr:805 - Attr not supported : Dmpu
2025-05-20 13:31:54,544 [ERROR] ConditionMgr:805 - Attr not supported : Dmpu
2025-05-20 13:31:54,544 [ERROR] ConditionMgr:805 - Attr not supported : Dmpu
2025-05-20 13:31:54,544 [ERROR] ConditionMgr:805 - Attr not supported : Dmpu
2025-05-20 13:31:54,544 [ERROR] ConditionMgr:805 - Attr not supported : Dmpu
2025-05-20 13:31:54,546 [ERROR] ConditionMgr:805 - Attr not supported : Dmpu
2025-05-20 13:31:54,546 [ERROR] ConditionMgr:805 - Attr not supported : Dmpu
2025-05-20 13:31:54,546 [ERROR] ConditionMgr:805 - Attr not supported : Dmpu
2025-05-20 13:31:54,546 [ERROR] ConditionMgr:805 - Attr not supported : Dmpu
2025-05-20 13:31:54,546 [ERROR] ConditionMgr:805 - Attr not supported : Dmpu
2025-05-20 13:31:54,546 [ERROR] ConditionMgr:805 - Attr not supported : Dmpu
2025-05-20 13:31:54,546 [ERROR] ConditionMgr:805 - Attr not supported : Dmpu
2025-05-20 13:31:54,546 [ERROR] ConditionMgr:805 - Attr not supported : Dmpu
2025-05-20 13:31:54,546 [ERROR] ConditionMgr:805 - Attr not supported : Dmpu
2025-05-20 13:31:54,546 [ERROR] ConditionMgr:805 - Attr not supported : Dmpu
2025-05-20 13:31:54,546 [ERROR] ConditionMgr:805 - Attr not supported : Dmpu
2025-05-20 13:31:54,546 [ERROR] ConditionMgr:805 - Attr not supported : Dmpu
2025-05-20 13:31:54,546 [ERROR] ConditionMgr:805 - Attr not supported : Dmpu
2025-05-20 13:31:54,546 [ERROR] ConditionMgr:805 - Attr not supported : Dmpu
2025-05-20 13:31:54,546 [ERROR] ConditionMgr:805 - Attr not supported : Dmpu
2025-05-20 13:31:54,546 [ERROR] ConditionMgr:805 - Attr not supported : Dmpu
2025-05-20 13:31:54,546 [ERROR] ConditionMgr:805 - Attr not supported : Dmpu
2025-05-20 13:31:54,546 [ERROR] ConditionMgr:805 - Attr not supported : Dmpu
2025-05-20 13:31:54,546 [ERROR] ConditionMgr:805 - Attr not supported : Dmpu
2025-05-20 13:31:54,546 [ERROR] ConditionMgr:805 - Attr not supported : Dmpu
2025-05-20 13:31:54,546 [ERROR] ConditionMgr:805 - Attr not supported : Dmpu
2025-05-20 13:31:54,546 [ERROR] ConditionMgr:805 - Attr not supported : Dmpu
2025-05-20 13:31:54,546 [ERROR] ConditionMgr:805 - Attr not supported : Dmpu
2025-05-20 13:31:54,546 [ERROR] ConditionMgr:805 - Attr not supported : Dmpu
2025-05-20 13:31:54,546 [ERROR] ConditionMgr:805 - Attr not supported : Dmpu
2025-05-20 13:31:54,547 [ERROR] ConditionMgr:805 - Attr not supported : Dmpu
2025-05-20 13:31:54,564 [WARN] PackLoader:240 - Cannot read IP mode file for STMicroelectronics.X-CUBE-WB05N.2.0.0
2025-05-20 13:31:54,579 [ERROR] Engine:466 - C:\Users\Iris\.stm32cubemx\thirdparties\pdsc\STMicroelectronics.X-CUBE-TCPP.4.2.0.pdsc: PDSC version is not supported
2025-05-20 13:31:54,600 [WARN] PackLoader:240 - Cannot read IP mode file for RealThread.X-CUBE-RT-Thread_Nano.4.1.1
2025-05-20 13:31:54,617 [WARN] PackLoader:240 - Cannot read IP mode file for wolfSSL.I-CUBE-wolfSSL.5.7.0
2025-05-20 13:31:54,631 [WARN] PackLoader:240 - Cannot read IP mode file for STMicroelectronics.FP-ATR-SIGFOX1.3.2.0
2025-05-20 13:31:54,647 [WARN] ConditionMgr:438 - getConditionDescription Invalid condition id : Cortex-A Device cause : null
2025-05-20 13:31:54,670 [WARN] ConditionMgr:1039 - genDependencies : Invalid condition id : Cortex-A Device cause : null
2025-05-20 13:31:54,670 [WARN] ConditionMgr:1039 - genDependencies : Invalid condition id : Cortex-A Device cause : null
2025-05-20 13:31:54,670 [WARN] ConditionMgr:1039 - genDependencies : Invalid condition id : Cortex-A Device cause : null
2025-05-20 13:31:54,688 [WARN] PackLoader:240 - Cannot read IP mode file for STMicroelectronics.X-CUBE-EEPRMA1.5.1.0
2025-05-20 13:31:54,708 [WARN] PackLoader:240 - Cannot read IP mode file for ITTIA_DB.I-CUBE-ITTIADB.8.9.0
2025-05-20 13:31:54,737 [INFO] WebApp:779 - Register for checkConnection events
2025-05-20 13:31:54,737 [INFO] WebApp:414 - Apply proxy settings
2025-05-20 13:31:54,737 [INFO] WebApp:499 - Chromium requires no authentication
2025-05-20 13:31:54,739 [WARN] PackLoader:240 - Cannot read IP mode file for SEGGER.I-CUBE-embOS.1.3.1
2025-05-20 13:31:54,747 [INFO] WebApp:442 - Direct internet connection detected
2025-05-20 13:31:54,801 [WARN] PackLoader:240 - Cannot read IP mode file for STMicroelectronics.X-CUBE-ALGOBUILD.1.4.0
2025-05-20 13:31:54,822 [WARN] PackLoader:240 - Cannot read IP mode file for STMicroelectronics.X-CUBE-AI.9.1.0
2025-05-20 13:31:54,844 [WARN] PackLoader:240 - Cannot read IP mode file for STMicroelectronics.X-CUBE-GNSS1.6.0.0
2025-05-20 13:31:54,879 [WARN] PackLoader:240 - Cannot read IP mode file for STMicroelectronics.X-CUBE-AZRTOS-F4.1.1.0
2025-05-20 13:31:54,896 [ERROR] Engine:466 - C:\Users\Iris\.stm32cubemx\thirdparties\pdsc\Avnet-IotConnect.X-CUBE-IoTC-DA16k-PMOD.1.0.0.pdsc: PDSC version is not supported
2025-05-20 13:31:54,914 [WARN] PackLoader:240 - Cannot read IP mode file for STMicroelectronics.X-CUBE-ISPU.2.1.0
2025-05-20 13:31:54,929 [WARN] PackLoader:240 - Cannot read IP mode file for STMicroelectronics.X-CUBE-FREERTOS.1.2.0
2025-05-20 13:31:54,956 [WARN] PackLoader:240 - Cannot read IP mode file for STMicroelectronics.X-CUBE-AZRTOS-L5.2.0.0
2025-05-20 13:31:54,973 [WARN] PackLoader:240 - Cannot read IP mode file for STMicroelectronics.X-CUBE-NFC6.3.1.0
2025-05-20 13:31:54,988 [WARN] PackLoader:240 - Cannot read IP mode file for STMicroelectronics.X-CUBE-DPower.1.2.0
2025-05-20 13:31:55,003 [WARN] PackLoader:240 - Cannot read IP mode file for STMicroelectronics.X-CUBE-AI.9.0.0
2025-05-20 13:31:55,013 [INFO] WebApp:192 - Starting web application
2025-05-20 13:31:55,013 [INFO] WebApp:544 - Web application path used C:\ST\STM32CubeIDE_1.15.1\STM32CubeIDE\plugins\com.st.stm32cube.common.mx_6.11.1.202404110753\db\plugins\mcufinder\reactClient1\index.html
2025-05-20 13:31:55,015 [WARN] PackLoader:240 - Cannot read IP mode file for STMicroelectronics.X-CUBE-FREERTOS.1.3.1
2025-05-20 13:31:55,031 [WARN] PackLoader:240 - Cannot read IP mode file for STMicroelectronics.X-CUBE-FREERTOS.1.3.0
2025-05-20 13:31:55,047 [WARN] PackLoader:240 - Cannot read IP mode file for STMicroelectronics.X-CUBE-NFC7.1.0.1
2025-05-20 13:31:55,067 [WARN] PackLoader:240 - Cannot read IP mode file for STMicroelectronics.X-CUBE-DPower.1.3.0
2025-05-20 13:31:55,101 [WARN] ConditionMgr:438 - getConditionDescription Invalid condition id : LAN8742 Phy interface Condition cause : null
2025-05-20 13:31:55,102 [WARN] PackLoader:240 - Cannot read IP mode file for STMicroelectronics.X-CUBE-AZRTOS-L4.2.0.0
2025-05-20 13:31:55,103 [WARN] ConditionMgr:1039 - genDependencies : Invalid condition id : LAN8742 Phy interface Condition cause : null
2025-05-20 13:31:55,103 [WARN] ConditionMgr:1039 - genDependencies : Invalid condition id : LAN8742 Phy interface Condition cause : null
2025-05-20 13:31:55,104 [WARN] ConditionMgr:1039 - genDependencies : Invalid condition id : LAN8742 Phy interface Condition cause : null
2025-05-20 13:31:55,124 [WARN] PackLoader:240 - Cannot read IP mode file for STMicroelectronics.X-CUBE-SFXS2LP1.4.0.0
2025-05-20 13:31:55,154 [WARN] PackLoader:240 - Cannot read IP mode file for STMicroelectronics.X-CUBE-AZRTOS-H7.3.3.0
2025-05-20 13:31:55,171 [WARN] PackLoader:240 - Cannot read IP mode file for STMicroelectronics.X-CUBE-IPS.3.0.0
2025-05-20 13:31:55,195 [WARN] ConditionMgr:438 - getConditionDescription Invalid condition id : UX DEVICE CLASS RTOS Condition cause : null
2025-05-20 13:31:55,196 [WARN] ConditionMgr:438 - getConditionDescription Invalid condition id : UX DEVICE CLASS RTOS Condition cause : null
2025-05-20 13:31:55,198 [WARN] PackLoader:240 - Cannot read IP mode file for STMicroelectronics.X-CUBE-AZRTOS-WB.2.0.0
2025-05-20 13:31:55,198 [WARN] ConditionMgr:1039 - genDependencies : Invalid condition id : UX DEVICE CLASS RTOS Condition cause : null
2025-05-20 13:31:55,198 [WARN] ConditionMgr:1039 - genDependencies : Invalid condition id : UX DEVICE CLASS RTOS Condition cause : null
2025-05-20 13:31:55,200 [WARN] ConditionMgr:1039 - genDependencies : Invalid condition id : UX DEVICE CLASS RTOS Condition cause : null
2025-05-20 13:31:55,200 [WARN] ConditionMgr:1039 - genDependencies : Invalid condition id : UX DEVICE CLASS RTOS Condition cause : null
2025-05-20 13:31:55,200 [WARN] ConditionMgr:1039 - genDependencies : Invalid condition id : UX DEVICE CLASS RTOS Condition cause : null
2025-05-20 13:31:55,215 [WARN] PackLoader:240 - Cannot read IP mode file for STMicroelectronics.X-CUBE-GNSS1.7.0.0
2025-05-20 13:31:55,231 [WARN] PackLoader:240 - Cannot read IP mode file for STMicroelectronics.X-CUBE-GNSS1.7.0.1
2025-05-20 13:31:55,252 [WARN] PackLoader:240 - Cannot read IP mode file for STMicroelectronics.X-CUBE-TOUCHGFX.4.25.0
2025-05-20 13:31:55,273 [WARN] PackLoader:240 - Cannot read IP mode file for STMicroelectronics.FP-SNS-STBOX1.2.0.0
2025-05-20 13:31:55,296 [WARN] PackLoader:240 - Cannot read IP mode file for STMicroelectronics.X-CUBE-SUBG2.5.0.0
2025-05-20 13:31:55,339 [WARN] PackLoader:240 - Cannot read IP mode file for STMicroelectronics.X-CUBE-AZRTOS-H7RS.1.1.0
2025-05-20 13:31:55,364 [WARN] PackLoader:240 - Cannot read IP mode file for Cesanta.I-CUBE-Mongoose.7.13.0
2025-05-20 13:31:55,399 [WARN] PackLoader:240 - Cannot read IP mode file for STMicroelectronics.X-CUBE-AZRTOS-G4.2.0.0
2025-05-20 13:31:55,417 [WARN] PackLoader:240 - Cannot read IP mode file for STMicroelectronics.X-CUBE-NFC7.2.0.0
2025-05-20 13:31:55,435 [WARN] PackLoader:240 - Cannot read IP mode file for STMicroelectronics.X-CUBE-ISPU.2.0.0
2025-05-20 13:31:55,451 [ERROR] Engine:466 - C:\Users\Iris\.stm32cubemx\thirdparties\pdsc\STMicroelectronics.X-CUBE-IPS.3.1.0.pdsc: PDSC version is not supported
2025-05-20 13:31:55,468 [WARN] PackLoader:240 - Cannot read IP mode file for STMicroelectronics.X-CUBE-ALS.1.0.2
2025-05-20 13:31:55,505 [WARN] PackLoader:240 - Cannot read IP mode file for STMicroelectronics.X-CUBE-MEMS1.10.0.0
2025-05-20 13:31:55,591 [WARN] PackLoader:240 - Cannot read IP mode file for STMicroelectronics.X-CUBE-TOUCHGFX.4.24.0
2025-05-20 13:31:55,607 [WARN] PackLoader:240 - Cannot read IP mode file for STMicroelectronics.X-CUBE-TOUCHGFX.4.24.2
2025-05-20 13:31:55,625 [WARN] PackLoader:240 - Cannot read IP mode file for STMicroelectronics.X-CUBE-TOUCHGFX.4.24.1
2025-05-20 13:31:55,641 [WARN] PackLoader:240 - Cannot read IP mode file for wolfSSL.I-CUBE-wolfTPM.3.4.0
2025-05-20 13:31:55,657 [WARN] PackLoader:240 - Cannot read IP mode file for portGmbH.I-Cube-SoM-uGOAL.1.1.0
2025-05-20 13:31:55,684 [WARN] PackLoader:240 - Cannot read IP mode file for STMicroelectronics.X-CUBE-AZRTOS-H7RS.1.0.0
2025-05-20 13:31:55,699 [WARN] PackLoader:240 - Cannot read IP mode file for STMicroelectronics.FP-ATR-ASTRA1.2.0.0
2025-05-20 13:31:55,716 [WARN] PackLoader:240 - Cannot read IP mode file for STMicroelectronics.X-CUBE-TOF1.3.4.2
2025-05-20 13:31:55,734 [ERROR] Engine:466 - C:\Users\Iris\.stm32cubemx\thirdparties\pdsc\STMicroelectronics.X-CUBE-TOF1.3.4.3.pdsc: PDSC version is not supported
2025-05-20 13:31:55,748 [WARN] PackLoader:240 - Cannot read IP mode file for STMicroelectronics.X-CUBE-TOF1.3.4.1
2025-05-20 13:31:55,784 [WARN] PackLoader:240 - Cannot read IP mode file for STMicroelectronics.X-CUBE-AZRTOS-H7.3.2.0
2025-05-20 13:31:55,807 [WARN] PackLoader:240 - Cannot read IP mode file for Infineon.AIROC-Wi-Fi-Bluetooth-STM32.1.6.0
2025-05-20 13:31:55,823 [WARN] PackLoader:240 - Cannot read IP mode file for wolfSSL.I-CUBE-wolfSSH.1.4.17
2025-05-20 13:31:55,824 [INFO] ThirdParty:978 - Integrity check success = true
2025-05-20 13:31:55,824 [INFO] IntegrityCheckThread:100 - exiting critical section [integrity check]
2025-05-20 13:31:55,824 [INFO] IntegrityCheckThread:103 - End integrity checks thread
2025-05-20 17:06:28,416 [ERROR] LogOutputStream:75 - [STDERR_REDIRECT] 
