2025-03-26 14:01:23,079 [INFO] Activator:176 - 


2025-03-26 14:01:23,079 [INFO] Activator:177 - !SESSION log4j initialized
2025-03-26 14:01:28,625 [INFO] LogOutputStream:77 - [STDOUT_REDIRECT] 
2025-03-26 14:01:30,298 [INFO] ApplicationProperties:184 - Using Application install path: C:\ST\STM32CubeIDE_1.15.1\STM32CubeIDE\plugins\com.st.stm32cube.common.mx_6.11.1.202404110753
2025-03-26 14:01:30,314 [INFO] DbMcusXml:78 - Set database path to: C:\ST\STM32CubeIDE_1.15.1\STM32CubeIDE\plugins\com.st.stm32cube.common.mx_6.11.1.202404110753\\db\/mcu/
2025-03-26 14:01:30,315 [INFO] ApiDb:274 - Set plugin database path to: C:\ST\STM32CubeIDE_1.15.1\STM32CubeIDE\plugins\com.st.stm32cube.common.mx_6.11.1.202404110753\\db\/plugins/boardmanager/
2025-03-26 14:01:30,315 [WARN] ApiDb:259 - Overriding images path with different value:  => C:\ST\STM32CubeIDE_1.15.1\STM32CubeIDE\plugins\com.st.stm32cube.common.mx_6.11.1.202404110753\\db\/plugins/mcufinder/images/
2025-03-26 14:01:30,332 [INFO] ApiDb:250 - Set database path to: C:\Users\Iris\.stmcufinder\plugins\mcufinder//mcu/
2025-03-26 14:01:30,333 [INFO] DbMcusAds:125 - Set database path to: C:\Users\Iris\.stmcufinder\plugins\mcufinder//mcu/
2025-03-26 14:01:30,335 [INFO] CrossReferenceDbSqlite:203 - Set database path to: C:\Users\Iris\.stmcufinder\plugins\mcufinder//mcu/cs/
2025-03-26 14:01:30,440 [INFO] RulesReader:64 - Compatibility file has been processed (297 Rules)
2025-03-26 14:01:30,528 [INFO] DbMcusXml:78 - Set database path to: C:\ST\STM32CubeIDE_1.15.1\STM32CubeIDE\plugins\com.st.stm32cube.common.mx_6.11.1.202404110753\\db\/mcu/
2025-03-26 14:01:30,528 [INFO] ApiDb:274 - Set plugin database path to: C:\ST\STM32CubeIDE_1.15.1\STM32CubeIDE\plugins\com.st.stm32cube.common.mx_6.11.1.202404110753\\db\/plugins/boardmanager/
2025-03-26 14:01:30,528 [INFO] ApiDb:261 - Set plugin images path to: C:\ST\STM32CubeIDE_1.15.1\STM32CubeIDE\plugins\com.st.stm32cube.common.mx_6.11.1.202404110753\\db\/plugins/mcufinder/images/
2025-03-26 14:01:30,528 [WARN] DbFile:41 - Overriding database path with different value: C:\Users\Iris\.stmcufinder\plugins\mcufinder/ => C:\Users\Iris\.stmcufinder\plugins\mcufinder
2025-03-26 14:01:30,528 [INFO] ApiDb:250 - Set database path to: C:\Users\Iris\.stmcufinder\plugins\mcufinder//mcu/
2025-03-26 14:01:30,529 [WARN] DbFile:41 - Overriding database path with different value: C:\Users\Iris\.stmcufinder\plugins\mcufinder/ => C:\Users\Iris\.stmcufinder\plugins\mcufinder
2025-03-26 14:01:30,529 [INFO] DbMcusAds:125 - Set database path to: C:\Users\Iris\.stmcufinder\plugins\mcufinder//mcu/
2025-03-26 14:01:30,529 [WARN] DbFile:41 - Overriding database path with different value: C:\Users\Iris\.stmcufinder\plugins\mcufinder/ => C:\Users\Iris\.stmcufinder\plugins\mcufinder
2025-03-26 14:01:30,529 [WARN] DbFile:41 - Overriding database path with different value: C:\Users\Iris\.stmcufinder\plugins\mcufinder/ => C:\Users\Iris\.stmcufinder\plugins\mcufinder
2025-03-26 14:01:30,529 [INFO] CrossReferenceDbSqlite:203 - Set database path to: C:\Users\Iris\.stmcufinder\plugins\mcufinder//mcu/cs/
2025-03-26 14:01:30,609 [INFO] MainPanel:264 - HeapMemory: 268435456
2025-03-26 14:01:30,683 [INFO] DbMcusXml:78 - Set database path to: C:\ST\STM32CubeIDE_1.15.1\STM32CubeIDE\plugins\com.st.stm32cube.common.mx_6.11.1.202404110753\\db\/mcu/
2025-03-26 14:01:30,683 [INFO] ApiDb:274 - Set plugin database path to: C:\ST\STM32CubeIDE_1.15.1\STM32CubeIDE\plugins\com.st.stm32cube.common.mx_6.11.1.202404110753\\db\/plugins/boardmanager/
2025-03-26 14:01:30,683 [INFO] ApiDb:261 - Set plugin images path to: C:\ST\STM32CubeIDE_1.15.1\STM32CubeIDE\plugins\com.st.stm32cube.common.mx_6.11.1.202404110753\\db\/plugins/mcufinder/images/
2025-03-26 14:01:30,684 [WARN] DbFile:41 - Overriding database path with different value: C:\Users\Iris\.stmcufinder\plugins\mcufinder/ => C:\Users\Iris\.stmcufinder\plugins\mcufinder
2025-03-26 14:01:30,684 [INFO] ApiDb:250 - Set database path to: C:\Users\Iris\.stmcufinder\plugins\mcufinder//mcu/
2025-03-26 14:01:30,684 [WARN] DbFile:41 - Overriding database path with different value: C:\Users\Iris\.stmcufinder\plugins\mcufinder/ => C:\Users\Iris\.stmcufinder\plugins\mcufinder
2025-03-26 14:01:30,684 [INFO] DbMcusAds:125 - Set database path to: C:\Users\Iris\.stmcufinder\plugins\mcufinder//mcu/
2025-03-26 14:01:30,684 [WARN] DbFile:41 - Overriding database path with different value: C:\Users\Iris\.stmcufinder\plugins\mcufinder/ => C:\Users\Iris\.stmcufinder\plugins\mcufinder
2025-03-26 14:01:30,684 [WARN] DbFile:41 - Overriding database path with different value: C:\Users\Iris\.stmcufinder\plugins\mcufinder/ => C:\Users\Iris\.stmcufinder\plugins\mcufinder
2025-03-26 14:01:30,684 [INFO] CrossReferenceDbSqlite:203 - Set database path to: C:\Users\Iris\.stmcufinder\plugins\mcufinder//mcu/cs/
2025-03-26 14:01:30,698 [INFO] ApplicationProperties:184 - Using Application install path: C:\ST\STM32CubeIDE_1.15.1\STM32CubeIDE\plugins\com.st.stm32cube.common.mx_6.11.1.202404110753
2025-03-26 14:01:30,701 [INFO] PluginManage:196 - Search for loadable plugins [exclusion list=, ]
2025-03-26 14:01:30,701 [INFO] PluginManage:310 - Check plugin analytics
2025-03-26 14:01:30,842 [INFO] AnalyticsPlugin:253 - Accepted Software Licenses: STM32CubeMX.6.7.0,STM32CubeMX.6.11.1
2025-03-26 14:01:30,842 [INFO] AnalyticsPlugin:255 - Accepted CMSIS Pack Licenses: 
2025-03-26 14:01:30,842 [INFO] AnalyticsPlugin:257 - Accepted Firmware Licenses: FW.F4.1.28.0
2025-03-26 14:01:30,845 [INFO] PluginManage:359 - Loaded plugin analytics (category:tool,tabindex:-1)
2025-03-26 14:01:30,845 [INFO] PluginManage:310 - Check plugin cadmodel
2025-03-26 14:01:30,859 [INFO] CADModel:105 - Init CAD model plugin
2025-03-26 14:01:30,859 [INFO] PluginManage:359 - Loaded plugin cadmodel (category:power,tabindex:5)
2025-03-26 14:01:30,859 [INFO] PluginManage:310 - Check plugin clock
2025-03-26 14:01:30,878 [INFO] PluginManage:359 - Loaded plugin clock (category:base,tabindex:2)
2025-03-26 14:01:30,878 [INFO] PluginManage:310 - Check plugin ddr
2025-03-26 14:01:30,880 [INFO] PluginManage:359 - Loaded plugin ddr (category:tool,tabindex:6)
2025-03-26 14:01:30,880 [INFO] PluginManage:310 - Check plugin filemanager
2025-03-26 14:01:30,988 [INFO] PluginManage:359 - Loaded plugin filemanager (category:base,tabindex:10)
2025-03-26 14:01:30,988 [INFO] PluginManage:310 - Check plugin ipmanager
2025-03-26 14:01:30,996 [INFO] PluginManage:359 - Loaded plugin ipmanager (category:base,tabindex:5)
2025-03-26 14:01:30,996 [INFO] PluginManage:310 - Check plugin lpbam
2025-03-26 14:01:31,014 [INFO] PluginManage:359 - Loaded plugin lpbam (category:base,tabindex:0)
2025-03-26 14:01:31,014 [INFO] PluginManage:310 - Check plugin memorymap
2025-03-26 14:01:31,035 [INFO] PluginManage:359 - Loaded plugin memorymap (category:base,tabindex:4)
2025-03-26 14:01:31,035 [INFO] PluginManage:310 - Check plugin pinoutandconfiguration
2025-03-26 14:01:31,051 [INFO] PluginManage:359 - Loaded plugin pinoutandconfiguration (category:base,tabindex:1)
2025-03-26 14:01:31,052 [INFO] PluginManage:310 - Check plugin pinoutconfig
2025-03-26 14:01:31,136 [WARN] SupportedApi:132 - Cannot load RTOS API schema: s4s-elt-must-match.1: The content of 'definitions' must match (annotation?, (simpleType | complexType)?, (unique | key | keyref)*)). A problem was found starting at: attribute.
2025-03-26 14:01:31,247 [INFO] PluginManage:359 - Loaded plugin pinoutconfig (category:base,tabindex:0)
2025-03-26 14:01:31,248 [INFO] PluginManage:310 - Check plugin power
2025-03-26 14:01:31,264 [INFO] PluginManage:359 - Loaded plugin power (category:power,tabindex:4)
2025-03-26 14:01:31,264 [INFO] PluginManage:310 - Check plugin projectmanager
2025-03-26 14:01:31,277 [INFO] PluginManage:359 - Loaded plugin projectmanager (category:projectmanager,tabindex:3)
2025-03-26 14:01:31,277 [INFO] PluginManage:310 - Check plugin thirdparty
2025-03-26 14:01:31,560 [INFO] PluginManage:359 - Loaded plugin thirdparty (category:base,tabindex:-1)
2025-03-26 14:01:31,561 [INFO] PluginManage:310 - Check plugin tools
2025-03-26 14:01:31,560 [WARN] IntegrityCheckThread:84 - waiting for thirdparty lock release [integrity check]
2025-03-26 14:01:31,561 [INFO] IntegrityCheckThread:86 - entering critical section [integrity check]
2025-03-26 14:01:31,562 [INFO] ThirdPartyUpdaterWithRetryManager:70 - Updater plugin not ready yet. [1/15]
2025-03-26 14:01:31,589 [INFO] PluginManage:359 - Loaded plugin tools (category:base,tabindex:7)
2025-03-26 14:01:31,589 [INFO] PluginManage:310 - Check plugin tutovideos
2025-03-26 14:01:31,777 [INFO] PluginManage:359 - Loaded plugin tutovideos (category:base,tabindex:-1)
2025-03-26 14:01:31,778 [INFO] PluginManage:310 - Check plugin updater
2025-03-26 14:01:31,788 [INFO] PluginManage:359 - Loaded plugin updater (category:base,tabindex:12)
2025-03-26 14:01:31,788 [INFO] PluginManage:310 - Check plugin userauth
2025-03-26 14:01:31,793 [INFO] UserAuth:114 - Init User Auth plugin
2025-03-26 14:01:31,793 [INFO] PluginManage:359 - Loaded plugin userauth (category:base,tabindex:14)
2025-03-26 14:01:31,793 [INFO] PluginManage:283 - PluginManage : Loaded plugins [17]
2025-03-26 14:01:31,973 [INFO] PinOutPanel:1561 - setPackage(No Configuration,No Configuration)
2025-03-26 14:01:32,035 [INFO] CADModel:165 - CPN selected for project level
2025-03-26 14:01:32,035 [INFO] CADModel:114 - Register for checkConnection events
2025-03-26 14:01:32,058 [INFO] IPUIPlugin:80 - create IPUIPlugin
2025-03-26 14:01:32,058 [INFO] PluginManager:220 - loadIPPluginJar : add adc
2025-03-26 14:01:32,090 [INFO] IPUIPlugin:80 - create IPUIPlugin
2025-03-26 14:01:32,091 [INFO] PluginManager:220 - loadIPPluginJar : add aes
2025-03-26 14:01:32,127 [INFO] IPUIPlugin:80 - create IPUIPlugin
2025-03-26 14:01:32,127 [INFO] PluginManager:220 - loadIPPluginJar : add can
2025-03-26 14:01:32,150 [INFO] IPUIPlugin:80 - create IPUIPlugin
2025-03-26 14:01:32,150 [INFO] PluginManager:220 - loadIPPluginJar : add comp
2025-03-26 14:01:32,179 [INFO] IPUIPlugin:80 - create IPUIPlugin
2025-03-26 14:01:32,180 [INFO] PluginManager:220 - loadIPPluginJar : add cryp
2025-03-26 14:01:32,203 [INFO] IPUIPlugin:80 - create IPUIPlugin
2025-03-26 14:01:32,204 [INFO] PluginManager:220 - loadIPPluginJar : add dfsdm
2025-03-26 14:01:32,217 [INFO] IPUIPlugin:80 - create IPUIPlugin
2025-03-26 14:01:32,217 [INFO] PluginManager:220 - loadIPPluginJar : add dma
2025-03-26 14:01:32,256 [INFO] IPUIPlugin:80 - create IPUIPlugin
2025-03-26 14:01:32,256 [INFO] PluginManager:220 - loadIPPluginJar : add dma3
2025-03-26 14:01:32,291 [INFO] IPUIPlugin:80 - create IPUIPlugin
2025-03-26 14:01:32,291 [INFO] PluginManager:220 - loadIPPluginJar : add extmemmanager
2025-03-26 14:01:32,309 [INFO] IPUIPlugin:80 - create IPUIPlugin
2025-03-26 14:01:32,310 [INFO] PluginManager:220 - loadIPPluginJar : add fatfs
2025-03-26 14:01:32,353 [INFO] IPUIPlugin:80 - create IPUIPlugin
2025-03-26 14:01:32,353 [INFO] PluginManager:220 - loadIPPluginJar : add fmc
2025-03-26 14:01:32,368 [INFO] IPUIPlugin:80 - create IPUIPlugin
2025-03-26 14:01:32,369 [INFO] PluginManager:220 - loadIPPluginJar : add freertos
2025-03-26 14:01:32,392 [INFO] IPUIPlugin:80 - create IPUIPlugin
2025-03-26 14:01:32,393 [INFO] PluginManager:220 - loadIPPluginJar : add genericplugin
2025-03-26 14:01:32,487 [INFO] IPUIPlugin:80 - create IPUIPlugin
2025-03-26 14:01:32,487 [INFO] PluginManager:220 - loadIPPluginJar : add gfxmmu
2025-03-26 14:01:32,589 [INFO] IPUIPlugin:80 - create IPUIPlugin
2025-03-26 14:01:32,590 [INFO] PluginManager:220 - loadIPPluginJar : add gic
2025-03-26 14:01:32,601 [INFO] IPUIPlugin:80 - create IPUIPlugin
2025-03-26 14:01:32,601 [INFO] PluginManager:220 - loadIPPluginJar : add gpio
2025-03-26 14:01:32,670 [INFO] IPUIPlugin:80 - create IPUIPlugin
2025-03-26 14:01:32,670 [INFO] PluginManager:220 - loadIPPluginJar : add gtzc
2025-03-26 14:01:32,699 [INFO] IPUIPlugin:80 - create IPUIPlugin
2025-03-26 14:01:32,699 [INFO] PluginManager:220 - loadIPPluginJar : add hash
2025-03-26 14:01:32,750 [INFO] IPUIPlugin:80 - create IPUIPlugin
2025-03-26 14:01:32,750 [INFO] PluginManager:220 - loadIPPluginJar : add i2c
2025-03-26 14:01:32,787 [INFO] IPUIPlugin:80 - create IPUIPlugin
2025-03-26 14:01:32,787 [INFO] PluginManager:220 - loadIPPluginJar : add i2s
2025-03-26 14:01:32,824 [INFO] IPUIPlugin:80 - create IPUIPlugin
2025-03-26 14:01:32,824 [INFO] PluginManager:220 - loadIPPluginJar : add i3c
2025-03-26 14:01:32,907 [INFO] IPUIPlugin:80 - create IPUIPlugin
2025-03-26 14:01:32,907 [INFO] PluginManager:220 - loadIPPluginJar : add ipddr
2025-03-26 14:01:32,981 [INFO] IPUIPlugin:80 - create IPUIPlugin
2025-03-26 14:01:32,981 [INFO] PluginManager:220 - loadIPPluginJar : add linkedlist
2025-03-26 14:01:33,010 [INFO] IPUIPlugin:80 - create IPUIPlugin
2025-03-26 14:01:33,010 [INFO] PluginManager:220 - loadIPPluginJar : add lorawan
2025-03-26 14:01:33,039 [INFO] IPUIPlugin:80 - create IPUIPlugin
2025-03-26 14:01:33,040 [INFO] PluginManager:220 - loadIPPluginJar : add ltdc
2025-03-26 14:01:33,054 [INFO] IPUIPlugin:80 - create IPUIPlugin
2025-03-26 14:01:33,054 [INFO] PluginManager:220 - loadIPPluginJar : add mdma
2025-03-26 14:01:33,066 [INFO] IPUIPlugin:80 - create IPUIPlugin
2025-03-26 14:01:33,067 [INFO] PluginManager:220 - loadIPPluginJar : add nvic
2025-03-26 14:01:33,099 [INFO] IPUIPlugin:80 - create IPUIPlugin
2025-03-26 14:01:33,099 [INFO] PluginManager:220 - loadIPPluginJar : add opamp
2025-03-26 14:01:33,155 [INFO] IPUIPlugin:80 - create IPUIPlugin
2025-03-26 14:01:33,155 [INFO] PluginManager:220 - loadIPPluginJar : add openamp
2025-03-26 14:01:33,194 [INFO] IPUIPlugin:80 - create IPUIPlugin
2025-03-26 14:01:33,195 [INFO] PluginManager:220 - loadIPPluginJar : add pdm2pcm
2025-03-26 14:01:33,206 [INFO] IPUIPlugin:80 - create IPUIPlugin
2025-03-26 14:01:33,208 [INFO] PluginManager:220 - loadIPPluginJar : add plateformsettings
2025-03-26 14:01:33,229 [INFO] IPUIPlugin:80 - create IPUIPlugin
2025-03-26 14:01:33,229 [INFO] PluginManager:220 - loadIPPluginJar : add quadspi
2025-03-26 14:01:33,241 [INFO] IPUIPlugin:80 - create IPUIPlugin
2025-03-26 14:01:33,241 [INFO] PluginManager:220 - loadIPPluginJar : add resmgrutility
2025-03-26 14:01:33,278 [INFO] IPUIPlugin:80 - create IPUIPlugin
2025-03-26 14:01:33,278 [INFO] PluginManager:220 - loadIPPluginJar : add sai
2025-03-26 14:01:33,307 [INFO] IPUIPlugin:80 - create IPUIPlugin
2025-03-26 14:01:33,307 [INFO] PluginManager:220 - loadIPPluginJar : add spi
2025-03-26 14:01:33,374 [INFO] IPUIPlugin:80 - create IPUIPlugin
2025-03-26 14:01:33,374 [INFO] PluginManager:220 - loadIPPluginJar : add stm32_wpan
2025-03-26 14:01:33,397 [INFO] IPUIPlugin:80 - create IPUIPlugin
2025-03-26 14:01:33,397 [INFO] PluginManager:220 - loadIPPluginJar : add tim
2025-03-26 14:01:33,481 [INFO] IPUIPlugin:80 - create IPUIPlugin
2025-03-26 14:01:33,481 [INFO] PluginManager:220 - loadIPPluginJar : add touchsensing
2025-03-26 14:01:33,506 [INFO] IPUIPlugin:80 - create IPUIPlugin
2025-03-26 14:01:33,506 [INFO] PluginManager:220 - loadIPPluginJar : add tracer_emb
2025-03-26 14:01:33,531 [INFO] IPUIPlugin:80 - create IPUIPlugin
2025-03-26 14:01:33,531 [INFO] PluginManager:220 - loadIPPluginJar : add ts
2025-03-26 14:01:33,552 [INFO] IPUIPlugin:80 - create IPUIPlugin
2025-03-26 14:01:33,552 [INFO] PluginManager:220 - loadIPPluginJar : add tsc
2025-03-26 14:01:33,571 [INFO] IPUIPlugin:80 - create IPUIPlugin
2025-03-26 14:01:33,571 [INFO] PluginManager:220 - loadIPPluginJar : add ucpd
2025-03-26 14:01:33,610 [INFO] IPUIPlugin:80 - create IPUIPlugin
2025-03-26 14:01:33,610 [INFO] PluginManager:220 - loadIPPluginJar : add usart
2025-03-26 14:01:33,652 [INFO] IPUIPlugin:80 - create IPUIPlugin
2025-03-26 14:01:33,653 [INFO] PluginManager:220 - loadIPPluginJar : add usbx
2025-03-26 14:01:33,768 [INFO] CADModel:165 - CPN selected for project level
2025-03-26 14:01:33,768 [INFO] CADModel:114 - Register for checkConnection events
2025-03-26 14:01:33,768 [FATAL] Updater:308 - Updater called before beeing initialized
2025-03-26 14:01:33,768 [ERROR] CADModel:125 - Updater not yet initialized, retry later 
2025-03-26 14:01:33,904 [INFO] CADModel:165 - CPN selected for project level
2025-03-26 14:01:33,904 [INFO] CADModel:114 - Register for checkConnection events
2025-03-26 14:01:33,904 [FATAL] Updater:308 - Updater called before beeing initialized
2025-03-26 14:01:33,904 [ERROR] CADModel:125 - Updater not yet initialized, retry later 
2025-03-26 14:01:33,907 [FATAL] Updater:308 - Updater called before beeing initialized
2025-03-26 14:01:34,036 [FATAL] Updater:308 - Updater called before beeing initialized
2025-03-26 14:01:34,046 [INFO] DbMcusAds:53 - JSON generation date=Thu Mar 06 21:54:21 ICT 2025 (1741272861825)
2025-03-26 14:01:34,046 [FATAL] Updater:308 - Updater called before beeing initialized
2025-03-26 14:01:34,136 [WARN] DetailPanel:346 - Failed to get advertising image, set to default
2025-03-26 14:01:34,197 [FATAL] Updater:308 - Updater called before beeing initialized
2025-03-26 14:01:34,199 [FATAL] Updater:308 - Updater called before beeing initialized
2025-03-26 14:01:34,199 [FATAL] Updater:308 - Updater called before beeing initialized
2025-03-26 14:01:34,199 [WARN] DetailPanel:346 - Failed to get advertising image, set to default
2025-03-26 14:01:34,200 [FATAL] Updater:308 - Updater called before beeing initialized
2025-03-26 14:01:34,263 [ERROR] Updater:1120 - MainUpdater not yet initialized. External WinMGr cannot be set.
2025-03-26 14:01:34,277 [INFO] Updater:1056 - Updater Version found : 6.11.1
2025-03-26 14:01:34,296 [INFO] ApplicationProperties:184 - Using Application install path: C:\ST\STM32CubeIDE_1.15.1\STM32CubeIDE\plugins\com.st.stm32cube.common.mx_6.11.1.202404110753
2025-03-26 14:01:34,562 [INFO] ThirdPartyUpdaterWithRetryManager:70 - Updater plugin not ready yet. [2/15]
2025-03-26 14:01:34,764 [INFO] MainUpdater:2873 - connection check result : 10
2025-03-26 14:01:34,765 [INFO] MainUpdater:290 - Updater Check For Update Now.
2025-03-26 14:01:34,765 [INFO] MicroXplorer:498 - Change Database Version : DB.6.0.111
2025-03-26 14:01:34,787 [INFO] McuFinderGlobals:63 - Set McuFinder mode to 2 (CubeIDE integrated)
2025-03-26 14:01:34,804 [INFO] UserAuth:415 - Internet connection configuration mode: 1
2025-03-26 14:01:34,839 [INFO] JxBrowserEngine:152 - Initiate JxBrowser Engine with user profile folder
2025-03-26 14:01:34,977 [INFO] CheckServerUpdateThread:120 - End of CheckServer Thread
2025-03-26 14:01:37,887 [WARN] PackLoader:240 - Cannot read IP mode file for STMicroelectronics.FP-SNS-MOTENVWB1.1.4.0
2025-03-26 14:01:37,902 [WARN] PackLoader:240 - Cannot read IP mode file for STMicroelectronics.FP-ATR-ASTRA1.2.0.2
2025-03-26 14:01:37,912 [WARN] PackLoader:240 - Cannot read IP mode file for STMicroelectronics.FP-ATR-ASTRA1.2.0.1
2025-03-26 14:01:37,925 [WARN] PackLoader:240 - Cannot read IP mode file for STMicroelectronics.X-CUBE-SMBUS.2.1.0
2025-03-26 14:01:37,946 [WARN] PackLoader:240 - Cannot read IP mode file for STMicroelectronics.X-CUBE-WB05N.1.1.0
2025-03-26 14:01:37,964 [WARN] PackLoader:240 - Cannot read IP mode file for STMicroelectronics.X-CUBE-TOUCHGFX.4.23.2
2025-03-26 14:01:38,015 [WARN] PackLoader:240 - Cannot read IP mode file for STMicroelectronics.X-CUBE-AZRTOS-F7.1.1.0
2025-03-26 14:01:38,109 [WARN] PackLoader:240 - Cannot read IP mode file for STMicroelectronics.X-CUBE-MEMS1.11.0.0
2025-03-26 14:01:38,270 [WARN] PackLoader:240 - Cannot read IP mode file for STMicroelectronics.FP-SNS-FLIGHT1.5.0.2
2025-03-26 14:01:38,294 [WARN] PackLoader:240 - Cannot read IP mode file for STMicroelectronics.X-CUBE-DISPLAY.3.0.0
2025-03-26 14:01:38,320 [WARN] PackLoader:240 - Cannot read IP mode file for STMicroelectronics.X-CUBE-BLE1.7.0.0
2025-03-26 14:01:38,341 [WARN] PackLoader:240 - Cannot read IP mode file for STMicroelectronics.X-CUBE-NFC10.1.0.0
2025-03-26 14:01:38,368 [WARN] PackLoader:240 - Cannot read IP mode file for STMicroelectronics.X-CUBE-BLEMGR.4.0.0
2025-03-26 14:01:38,408 [WARN] PackLoader:240 - Cannot read IP mode file for emotas.I-CUBE-CANOPEN.1.3.0
2025-03-26 14:01:38,430 [WARN] PackLoader:240 - Cannot read IP mode file for STMicroelectronics.X-CUBE-BLEMGR.3.1.0
2025-03-26 14:01:38,433 [INFO] WebApp:161 - Instantiating new browser for Auth
2025-03-26 14:01:38,456 [WARN] PackLoader:240 - Cannot read IP mode file for STMicroelectronics.X-CUBE-AI.10.0.0
2025-03-26 14:01:38,499 [WARN] PackLoader:240 - Cannot read IP mode file for STMicroelectronics.FP-SNS-SMARTAG2.1.2.0
2025-03-26 14:01:38,520 [ERROR] Engine:466 - C:\Users\Iris\.stm32cubemx\thirdparties\pdsc\STMicroelectronics.FP-SNS-FLIGHT1.5.1.0.pdsc: PDSC version is not supported
2025-03-26 14:01:38,584 [WARN] PackLoader:240 - Cannot read IP mode file for STMicroelectronics.X-CUBE-MEMS1.11.1.0
2025-03-26 14:01:38,838 [INFO] LogOutputStream:77 - [STDOUT_REDIRECT] 1 : Invalid condition id : UX_CORESTACK_Condition cause : null
2025-03-26 14:01:38,839 [INFO] LogOutputStream:77 - [STDOUT_REDIRECT] 1 : Invalid condition id : UX_CORESTACK_Condition cause : null
2025-03-26 14:01:38,840 [INFO] LogOutputStream:77 - [STDOUT_REDIRECT] 1 : Invalid condition id : UX_CORESTACK_Condition cause : null
2025-03-26 14:01:38,843 [INFO] LogOutputStream:77 - [STDOUT_REDIRECT] 1 : Invalid condition id : UX_CORESTACK_Condition cause : null
2025-03-26 14:01:38,844 [INFO] LogOutputStream:77 - [STDOUT_REDIRECT] 1 : Invalid condition id : UX_CORESTACK_Condition cause : null
2025-03-26 14:01:38,846 [WARN] PackLoader:240 - Cannot read IP mode file for STMicroelectronics.X-CUBE-AZRTOS-WL.2.0.0
2025-03-26 14:01:38,866 [WARN] PackLoader:240 - Cannot read IP mode file for STMicroelectronics.FP-SNS-MOTENV1.5.0.0
2025-03-26 14:01:38,888 [WARN] PackLoader:240 - Cannot read IP mode file for wolfSSL.I-CUBE-wolfMQTT.1.19.0
2025-03-26 14:01:38,913 [WARN] PackLoader:240 - Cannot read IP mode file for WES.I-CUBE-Cesium.1.3.0
2025-03-26 14:01:38,931 [WARN] PackLoader:240 - Cannot read IP mode file for STMicroelectronics.X-CUBE-BLE2.3.3.0
2025-03-26 14:01:38,955 [WARN] PackLoader:240 - Cannot read IP mode file for STMicroelectronics.X-CUBE-NFC9.1.0.0
2025-03-26 14:01:38,979 [WARN] PackLoader:240 - Cannot read IP mode file for STMicroelectronics.X-CUBE-BLE1.7.1.0
2025-03-26 14:01:39,003 [WARN] PackLoader:240 - Cannot read IP mode file for STMicroelectronics.X-CUBE-TCPP.4.1.0
2025-03-26 14:01:39,042 [WARN] PackLoader:240 - Cannot read IP mode file for STMicroelectronics.X-CUBE-AZRTOS-G0.1.1.0
2025-03-26 14:01:39,063 [WARN] PackLoader:240 - Cannot read IP mode file for STMicroelectronics.X-CUBE-SAFEA1.1.2.2
2025-03-26 14:01:39,083 [WARN] PackLoader:240 - Cannot read IP mode file for STMicroelectronics.X-CUBE-NFC4.3.0.0
2025-03-26 14:01:39,108 [WARN] PackLoader:240 - Cannot read IP mode file for EmbeddedOffice.I-CUBE-FS-RTOS.1.0.1
2025-03-26 14:01:39,108 [ERROR] ConditionMgr:805 - Attr not supported : Dmpu
2025-03-26 14:01:39,108 [ERROR] ConditionMgr:805 - Attr not supported : Dmpu
2025-03-26 14:01:39,108 [ERROR] ConditionMgr:805 - Attr not supported : Dmpu
2025-03-26 14:01:39,109 [ERROR] ConditionMgr:805 - Attr not supported : Dmpu
2025-03-26 14:01:39,109 [ERROR] ConditionMgr:805 - Attr not supported : Dmpu
2025-03-26 14:01:39,109 [ERROR] ConditionMgr:805 - Attr not supported : Dmpu
2025-03-26 14:01:39,109 [ERROR] ConditionMgr:805 - Attr not supported : Dmpu
2025-03-26 14:01:39,109 [ERROR] ConditionMgr:805 - Attr not supported : Dmpu
2025-03-26 14:01:39,109 [ERROR] ConditionMgr:805 - Attr not supported : Dmpu
2025-03-26 14:01:39,109 [ERROR] ConditionMgr:805 - Attr not supported : Dmpu
2025-03-26 14:01:39,109 [ERROR] ConditionMgr:805 - Attr not supported : Dmpu
2025-03-26 14:01:39,109 [ERROR] ConditionMgr:805 - Attr not supported : Dmpu
2025-03-26 14:01:39,109 [ERROR] ConditionMgr:805 - Attr not supported : Dmpu
2025-03-26 14:01:39,109 [ERROR] ConditionMgr:805 - Attr not supported : Dmpu
2025-03-26 14:01:39,109 [ERROR] ConditionMgr:805 - Attr not supported : Dmpu
2025-03-26 14:01:39,109 [ERROR] ConditionMgr:805 - Attr not supported : Dmpu
2025-03-26 14:01:39,109 [ERROR] ConditionMgr:805 - Attr not supported : Dmpu
2025-03-26 14:01:39,109 [ERROR] ConditionMgr:805 - Attr not supported : Dmpu
2025-03-26 14:01:39,109 [ERROR] ConditionMgr:805 - Attr not supported : Dmpu
2025-03-26 14:01:39,109 [ERROR] ConditionMgr:805 - Attr not supported : Dmpu
2025-03-26 14:01:39,109 [ERROR] ConditionMgr:805 - Attr not supported : Dmpu
2025-03-26 14:01:39,110 [ERROR] ConditionMgr:805 - Attr not supported : Dmpu
2025-03-26 14:01:39,110 [ERROR] ConditionMgr:805 - Attr not supported : Dmpu
2025-03-26 14:01:39,110 [ERROR] ConditionMgr:805 - Attr not supported : Dmpu
2025-03-26 14:01:39,110 [ERROR] ConditionMgr:805 - Attr not supported : Dmpu
2025-03-26 14:01:39,110 [ERROR] ConditionMgr:805 - Attr not supported : Dmpu
2025-03-26 14:01:39,110 [ERROR] ConditionMgr:805 - Attr not supported : Dmpu
2025-03-26 14:01:39,110 [ERROR] ConditionMgr:805 - Attr not supported : Dmpu
2025-03-26 14:01:39,111 [ERROR] ConditionMgr:805 - Attr not supported : Dmpu
2025-03-26 14:01:39,111 [ERROR] ConditionMgr:805 - Attr not supported : Dmpu
2025-03-26 14:01:39,111 [ERROR] ConditionMgr:805 - Attr not supported : Dmpu
2025-03-26 14:01:39,111 [ERROR] ConditionMgr:805 - Attr not supported : Dmpu
2025-03-26 14:01:39,111 [ERROR] ConditionMgr:805 - Attr not supported : Dmpu
2025-03-26 14:01:39,111 [ERROR] ConditionMgr:805 - Attr not supported : Dmpu
2025-03-26 14:01:39,111 [ERROR] ConditionMgr:805 - Attr not supported : Dmpu
2025-03-26 14:01:39,111 [ERROR] ConditionMgr:805 - Attr not supported : Dmpu
2025-03-26 14:01:39,111 [ERROR] ConditionMgr:805 - Attr not supported : Dmpu
2025-03-26 14:01:39,112 [ERROR] ConditionMgr:805 - Attr not supported : Dmpu
2025-03-26 14:01:39,112 [ERROR] ConditionMgr:805 - Attr not supported : Dmpu
2025-03-26 14:01:39,112 [ERROR] ConditionMgr:805 - Attr not supported : Dmpu
2025-03-26 14:01:39,112 [ERROR] ConditionMgr:805 - Attr not supported : Dmpu
2025-03-26 14:01:39,112 [ERROR] ConditionMgr:805 - Attr not supported : Dmpu
2025-03-26 14:01:39,112 [ERROR] ConditionMgr:805 - Attr not supported : Dmpu
2025-03-26 14:01:39,112 [ERROR] ConditionMgr:805 - Attr not supported : Dmpu
2025-03-26 14:01:39,112 [ERROR] ConditionMgr:805 - Attr not supported : Dmpu
2025-03-26 14:01:39,112 [ERROR] ConditionMgr:805 - Attr not supported : Dmpu
2025-03-26 14:01:39,112 [ERROR] ConditionMgr:805 - Attr not supported : Dmpu
2025-03-26 14:01:39,112 [ERROR] ConditionMgr:805 - Attr not supported : Dmpu
2025-03-26 14:01:39,112 [ERROR] ConditionMgr:805 - Attr not supported : Dmpu
2025-03-26 14:01:39,112 [ERROR] ConditionMgr:805 - Attr not supported : Dmpu
2025-03-26 14:01:39,112 [ERROR] ConditionMgr:805 - Attr not supported : Dmpu
2025-03-26 14:01:39,112 [ERROR] ConditionMgr:805 - Attr not supported : Dmpu
2025-03-26 14:01:39,112 [ERROR] ConditionMgr:805 - Attr not supported : Dmpu
2025-03-26 14:01:39,112 [ERROR] ConditionMgr:805 - Attr not supported : Dmpu
2025-03-26 14:01:39,112 [ERROR] ConditionMgr:805 - Attr not supported : Dmpu
2025-03-26 14:01:39,112 [ERROR] ConditionMgr:805 - Attr not supported : Dmpu
2025-03-26 14:01:39,112 [ERROR] ConditionMgr:805 - Attr not supported : Dmpu
2025-03-26 14:01:39,113 [ERROR] ConditionMgr:805 - Attr not supported : Dmpu
2025-03-26 14:01:39,113 [ERROR] ConditionMgr:805 - Attr not supported : Dmpu
2025-03-26 14:01:39,113 [ERROR] ConditionMgr:805 - Attr not supported : Dmpu
2025-03-26 14:01:39,113 [ERROR] ConditionMgr:805 - Attr not supported : Dmpu
2025-03-26 14:01:39,113 [ERROR] ConditionMgr:805 - Attr not supported : Dmpu
2025-03-26 14:01:39,113 [ERROR] ConditionMgr:805 - Attr not supported : Dmpu
2025-03-26 14:01:39,113 [ERROR] ConditionMgr:805 - Attr not supported : Dmpu
2025-03-26 14:01:39,132 [ERROR] Engine:466 - C:\Users\Iris\.stm32cubemx\thirdparties\pdsc\STMicroelectronics.X-CUBE-TCPP.4.2.0.pdsc: PDSC version is not supported
2025-03-26 14:01:39,153 [WARN] PackLoader:240 - Cannot read IP mode file for RealThread.X-CUBE-RT-Thread_Nano.4.1.1
2025-03-26 14:01:39,170 [WARN] PackLoader:240 - Cannot read IP mode file for wolfSSL.I-CUBE-wolfSSL.5.7.0
2025-03-26 14:01:39,187 [WARN] PackLoader:240 - Cannot read IP mode file for STMicroelectronics.FP-ATR-SIGFOX1.3.2.0
2025-03-26 14:01:39,199 [WARN] ConditionMgr:438 - getConditionDescription Invalid condition id : Cortex-A Device cause : null
2025-03-26 14:01:39,219 [WARN] ConditionMgr:1039 - genDependencies : Invalid condition id : Cortex-A Device cause : null
2025-03-26 14:01:39,220 [WARN] ConditionMgr:1039 - genDependencies : Invalid condition id : Cortex-A Device cause : null
2025-03-26 14:01:39,220 [WARN] ConditionMgr:1039 - genDependencies : Invalid condition id : Cortex-A Device cause : null
2025-03-26 14:01:39,234 [WARN] PackLoader:240 - Cannot read IP mode file for STMicroelectronics.X-CUBE-EEPRMA1.5.1.0
2025-03-26 14:01:39,252 [WARN] PackLoader:240 - Cannot read IP mode file for ITTIA_DB.I-CUBE-ITTIADB.8.9.0
2025-03-26 14:01:39,291 [WARN] PackLoader:240 - Cannot read IP mode file for SEGGER.I-CUBE-embOS.1.3.1
2025-03-26 14:01:39,337 [WARN] PackLoader:240 - Cannot read IP mode file for STMicroelectronics.X-CUBE-ALGOBUILD.1.4.0
2025-03-26 14:01:39,356 [WARN] PackLoader:240 - Cannot read IP mode file for STMicroelectronics.X-CUBE-AI.9.1.0
2025-03-26 14:01:39,374 [WARN] PackLoader:240 - Cannot read IP mode file for STMicroelectronics.X-CUBE-GNSS1.6.0.0
2025-03-26 14:01:39,408 [WARN] PackLoader:240 - Cannot read IP mode file for STMicroelectronics.X-CUBE-AZRTOS-F4.1.1.0
2025-03-26 14:01:39,428 [WARN] PackLoader:240 - Cannot read IP mode file for STMicroelectronics.X-CUBE-ISPU.2.1.0
2025-03-26 14:01:39,450 [WARN] PackLoader:240 - Cannot read IP mode file for STMicroelectronics.X-CUBE-FREERTOS.1.2.0
2025-03-26 14:01:39,488 [WARN] PackLoader:240 - Cannot read IP mode file for STMicroelectronics.X-CUBE-AZRTOS-L5.2.0.0
2025-03-26 14:01:39,508 [WARN] PackLoader:240 - Cannot read IP mode file for STMicroelectronics.X-CUBE-NFC6.3.1.0
2025-03-26 14:01:39,529 [WARN] PackLoader:240 - Cannot read IP mode file for STMicroelectronics.X-CUBE-DPower.1.2.0
2025-03-26 14:01:39,539 [INFO] WebApp:779 - Register for checkConnection events
2025-03-26 14:01:39,539 [INFO] WebApp:414 - Apply proxy settings
2025-03-26 14:01:39,539 [INFO] WebApp:499 - Chromium requires no authentication
2025-03-26 14:01:39,552 [WARN] PackLoader:240 - Cannot read IP mode file for STMicroelectronics.X-CUBE-AI.9.0.0
2025-03-26 14:01:39,554 [INFO] WebApp:442 - Direct internet connection detected
2025-03-26 14:01:39,569 [WARN] PackLoader:240 - Cannot read IP mode file for STMicroelectronics.X-CUBE-FREERTOS.1.3.0
2025-03-26 14:01:39,586 [WARN] PackLoader:240 - Cannot read IP mode file for STMicroelectronics.X-CUBE-NFC7.1.0.1
2025-03-26 14:01:39,625 [WARN] ConditionMgr:438 - getConditionDescription Invalid condition id : LAN8742 Phy interface Condition cause : null
2025-03-26 14:01:39,626 [WARN] PackLoader:240 - Cannot read IP mode file for STMicroelectronics.X-CUBE-AZRTOS-L4.2.0.0
2025-03-26 14:01:39,627 [WARN] ConditionMgr:1039 - genDependencies : Invalid condition id : LAN8742 Phy interface Condition cause : null
2025-03-26 14:01:39,628 [WARN] ConditionMgr:1039 - genDependencies : Invalid condition id : LAN8742 Phy interface Condition cause : null
2025-03-26 14:01:39,628 [WARN] ConditionMgr:1039 - genDependencies : Invalid condition id : LAN8742 Phy interface Condition cause : null
2025-03-26 14:01:39,648 [WARN] PackLoader:240 - Cannot read IP mode file for STMicroelectronics.X-CUBE-SFXS2LP1.4.0.0
2025-03-26 14:01:39,691 [WARN] PackLoader:240 - Cannot read IP mode file for STMicroelectronics.X-CUBE-AZRTOS-H7.3.3.0
2025-03-26 14:01:39,755 [WARN] PackLoader:240 - Cannot read IP mode file for STMicroelectronics.X-CUBE-IPS.3.0.0
2025-03-26 14:01:39,790 [WARN] ConditionMgr:438 - getConditionDescription Invalid condition id : UX DEVICE CLASS RTOS Condition cause : null
2025-03-26 14:01:39,791 [WARN] ConditionMgr:438 - getConditionDescription Invalid condition id : UX DEVICE CLASS RTOS Condition cause : null
2025-03-26 14:01:39,792 [WARN] PackLoader:240 - Cannot read IP mode file for STMicroelectronics.X-CUBE-AZRTOS-WB.2.0.0
2025-03-26 14:01:39,793 [WARN] ConditionMgr:1039 - genDependencies : Invalid condition id : UX DEVICE CLASS RTOS Condition cause : null
2025-03-26 14:01:39,793 [WARN] ConditionMgr:1039 - genDependencies : Invalid condition id : UX DEVICE CLASS RTOS Condition cause : null
2025-03-26 14:01:39,794 [WARN] ConditionMgr:1039 - genDependencies : Invalid condition id : UX DEVICE CLASS RTOS Condition cause : null
2025-03-26 14:01:39,794 [WARN] ConditionMgr:1039 - genDependencies : Invalid condition id : UX DEVICE CLASS RTOS Condition cause : null
2025-03-26 14:01:39,794 [WARN] ConditionMgr:1039 - genDependencies : Invalid condition id : UX DEVICE CLASS RTOS Condition cause : null
2025-03-26 14:01:39,811 [WARN] PackLoader:240 - Cannot read IP mode file for STMicroelectronics.X-CUBE-GNSS1.7.0.0
2025-03-26 14:01:39,831 [WARN] PackLoader:240 - Cannot read IP mode file for STMicroelectronics.X-CUBE-GNSS1.7.0.1
2025-03-26 14:01:39,853 [WARN] PackLoader:240 - Cannot read IP mode file for STMicroelectronics.X-CUBE-TOUCHGFX.4.25.0
2025-03-26 14:01:39,875 [WARN] PackLoader:240 - Cannot read IP mode file for STMicroelectronics.FP-SNS-STBOX1.2.0.0
2025-03-26 14:01:39,898 [WARN] PackLoader:240 - Cannot read IP mode file for STMicroelectronics.X-CUBE-SUBG2.5.0.0
2025-03-26 14:01:39,919 [INFO] WebApp:192 - Starting web application
2025-03-26 14:01:39,919 [INFO] WebApp:544 - Web application path used C:\ST\STM32CubeIDE_1.15.1\STM32CubeIDE\plugins\com.st.stm32cube.common.mx_6.11.1.202404110753\db\plugins\mcufinder\reactClient1\index.html
2025-03-26 14:01:39,929 [WARN] PackLoader:240 - Cannot read IP mode file for STMicroelectronics.X-CUBE-AZRTOS-H7RS.1.1.0
2025-03-26 14:01:39,950 [WARN] PackLoader:240 - Cannot read IP mode file for Cesanta.I-CUBE-Mongoose.7.13.0
2025-03-26 14:01:39,984 [WARN] PackLoader:240 - Cannot read IP mode file for STMicroelectronics.X-CUBE-AZRTOS-G4.2.0.0
2025-03-26 14:01:40,004 [WARN] PackLoader:240 - Cannot read IP mode file for STMicroelectronics.X-CUBE-ISPU.2.0.0
2025-03-26 14:01:40,024 [ERROR] Engine:466 - C:\Users\Iris\.stm32cubemx\thirdparties\pdsc\STMicroelectronics.X-CUBE-IPS.3.1.0.pdsc: PDSC version is not supported
2025-03-26 14:01:40,042 [WARN] PackLoader:240 - Cannot read IP mode file for STMicroelectronics.X-CUBE-ALS.1.0.2
2025-03-26 14:01:40,096 [WARN] PackLoader:240 - Cannot read IP mode file for STMicroelectronics.X-CUBE-MEMS1.10.0.0
2025-03-26 14:01:40,213 [WARN] PackLoader:240 - Cannot read IP mode file for STMicroelectronics.X-CUBE-TOUCHGFX.4.24.0
2025-03-26 14:01:40,237 [WARN] PackLoader:240 - Cannot read IP mode file for STMicroelectronics.X-CUBE-TOUCHGFX.4.24.2
2025-03-26 14:01:40,258 [WARN] PackLoader:240 - Cannot read IP mode file for STMicroelectronics.X-CUBE-TOUCHGFX.4.24.1
2025-03-26 14:01:40,279 [WARN] PackLoader:240 - Cannot read IP mode file for wolfSSL.I-CUBE-wolfTPM.3.4.0
2025-03-26 14:01:40,303 [WARN] PackLoader:240 - Cannot read IP mode file for portGmbH.I-Cube-SoM-uGOAL.1.1.0
2025-03-26 14:01:40,341 [WARN] PackLoader:240 - Cannot read IP mode file for STMicroelectronics.X-CUBE-AZRTOS-H7RS.1.0.0
2025-03-26 14:01:40,363 [WARN] PackLoader:240 - Cannot read IP mode file for STMicroelectronics.FP-ATR-ASTRA1.2.0.0
2025-03-26 14:01:40,393 [WARN] PackLoader:240 - Cannot read IP mode file for STMicroelectronics.X-CUBE-TOF1.3.4.2
2025-03-26 14:01:40,431 [WARN] PackLoader:240 - Cannot read IP mode file for STMicroelectronics.X-CUBE-TOF1.3.4.1
2025-03-26 14:01:40,481 [WARN] PackLoader:240 - Cannot read IP mode file for STMicroelectronics.X-CUBE-AZRTOS-H7.3.2.0
2025-03-26 14:01:40,513 [WARN] PackLoader:240 - Cannot read IP mode file for Infineon.AIROC-Wi-Fi-Bluetooth-STM32.1.6.0
2025-03-26 14:01:40,533 [WARN] PackLoader:240 - Cannot read IP mode file for wolfSSL.I-CUBE-wolfSSH.1.4.17
2025-03-26 14:01:40,533 [INFO] ThirdParty:978 - Integrity check success = true
2025-03-26 14:01:40,533 [INFO] IntegrityCheckThread:100 - exiting critical section [integrity check]
2025-03-26 14:01:40,533 [INFO] IntegrityCheckThread:103 - End integrity checks thread
2025-03-26 16:07:56,214 [ERROR] LogOutputStream:75 - [STDERR_REDIRECT] 
