2025-04-12 22:00:45,750 [INFO] Activator:176 - 


2025-04-12 22:00:45,755 [INFO] Activator:177 - !SESSION log4j initialized
2025-04-12 22:00:52,388 [INFO] LogOutputStream:77 - [STDOUT_REDIRECT] 
2025-04-12 22:00:54,769 [INFO] ApplicationProperties:184 - Using Application install path: C:\ST\STM32CubeIDE_1.15.1\STM32CubeIDE\plugins\com.st.stm32cube.common.mx_6.11.1.202404110753
2025-04-12 22:00:54,785 [INFO] DbMcusXml:78 - Set database path to: C:\ST\STM32CubeIDE_1.15.1\STM32CubeIDE\plugins\com.st.stm32cube.common.mx_6.11.1.202404110753\\db\/mcu/
2025-04-12 22:00:54,785 [INFO] ApiDb:274 - Set plugin database path to: C:\ST\STM32CubeIDE_1.15.1\STM32CubeIDE\plugins\com.st.stm32cube.common.mx_6.11.1.202404110753\\db\/plugins/boardmanager/
2025-04-12 22:00:54,785 [WARN] ApiDb:259 - Overriding images path with different value:  => C:\ST\STM32CubeIDE_1.15.1\STM32CubeIDE\plugins\com.st.stm32cube.common.mx_6.11.1.202404110753\\db\/plugins/mcufinder/images/
2025-04-12 22:00:54,793 [INFO] ApiDb:250 - Set database path to: C:\Users\Iris\.stmcufinder\plugins\mcufinder//mcu/
2025-04-12 22:00:54,800 [INFO] DbMcusAds:125 - Set database path to: C:\Users\Iris\.stmcufinder\plugins\mcufinder//mcu/
2025-04-12 22:00:55,389 [INFO] CrossReferenceDbSqlite:203 - Set database path to: C:\Users\Iris\.stmcufinder\plugins\mcufinder//mcu/cs/
2025-04-12 22:00:55,502 [INFO] RulesReader:64 - Compatibility file has been processed (297 Rules)
2025-04-12 22:00:55,566 [INFO] DbMcusXml:78 - Set database path to: C:\ST\STM32CubeIDE_1.15.1\STM32CubeIDE\plugins\com.st.stm32cube.common.mx_6.11.1.202404110753\\db\/mcu/
2025-04-12 22:00:55,566 [INFO] ApiDb:274 - Set plugin database path to: C:\ST\STM32CubeIDE_1.15.1\STM32CubeIDE\plugins\com.st.stm32cube.common.mx_6.11.1.202404110753\\db\/plugins/boardmanager/
2025-04-12 22:00:55,566 [INFO] ApiDb:261 - Set plugin images path to: C:\ST\STM32CubeIDE_1.15.1\STM32CubeIDE\plugins\com.st.stm32cube.common.mx_6.11.1.202404110753\\db\/plugins/mcufinder/images/
2025-04-12 22:00:55,566 [WARN] DbFile:41 - Overriding database path with different value: C:\Users\Iris\.stmcufinder\plugins\mcufinder/ => C:\Users\Iris\.stmcufinder\plugins\mcufinder
2025-04-12 22:00:55,566 [INFO] ApiDb:250 - Set database path to: C:\Users\Iris\.stmcufinder\plugins\mcufinder//mcu/
2025-04-12 22:00:55,566 [WARN] DbFile:41 - Overriding database path with different value: C:\Users\Iris\.stmcufinder\plugins\mcufinder/ => C:\Users\Iris\.stmcufinder\plugins\mcufinder
2025-04-12 22:00:55,566 [INFO] DbMcusAds:125 - Set database path to: C:\Users\Iris\.stmcufinder\plugins\mcufinder//mcu/
2025-04-12 22:00:55,566 [WARN] DbFile:41 - Overriding database path with different value: C:\Users\Iris\.stmcufinder\plugins\mcufinder/ => C:\Users\Iris\.stmcufinder\plugins\mcufinder
2025-04-12 22:00:55,566 [WARN] DbFile:41 - Overriding database path with different value: C:\Users\Iris\.stmcufinder\plugins\mcufinder/ => C:\Users\Iris\.stmcufinder\plugins\mcufinder
2025-04-12 22:00:56,392 [INFO] CrossReferenceDbSqlite:203 - Set database path to: C:\Users\Iris\.stmcufinder\plugins\mcufinder//mcu/cs/
2025-04-12 22:00:56,454 [INFO] MainPanel:264 - HeapMemory: 268435456
2025-04-12 22:00:56,531 [INFO] DbMcusXml:78 - Set database path to: C:\ST\STM32CubeIDE_1.15.1\STM32CubeIDE\plugins\com.st.stm32cube.common.mx_6.11.1.202404110753\\db\/mcu/
2025-04-12 22:00:56,531 [INFO] ApiDb:274 - Set plugin database path to: C:\ST\STM32CubeIDE_1.15.1\STM32CubeIDE\plugins\com.st.stm32cube.common.mx_6.11.1.202404110753\\db\/plugins/boardmanager/
2025-04-12 22:00:56,531 [INFO] ApiDb:261 - Set plugin images path to: C:\ST\STM32CubeIDE_1.15.1\STM32CubeIDE\plugins\com.st.stm32cube.common.mx_6.11.1.202404110753\\db\/plugins/mcufinder/images/
2025-04-12 22:00:56,531 [WARN] DbFile:41 - Overriding database path with different value: C:\Users\Iris\.stmcufinder\plugins\mcufinder/ => C:\Users\Iris\.stmcufinder\plugins\mcufinder
2025-04-12 22:00:56,531 [INFO] ApiDb:250 - Set database path to: C:\Users\Iris\.stmcufinder\plugins\mcufinder//mcu/
2025-04-12 22:00:56,531 [WARN] DbFile:41 - Overriding database path with different value: C:\Users\Iris\.stmcufinder\plugins\mcufinder/ => C:\Users\Iris\.stmcufinder\plugins\mcufinder
2025-04-12 22:00:56,531 [INFO] DbMcusAds:125 - Set database path to: C:\Users\Iris\.stmcufinder\plugins\mcufinder//mcu/
2025-04-12 22:00:56,531 [WARN] DbFile:41 - Overriding database path with different value: C:\Users\Iris\.stmcufinder\plugins\mcufinder/ => C:\Users\Iris\.stmcufinder\plugins\mcufinder
2025-04-12 22:00:56,531 [WARN] DbFile:41 - Overriding database path with different value: C:\Users\Iris\.stmcufinder\plugins\mcufinder/ => C:\Users\Iris\.stmcufinder\plugins\mcufinder
2025-04-12 22:00:57,391 [INFO] CrossReferenceDbSqlite:203 - Set database path to: C:\Users\Iris\.stmcufinder\plugins\mcufinder//mcu/cs/
2025-04-12 22:00:57,410 [INFO] ApplicationProperties:184 - Using Application install path: C:\ST\STM32CubeIDE_1.15.1\STM32CubeIDE\plugins\com.st.stm32cube.common.mx_6.11.1.202404110753
2025-04-12 22:00:57,412 [INFO] PluginManage:196 - Search for loadable plugins [exclusion list=, ]
2025-04-12 22:00:57,414 [INFO] PluginManage:310 - Check plugin analytics
2025-04-12 22:00:58,456 [INFO] AnalyticsPlugin:253 - Accepted Software Licenses: STM32CubeMX.6.7.0,STM32CubeMX.6.11.1
2025-04-12 22:00:58,456 [INFO] AnalyticsPlugin:255 - Accepted CMSIS Pack Licenses: 
2025-04-12 22:00:58,456 [INFO] AnalyticsPlugin:257 - Accepted Firmware Licenses: FW.F4.1.28.0
2025-04-12 22:00:58,456 [INFO] PluginManage:359 - Loaded plugin analytics (category:tool,tabindex:-1)
2025-04-12 22:00:58,456 [INFO] PluginManage:310 - Check plugin cadmodel
2025-04-12 22:00:58,472 [INFO] CADModel:105 - Init CAD model plugin
2025-04-12 22:00:58,472 [INFO] PluginManage:359 - Loaded plugin cadmodel (category:power,tabindex:5)
2025-04-12 22:00:58,472 [INFO] PluginManage:310 - Check plugin clock
2025-04-12 22:00:58,488 [INFO] PluginManage:359 - Loaded plugin clock (category:base,tabindex:2)
2025-04-12 22:00:58,488 [INFO] PluginManage:310 - Check plugin ddr
2025-04-12 22:00:58,488 [INFO] PluginManage:359 - Loaded plugin ddr (category:tool,tabindex:6)
2025-04-12 22:00:58,488 [INFO] PluginManage:310 - Check plugin filemanager
2025-04-12 22:00:58,605 [INFO] PluginManage:359 - Loaded plugin filemanager (category:base,tabindex:10)
2025-04-12 22:00:58,605 [INFO] PluginManage:310 - Check plugin ipmanager
2025-04-12 22:00:58,605 [INFO] PluginManage:359 - Loaded plugin ipmanager (category:base,tabindex:5)
2025-04-12 22:00:58,605 [INFO] PluginManage:310 - Check plugin lpbam
2025-04-12 22:00:58,621 [INFO] PluginManage:359 - Loaded plugin lpbam (category:base,tabindex:0)
2025-04-12 22:00:58,621 [INFO] PluginManage:310 - Check plugin memorymap
2025-04-12 22:00:58,647 [INFO] PluginManage:359 - Loaded plugin memorymap (category:base,tabindex:4)
2025-04-12 22:00:58,647 [INFO] PluginManage:310 - Check plugin pinoutandconfiguration
2025-04-12 22:00:58,658 [INFO] PluginManage:359 - Loaded plugin pinoutandconfiguration (category:base,tabindex:1)
2025-04-12 22:00:58,658 [INFO] PluginManage:310 - Check plugin pinoutconfig
2025-04-12 22:00:58,719 [WARN] SupportedApi:132 - Cannot load RTOS API schema: s4s-elt-must-match.1: The content of 'definitions' must match (annotation?, (simpleType | complexType)?, (unique | key | keyref)*)). A problem was found starting at: attribute.
2025-04-12 22:00:58,814 [INFO] PluginManage:359 - Loaded plugin pinoutconfig (category:base,tabindex:0)
2025-04-12 22:00:58,814 [INFO] PluginManage:310 - Check plugin power
2025-04-12 22:00:58,841 [INFO] PluginManage:359 - Loaded plugin power (category:power,tabindex:4)
2025-04-12 22:00:58,841 [INFO] PluginManage:310 - Check plugin projectmanager
2025-04-12 22:00:58,846 [INFO] PluginManage:359 - Loaded plugin projectmanager (category:projectmanager,tabindex:3)
2025-04-12 22:00:58,846 [INFO] PluginManage:310 - Check plugin thirdparty
2025-04-12 22:00:59,099 [INFO] PluginManage:359 - Loaded plugin thirdparty (category:base,tabindex:-1)
2025-04-12 22:00:59,099 [INFO] PluginManage:310 - Check plugin tools
2025-04-12 22:00:59,099 [WARN] IntegrityCheckThread:84 - waiting for thirdparty lock release [integrity check]
2025-04-12 22:00:59,100 [INFO] IntegrityCheckThread:86 - entering critical section [integrity check]
2025-04-12 22:00:59,100 [INFO] ThirdPartyUpdaterWithRetryManager:70 - Updater plugin not ready yet. [1/15]
2025-04-12 22:00:59,131 [INFO] PluginManage:359 - Loaded plugin tools (category:base,tabindex:7)
2025-04-12 22:00:59,131 [INFO] PluginManage:310 - Check plugin tutovideos
2025-04-12 22:00:59,289 [INFO] PluginManage:359 - Loaded plugin tutovideos (category:base,tabindex:-1)
2025-04-12 22:00:59,289 [INFO] PluginManage:310 - Check plugin updater
2025-04-12 22:00:59,304 [INFO] PluginManage:359 - Loaded plugin updater (category:base,tabindex:12)
2025-04-12 22:00:59,304 [INFO] PluginManage:310 - Check plugin userauth
2025-04-12 22:00:59,305 [INFO] UserAuth:114 - Init User Auth plugin
2025-04-12 22:00:59,305 [INFO] PluginManage:359 - Loaded plugin userauth (category:base,tabindex:14)
2025-04-12 22:00:59,305 [INFO] PluginManage:283 - PluginManage : Loaded plugins [17]
2025-04-12 22:00:59,477 [INFO] PinOutPanel:1561 - setPackage(No Configuration,No Configuration)
2025-04-12 22:00:59,536 [INFO] CADModel:165 - CPN selected for project level
2025-04-12 22:00:59,536 [INFO] CADModel:114 - Register for checkConnection events
2025-04-12 22:00:59,557 [INFO] IPUIPlugin:80 - create IPUIPlugin
2025-04-12 22:00:59,557 [INFO] PluginManager:220 - loadIPPluginJar : add adc
2025-04-12 22:00:59,587 [INFO] IPUIPlugin:80 - create IPUIPlugin
2025-04-12 22:00:59,587 [INFO] PluginManager:220 - loadIPPluginJar : add aes
2025-04-12 22:00:59,607 [INFO] IPUIPlugin:80 - create IPUIPlugin
2025-04-12 22:00:59,607 [INFO] PluginManager:220 - loadIPPluginJar : add can
2025-04-12 22:00:59,639 [INFO] IPUIPlugin:80 - create IPUIPlugin
2025-04-12 22:00:59,639 [INFO] PluginManager:220 - loadIPPluginJar : add comp
2025-04-12 22:00:59,655 [INFO] IPUIPlugin:80 - create IPUIPlugin
2025-04-12 22:00:59,655 [INFO] PluginManager:220 - loadIPPluginJar : add cryp
2025-04-12 22:00:59,691 [INFO] IPUIPlugin:80 - create IPUIPlugin
2025-04-12 22:00:59,691 [INFO] PluginManager:220 - loadIPPluginJar : add dfsdm
2025-04-12 22:00:59,704 [INFO] IPUIPlugin:80 - create IPUIPlugin
2025-04-12 22:00:59,704 [INFO] PluginManager:220 - loadIPPluginJar : add dma
2025-04-12 22:00:59,740 [INFO] IPUIPlugin:80 - create IPUIPlugin
2025-04-12 22:00:59,740 [INFO] PluginManager:220 - loadIPPluginJar : add dma3
2025-04-12 22:00:59,776 [INFO] IPUIPlugin:80 - create IPUIPlugin
2025-04-12 22:00:59,776 [INFO] PluginManager:220 - loadIPPluginJar : add extmemmanager
2025-04-12 22:00:59,792 [INFO] IPUIPlugin:80 - create IPUIPlugin
2025-04-12 22:00:59,792 [INFO] PluginManager:220 - loadIPPluginJar : add fatfs
2025-04-12 22:00:59,830 [INFO] IPUIPlugin:80 - create IPUIPlugin
2025-04-12 22:00:59,830 [INFO] PluginManager:220 - loadIPPluginJar : add fmc
2025-04-12 22:00:59,846 [INFO] IPUIPlugin:80 - create IPUIPlugin
2025-04-12 22:00:59,846 [INFO] PluginManager:220 - loadIPPluginJar : add freertos
2025-04-12 22:00:59,862 [INFO] IPUIPlugin:80 - create IPUIPlugin
2025-04-12 22:00:59,862 [INFO] PluginManager:220 - loadIPPluginJar : add genericplugin
2025-04-12 22:00:59,925 [INFO] IPUIPlugin:80 - create IPUIPlugin
2025-04-12 22:00:59,933 [INFO] PluginManager:220 - loadIPPluginJar : add gfxmmu
2025-04-12 22:01:00,036 [INFO] IPUIPlugin:80 - create IPUIPlugin
2025-04-12 22:01:00,036 [INFO] PluginManager:220 - loadIPPluginJar : add gic
2025-04-12 22:01:00,049 [INFO] IPUIPlugin:80 - create IPUIPlugin
2025-04-12 22:01:00,049 [INFO] PluginManager:220 - loadIPPluginJar : add gpio
2025-04-12 22:01:00,116 [INFO] IPUIPlugin:80 - create IPUIPlugin
2025-04-12 22:01:00,116 [INFO] PluginManager:220 - loadIPPluginJar : add gtzc
2025-04-12 22:01:00,142 [INFO] IPUIPlugin:80 - create IPUIPlugin
2025-04-12 22:01:00,142 [INFO] PluginManager:220 - loadIPPluginJar : add hash
2025-04-12 22:01:00,186 [INFO] IPUIPlugin:80 - create IPUIPlugin
2025-04-12 22:01:00,186 [INFO] PluginManager:220 - loadIPPluginJar : add i2c
2025-04-12 22:01:00,221 [INFO] IPUIPlugin:80 - create IPUIPlugin
2025-04-12 22:01:00,221 [INFO] PluginManager:220 - loadIPPluginJar : add i2s
2025-04-12 22:01:00,255 [INFO] IPUIPlugin:80 - create IPUIPlugin
2025-04-12 22:01:00,255 [INFO] PluginManager:220 - loadIPPluginJar : add i3c
2025-04-12 22:01:00,322 [INFO] IPUIPlugin:80 - create IPUIPlugin
2025-04-12 22:01:00,322 [INFO] PluginManager:220 - loadIPPluginJar : add ipddr
2025-04-12 22:01:00,401 [INFO] IPUIPlugin:80 - create IPUIPlugin
2025-04-12 22:01:00,401 [INFO] PluginManager:220 - loadIPPluginJar : add linkedlist
2025-04-12 22:01:00,436 [INFO] IPUIPlugin:80 - create IPUIPlugin
2025-04-12 22:01:00,436 [INFO] PluginManager:220 - loadIPPluginJar : add lorawan
2025-04-12 22:01:00,464 [INFO] IPUIPlugin:80 - create IPUIPlugin
2025-04-12 22:01:00,464 [INFO] PluginManager:220 - loadIPPluginJar : add ltdc
2025-04-12 22:01:00,473 [INFO] IPUIPlugin:80 - create IPUIPlugin
2025-04-12 22:01:00,473 [INFO] PluginManager:220 - loadIPPluginJar : add mdma
2025-04-12 22:01:00,490 [INFO] IPUIPlugin:80 - create IPUIPlugin
2025-04-12 22:01:00,490 [INFO] PluginManager:220 - loadIPPluginJar : add nvic
2025-04-12 22:01:00,521 [INFO] IPUIPlugin:80 - create IPUIPlugin
2025-04-12 22:01:00,521 [INFO] PluginManager:220 - loadIPPluginJar : add opamp
2025-04-12 22:01:00,558 [INFO] IPUIPlugin:80 - create IPUIPlugin
2025-04-12 22:01:00,558 [INFO] PluginManager:220 - loadIPPluginJar : add openamp
2025-04-12 22:01:00,603 [INFO] IPUIPlugin:80 - create IPUIPlugin
2025-04-12 22:01:00,603 [INFO] PluginManager:220 - loadIPPluginJar : add pdm2pcm
2025-04-12 22:01:00,618 [INFO] IPUIPlugin:80 - create IPUIPlugin
2025-04-12 22:01:00,618 [INFO] PluginManager:220 - loadIPPluginJar : add plateformsettings
2025-04-12 22:01:00,638 [INFO] IPUIPlugin:80 - create IPUIPlugin
2025-04-12 22:01:00,638 [INFO] PluginManager:220 - loadIPPluginJar : add quadspi
2025-04-12 22:01:00,648 [INFO] IPUIPlugin:80 - create IPUIPlugin
2025-04-12 22:01:00,648 [INFO] PluginManager:220 - loadIPPluginJar : add resmgrutility
2025-04-12 22:01:00,686 [INFO] IPUIPlugin:80 - create IPUIPlugin
2025-04-12 22:01:00,686 [INFO] PluginManager:220 - loadIPPluginJar : add sai
2025-04-12 22:01:00,718 [INFO] IPUIPlugin:80 - create IPUIPlugin
2025-04-12 22:01:00,718 [INFO] PluginManager:220 - loadIPPluginJar : add spi
2025-04-12 22:01:00,765 [INFO] IPUIPlugin:80 - create IPUIPlugin
2025-04-12 22:01:00,765 [INFO] PluginManager:220 - loadIPPluginJar : add stm32_wpan
2025-04-12 22:01:00,792 [INFO] IPUIPlugin:80 - create IPUIPlugin
2025-04-12 22:01:00,792 [INFO] PluginManager:220 - loadIPPluginJar : add tim
2025-04-12 22:01:00,839 [INFO] IPUIPlugin:80 - create IPUIPlugin
2025-04-12 22:01:00,839 [INFO] PluginManager:220 - loadIPPluginJar : add touchsensing
2025-04-12 22:01:00,860 [INFO] IPUIPlugin:80 - create IPUIPlugin
2025-04-12 22:01:00,860 [INFO] PluginManager:220 - loadIPPluginJar : add tracer_emb
2025-04-12 22:01:00,876 [INFO] IPUIPlugin:80 - create IPUIPlugin
2025-04-12 22:01:00,876 [INFO] PluginManager:220 - loadIPPluginJar : add ts
2025-04-12 22:01:00,902 [INFO] IPUIPlugin:80 - create IPUIPlugin
2025-04-12 22:01:00,902 [INFO] PluginManager:220 - loadIPPluginJar : add tsc
2025-04-12 22:01:00,923 [INFO] IPUIPlugin:80 - create IPUIPlugin
2025-04-12 22:01:00,923 [INFO] PluginManager:220 - loadIPPluginJar : add ucpd
2025-04-12 22:01:00,955 [INFO] IPUIPlugin:80 - create IPUIPlugin
2025-04-12 22:01:00,955 [INFO] PluginManager:220 - loadIPPluginJar : add usart
2025-04-12 22:01:01,002 [INFO] IPUIPlugin:80 - create IPUIPlugin
2025-04-12 22:01:01,002 [INFO] PluginManager:220 - loadIPPluginJar : add usbx
2025-04-12 22:01:01,117 [INFO] CADModel:165 - CPN selected for project level
2025-04-12 22:01:01,117 [INFO] CADModel:114 - Register for checkConnection events
2025-04-12 22:01:01,117 [FATAL] Updater:308 - Updater called before beeing initialized
2025-04-12 22:01:01,117 [ERROR] CADModel:125 - Updater not yet initialized, retry later 
2025-04-12 22:01:01,246 [INFO] CADModel:165 - CPN selected for project level
2025-04-12 22:01:01,246 [INFO] CADModel:114 - Register for checkConnection events
2025-04-12 22:01:01,246 [FATAL] Updater:308 - Updater called before beeing initialized
2025-04-12 22:01:01,246 [ERROR] CADModel:125 - Updater not yet initialized, retry later 
2025-04-12 22:01:01,246 [FATAL] Updater:308 - Updater called before beeing initialized
2025-04-12 22:01:01,326 [FATAL] Updater:308 - Updater called before beeing initialized
2025-04-12 22:01:01,346 [INFO] DbMcusAds:53 - JSON generation date=Thu Mar 06 21:54:21 ICT 2025 (1741272861825)
2025-04-12 22:01:01,346 [FATAL] Updater:308 - Updater called before beeing initialized
2025-04-12 22:01:01,416 [WARN] DetailPanel:346 - Failed to get advertising image, set to default
2025-04-12 22:01:01,469 [FATAL] Updater:308 - Updater called before beeing initialized
2025-04-12 22:01:01,469 [FATAL] Updater:308 - Updater called before beeing initialized
2025-04-12 22:01:01,469 [FATAL] Updater:308 - Updater called before beeing initialized
2025-04-12 22:01:01,469 [WARN] DetailPanel:346 - Failed to get advertising image, set to default
2025-04-12 22:01:01,469 [FATAL] Updater:308 - Updater called before beeing initialized
2025-04-12 22:01:01,518 [ERROR] Updater:1120 - MainUpdater not yet initialized. External WinMGr cannot be set.
2025-04-12 22:01:01,533 [INFO] Updater:1056 - Updater Version found : 6.11.1
2025-04-12 22:01:01,552 [INFO] ApplicationProperties:184 - Using Application install path: C:\ST\STM32CubeIDE_1.15.1\STM32CubeIDE\plugins\com.st.stm32cube.common.mx_6.11.1.202404110753
2025-04-12 22:01:02,102 [INFO] ThirdPartyUpdaterWithRetryManager:70 - Updater plugin not ready yet. [2/15]
2025-04-12 22:01:02,476 [INFO] MainUpdater:2873 - connection check result : 10
2025-04-12 22:01:02,476 [INFO] MainUpdater:3567 - Updater definition file requires update
2025-04-12 22:01:02,477 [INFO] MainUpdater:290 - Updater Check For Update Now.
2025-04-12 22:01:02,477 [INFO] MicroXplorer:498 - Change Database Version : DB.6.0.111
2025-04-12 22:01:02,494 [INFO] McuFinderGlobals:63 - Set McuFinder mode to 2 (CubeIDE integrated)
2025-04-12 22:01:02,499 [INFO] UserAuth:415 - Internet connection configuration mode: 1
2025-04-12 22:01:02,523 [INFO] JxBrowserEngine:152 - Initiate JxBrowser Engine with user profile folder
2025-04-12 22:01:02,891 [INFO] ServerAccessManage:473 - Download File updaters.zip
2025-04-12 22:01:03,729 [INFO] FileExtend:240 - Unzip File : updaters.zip
2025-04-12 22:01:03,729 [INFO] FileExtend:255 - Standard Zip Deflate
2025-04-12 22:01:04,800 [INFO] ServerAccessManage:473 - Download File PacksControlFlags.xml
2025-04-12 22:01:05,118 [WARN] MainUpdater:1194 - Updater busy. Cannot search thirdparties
2025-04-12 22:01:05,118 [INFO] ThirdPartyUpdaterWithRetryManager:96 - Updater plugin is busy. [1/15]
2025-04-12 22:01:05,404 [INFO] ServerAccessManage:473 - Download File cubemx.pidx
2025-04-12 22:01:05,499 [INFO] LoadServerUpdatesThread:375 - End of LoadServerUpdate Thread
2025-04-12 22:01:05,677 [INFO] CheckServerUpdateThread:120 - End of CheckServer Thread
2025-04-12 22:01:06,349 [INFO] WebApp:161 - Instantiating new browser for Auth
2025-04-12 22:01:06,843 [INFO] WebApp:779 - Register for checkConnection events
2025-04-12 22:01:06,843 [INFO] WebApp:414 - Apply proxy settings
2025-04-12 22:01:06,843 [INFO] WebApp:499 - Chromium requires no authentication
2025-04-12 22:01:06,848 [INFO] WebApp:442 - Direct internet connection detected
2025-04-12 22:01:06,959 [INFO] WebApp:192 - Starting web application
2025-04-12 22:01:06,959 [INFO] WebApp:544 - Web application path used C:\ST\STM32CubeIDE_1.15.1\STM32CubeIDE\plugins\com.st.stm32cube.common.mx_6.11.1.202404110753\db\plugins\mcufinder\reactClient1\index.html
2025-04-12 22:01:08,343 [WARN] PackLoader:240 - Cannot read IP mode file for STMicroelectronics.FP-SNS-MOTENVWB1.1.4.0
2025-04-12 22:01:08,359 [WARN] PackLoader:240 - Cannot read IP mode file for STMicroelectronics.FP-ATR-ASTRA1.2.0.2
2025-04-12 22:01:08,371 [WARN] PackLoader:240 - Cannot read IP mode file for STMicroelectronics.FP-ATR-ASTRA1.2.0.1
2025-04-12 22:01:08,383 [WARN] PackLoader:240 - Cannot read IP mode file for STMicroelectronics.X-CUBE-SMBUS.2.1.0
2025-04-12 22:01:08,397 [WARN] PackLoader:240 - Cannot read IP mode file for STMicroelectronics.X-CUBE-WB05N.1.1.0
2025-04-12 22:01:08,410 [WARN] PackLoader:240 - Cannot read IP mode file for STMicroelectronics.X-CUBE-TOUCHGFX.4.23.2
2025-04-12 22:01:08,440 [WARN] PackLoader:240 - Cannot read IP mode file for STMicroelectronics.X-CUBE-AZRTOS-F7.1.1.0
2025-04-12 22:01:08,524 [WARN] PackLoader:240 - Cannot read IP mode file for STMicroelectronics.X-CUBE-MEMS1.11.0.0
2025-04-12 22:01:08,692 [WARN] PackLoader:240 - Cannot read IP mode file for STMicroelectronics.FP-SNS-FLIGHT1.5.0.2
2025-04-12 22:01:08,724 [WARN] PackLoader:240 - Cannot read IP mode file for STMicroelectronics.X-CUBE-DISPLAY.3.0.0
2025-04-12 22:01:08,757 [WARN] PackLoader:240 - Cannot read IP mode file for STMicroelectronics.X-CUBE-BLE1.7.0.0
2025-04-12 22:01:08,783 [WARN] PackLoader:240 - Cannot read IP mode file for STMicroelectronics.X-CUBE-NFC10.1.0.0
2025-04-12 22:01:08,810 [WARN] PackLoader:240 - Cannot read IP mode file for STMicroelectronics.X-CUBE-BLEMGR.4.0.0
2025-04-12 22:01:08,837 [WARN] PackLoader:240 - Cannot read IP mode file for emotas.I-CUBE-CANOPEN.1.3.0
2025-04-12 22:01:08,861 [WARN] PackLoader:240 - Cannot read IP mode file for STMicroelectronics.X-CUBE-BLEMGR.3.1.0
2025-04-12 22:01:08,882 [WARN] PackLoader:240 - Cannot read IP mode file for STMicroelectronics.X-CUBE-AI.10.0.0
2025-04-12 22:01:08,907 [WARN] PackLoader:240 - Cannot read IP mode file for STMicroelectronics.FP-SNS-SMARTAG2.1.2.0
2025-04-12 22:01:08,927 [ERROR] Engine:466 - C:\Users\Iris\.stm32cubemx\thirdparties\pdsc\STMicroelectronics.FP-SNS-FLIGHT1.5.1.0.pdsc: PDSC version is not supported
2025-04-12 22:01:09,005 [WARN] PackLoader:240 - Cannot read IP mode file for STMicroelectronics.X-CUBE-MEMS1.11.1.0
2025-04-12 22:01:09,163 [INFO] LogOutputStream:77 - [STDOUT_REDIRECT] 1 : Invalid condition id : UX_CORESTACK_Condition cause : null
2025-04-12 22:01:09,164 [INFO] LogOutputStream:77 - [STDOUT_REDIRECT] 1 : Invalid condition id : UX_CORESTACK_Condition cause : null
2025-04-12 22:01:09,164 [INFO] LogOutputStream:77 - [STDOUT_REDIRECT] 1 : Invalid condition id : UX_CORESTACK_Condition cause : null
2025-04-12 22:01:09,166 [INFO] LogOutputStream:77 - [STDOUT_REDIRECT] 1 : Invalid condition id : UX_CORESTACK_Condition cause : null
2025-04-12 22:01:09,167 [INFO] LogOutputStream:77 - [STDOUT_REDIRECT] 1 : Invalid condition id : UX_CORESTACK_Condition cause : null
2025-04-12 22:01:09,170 [WARN] PackLoader:240 - Cannot read IP mode file for STMicroelectronics.X-CUBE-AZRTOS-WL.2.0.0
2025-04-12 22:01:09,201 [WARN] PackLoader:240 - Cannot read IP mode file for STMicroelectronics.FP-SNS-MOTENV1.5.0.0
2025-04-12 22:01:09,230 [WARN] PackLoader:240 - Cannot read IP mode file for wolfSSL.I-CUBE-wolfMQTT.1.19.0
2025-04-12 22:01:09,268 [WARN] PackLoader:240 - Cannot read IP mode file for WES.I-CUBE-Cesium.1.3.0
2025-04-12 22:01:09,298 [WARN] PackLoader:240 - Cannot read IP mode file for STMicroelectronics.X-CUBE-BLE2.3.3.0
2025-04-12 22:01:09,329 [WARN] PackLoader:240 - Cannot read IP mode file for STMicroelectronics.X-CUBE-NFC9.1.0.0
2025-04-12 22:01:09,364 [WARN] PackLoader:240 - Cannot read IP mode file for STMicroelectronics.X-CUBE-BLE1.7.1.0
2025-04-12 22:01:09,389 [WARN] PackLoader:240 - Cannot read IP mode file for STMicroelectronics.X-CUBE-TCPP.4.1.0
2025-04-12 22:01:09,429 [WARN] PackLoader:240 - Cannot read IP mode file for STMicroelectronics.X-CUBE-AZRTOS-G0.1.1.0
2025-04-12 22:01:09,465 [WARN] PackLoader:240 - Cannot read IP mode file for STMicroelectronics.X-CUBE-SAFEA1.1.2.2
2025-04-12 22:01:09,488 [WARN] PackLoader:240 - Cannot read IP mode file for STMicroelectronics.X-CUBE-NFC4.3.0.0
2025-04-12 22:01:09,504 [WARN] PackLoader:240 - Cannot read IP mode file for EmbeddedOffice.I-CUBE-FS-RTOS.1.0.1
2025-04-12 22:01:09,504 [ERROR] ConditionMgr:805 - Attr not supported : Dmpu
2025-04-12 22:01:09,504 [ERROR] ConditionMgr:805 - Attr not supported : Dmpu
2025-04-12 22:01:09,504 [ERROR] ConditionMgr:805 - Attr not supported : Dmpu
2025-04-12 22:01:09,505 [ERROR] ConditionMgr:805 - Attr not supported : Dmpu
2025-04-12 22:01:09,505 [ERROR] ConditionMgr:805 - Attr not supported : Dmpu
2025-04-12 22:01:09,505 [ERROR] ConditionMgr:805 - Attr not supported : Dmpu
2025-04-12 22:01:09,505 [ERROR] ConditionMgr:805 - Attr not supported : Dmpu
2025-04-12 22:01:09,505 [ERROR] ConditionMgr:805 - Attr not supported : Dmpu
2025-04-12 22:01:09,505 [ERROR] ConditionMgr:805 - Attr not supported : Dmpu
2025-04-12 22:01:09,505 [ERROR] ConditionMgr:805 - Attr not supported : Dmpu
2025-04-12 22:01:09,505 [ERROR] ConditionMgr:805 - Attr not supported : Dmpu
2025-04-12 22:01:09,505 [ERROR] ConditionMgr:805 - Attr not supported : Dmpu
2025-04-12 22:01:09,505 [ERROR] ConditionMgr:805 - Attr not supported : Dmpu
2025-04-12 22:01:09,505 [ERROR] ConditionMgr:805 - Attr not supported : Dmpu
2025-04-12 22:01:09,506 [ERROR] ConditionMgr:805 - Attr not supported : Dmpu
2025-04-12 22:01:09,506 [ERROR] ConditionMgr:805 - Attr not supported : Dmpu
2025-04-12 22:01:09,506 [ERROR] ConditionMgr:805 - Attr not supported : Dmpu
2025-04-12 22:01:09,506 [ERROR] ConditionMgr:805 - Attr not supported : Dmpu
2025-04-12 22:01:09,506 [ERROR] ConditionMgr:805 - Attr not supported : Dmpu
2025-04-12 22:01:09,506 [ERROR] ConditionMgr:805 - Attr not supported : Dmpu
2025-04-12 22:01:09,506 [ERROR] ConditionMgr:805 - Attr not supported : Dmpu
2025-04-12 22:01:09,506 [ERROR] ConditionMgr:805 - Attr not supported : Dmpu
2025-04-12 22:01:09,506 [ERROR] ConditionMgr:805 - Attr not supported : Dmpu
2025-04-12 22:01:09,506 [ERROR] ConditionMgr:805 - Attr not supported : Dmpu
2025-04-12 22:01:09,506 [ERROR] ConditionMgr:805 - Attr not supported : Dmpu
2025-04-12 22:01:09,506 [ERROR] ConditionMgr:805 - Attr not supported : Dmpu
2025-04-12 22:01:09,506 [ERROR] ConditionMgr:805 - Attr not supported : Dmpu
2025-04-12 22:01:09,506 [ERROR] ConditionMgr:805 - Attr not supported : Dmpu
2025-04-12 22:01:09,506 [ERROR] ConditionMgr:805 - Attr not supported : Dmpu
2025-04-12 22:01:09,506 [ERROR] ConditionMgr:805 - Attr not supported : Dmpu
2025-04-12 22:01:09,506 [ERROR] ConditionMgr:805 - Attr not supported : Dmpu
2025-04-12 22:01:09,506 [ERROR] ConditionMgr:805 - Attr not supported : Dmpu
2025-04-12 22:01:09,506 [ERROR] ConditionMgr:805 - Attr not supported : Dmpu
2025-04-12 22:01:09,506 [ERROR] ConditionMgr:805 - Attr not supported : Dmpu
2025-04-12 22:01:09,506 [ERROR] ConditionMgr:805 - Attr not supported : Dmpu
2025-04-12 22:01:09,506 [ERROR] ConditionMgr:805 - Attr not supported : Dmpu
2025-04-12 22:01:09,506 [ERROR] ConditionMgr:805 - Attr not supported : Dmpu
2025-04-12 22:01:09,506 [ERROR] ConditionMgr:805 - Attr not supported : Dmpu
2025-04-12 22:01:09,507 [ERROR] ConditionMgr:805 - Attr not supported : Dmpu
2025-04-12 22:01:09,507 [ERROR] ConditionMgr:805 - Attr not supported : Dmpu
2025-04-12 22:01:09,507 [ERROR] ConditionMgr:805 - Attr not supported : Dmpu
2025-04-12 22:01:09,507 [ERROR] ConditionMgr:805 - Attr not supported : Dmpu
2025-04-12 22:01:09,507 [ERROR] ConditionMgr:805 - Attr not supported : Dmpu
2025-04-12 22:01:09,507 [ERROR] ConditionMgr:805 - Attr not supported : Dmpu
2025-04-12 22:01:09,507 [ERROR] ConditionMgr:805 - Attr not supported : Dmpu
2025-04-12 22:01:09,507 [ERROR] ConditionMgr:805 - Attr not supported : Dmpu
2025-04-12 22:01:09,507 [ERROR] ConditionMgr:805 - Attr not supported : Dmpu
2025-04-12 22:01:09,507 [ERROR] ConditionMgr:805 - Attr not supported : Dmpu
2025-04-12 22:01:09,507 [ERROR] ConditionMgr:805 - Attr not supported : Dmpu
2025-04-12 22:01:09,507 [ERROR] ConditionMgr:805 - Attr not supported : Dmpu
2025-04-12 22:01:09,507 [ERROR] ConditionMgr:805 - Attr not supported : Dmpu
2025-04-12 22:01:09,507 [ERROR] ConditionMgr:805 - Attr not supported : Dmpu
2025-04-12 22:01:09,507 [ERROR] ConditionMgr:805 - Attr not supported : Dmpu
2025-04-12 22:01:09,507 [ERROR] ConditionMgr:805 - Attr not supported : Dmpu
2025-04-12 22:01:09,507 [ERROR] ConditionMgr:805 - Attr not supported : Dmpu
2025-04-12 22:01:09,507 [ERROR] ConditionMgr:805 - Attr not supported : Dmpu
2025-04-12 22:01:09,507 [ERROR] ConditionMgr:805 - Attr not supported : Dmpu
2025-04-12 22:01:09,507 [ERROR] ConditionMgr:805 - Attr not supported : Dmpu
2025-04-12 22:01:09,507 [ERROR] ConditionMgr:805 - Attr not supported : Dmpu
2025-04-12 22:01:09,507 [ERROR] ConditionMgr:805 - Attr not supported : Dmpu
2025-04-12 22:01:09,507 [ERROR] ConditionMgr:805 - Attr not supported : Dmpu
2025-04-12 22:01:09,507 [ERROR] ConditionMgr:805 - Attr not supported : Dmpu
2025-04-12 22:01:09,507 [ERROR] ConditionMgr:805 - Attr not supported : Dmpu
2025-04-12 22:01:09,507 [ERROR] ConditionMgr:805 - Attr not supported : Dmpu
2025-04-12 22:01:09,519 [ERROR] Engine:466 - C:\Users\Iris\.stm32cubemx\thirdparties\pdsc\STMicroelectronics.X-CUBE-TCPP.4.2.0.pdsc: PDSC version is not supported
2025-04-12 22:01:09,532 [WARN] PackLoader:240 - Cannot read IP mode file for RealThread.X-CUBE-RT-Thread_Nano.4.1.1
2025-04-12 22:01:09,544 [WARN] PackLoader:240 - Cannot read IP mode file for wolfSSL.I-CUBE-wolfSSL.5.7.0
2025-04-12 22:01:09,554 [WARN] PackLoader:240 - Cannot read IP mode file for STMicroelectronics.FP-ATR-SIGFOX1.3.2.0
2025-04-12 22:01:09,569 [WARN] ConditionMgr:438 - getConditionDescription Invalid condition id : Cortex-A Device cause : null
2025-04-12 22:01:09,590 [WARN] ConditionMgr:1039 - genDependencies : Invalid condition id : Cortex-A Device cause : null
2025-04-12 22:01:09,590 [WARN] ConditionMgr:1039 - genDependencies : Invalid condition id : Cortex-A Device cause : null
2025-04-12 22:01:09,590 [WARN] ConditionMgr:1039 - genDependencies : Invalid condition id : Cortex-A Device cause : null
2025-04-12 22:01:09,606 [WARN] PackLoader:240 - Cannot read IP mode file for STMicroelectronics.X-CUBE-EEPRMA1.5.1.0
2025-04-12 22:01:09,622 [WARN] PackLoader:240 - Cannot read IP mode file for ITTIA_DB.I-CUBE-ITTIADB.8.9.0
2025-04-12 22:01:09,670 [WARN] PackLoader:240 - Cannot read IP mode file for SEGGER.I-CUBE-embOS.1.3.1
2025-04-12 22:01:09,740 [WARN] PackLoader:240 - Cannot read IP mode file for STMicroelectronics.X-CUBE-ALGOBUILD.1.4.0
2025-04-12 22:01:09,765 [WARN] PackLoader:240 - Cannot read IP mode file for STMicroelectronics.X-CUBE-AI.9.1.0
2025-04-12 22:01:09,787 [WARN] PackLoader:240 - Cannot read IP mode file for STMicroelectronics.X-CUBE-GNSS1.6.0.0
2025-04-12 22:01:09,821 [WARN] PackLoader:240 - Cannot read IP mode file for STMicroelectronics.X-CUBE-AZRTOS-F4.1.1.0
2025-04-12 22:01:09,838 [WARN] PackLoader:240 - Cannot read IP mode file for STMicroelectronics.X-CUBE-ISPU.2.1.0
2025-04-12 22:01:09,860 [WARN] PackLoader:240 - Cannot read IP mode file for STMicroelectronics.X-CUBE-FREERTOS.1.2.0
2025-04-12 22:01:09,898 [WARN] PackLoader:240 - Cannot read IP mode file for STMicroelectronics.X-CUBE-AZRTOS-L5.2.0.0
2025-04-12 22:01:09,920 [WARN] PackLoader:240 - Cannot read IP mode file for STMicroelectronics.X-CUBE-NFC6.3.1.0
2025-04-12 22:01:09,943 [WARN] PackLoader:240 - Cannot read IP mode file for STMicroelectronics.X-CUBE-DPower.1.2.0
2025-04-12 22:01:09,964 [WARN] PackLoader:240 - Cannot read IP mode file for STMicroelectronics.X-CUBE-AI.9.0.0
2025-04-12 22:01:09,982 [WARN] PackLoader:240 - Cannot read IP mode file for STMicroelectronics.X-CUBE-FREERTOS.1.3.0
2025-04-12 22:01:10,004 [WARN] PackLoader:240 - Cannot read IP mode file for STMicroelectronics.X-CUBE-NFC7.1.0.1
2025-04-12 22:01:10,027 [WARN] PackLoader:240 - Cannot read IP mode file for STMicroelectronics.X-CUBE-DPower.1.3.0
2025-04-12 22:01:10,060 [WARN] ConditionMgr:438 - getConditionDescription Invalid condition id : LAN8742 Phy interface Condition cause : null
2025-04-12 22:01:10,060 [WARN] PackLoader:240 - Cannot read IP mode file for STMicroelectronics.X-CUBE-AZRTOS-L4.2.0.0
2025-04-12 22:01:10,061 [WARN] ConditionMgr:1039 - genDependencies : Invalid condition id : LAN8742 Phy interface Condition cause : null
2025-04-12 22:01:10,061 [WARN] ConditionMgr:1039 - genDependencies : Invalid condition id : LAN8742 Phy interface Condition cause : null
2025-04-12 22:01:10,062 [WARN] ConditionMgr:1039 - genDependencies : Invalid condition id : LAN8742 Phy interface Condition cause : null
2025-04-12 22:01:10,085 [WARN] PackLoader:240 - Cannot read IP mode file for STMicroelectronics.X-CUBE-SFXS2LP1.4.0.0
2025-04-12 22:01:10,113 [WARN] PackLoader:240 - Cannot read IP mode file for STMicroelectronics.X-CUBE-AZRTOS-H7.3.3.0
2025-04-12 22:01:10,148 [WARN] PackLoader:240 - Cannot read IP mode file for STMicroelectronics.X-CUBE-IPS.3.0.0
2025-04-12 22:01:10,187 [WARN] ConditionMgr:438 - getConditionDescription Invalid condition id : UX DEVICE CLASS RTOS Condition cause : null
2025-04-12 22:01:10,189 [WARN] ConditionMgr:438 - getConditionDescription Invalid condition id : UX DEVICE CLASS RTOS Condition cause : null
2025-04-12 22:01:10,191 [WARN] PackLoader:240 - Cannot read IP mode file for STMicroelectronics.X-CUBE-AZRTOS-WB.2.0.0
2025-04-12 22:01:10,191 [WARN] ConditionMgr:1039 - genDependencies : Invalid condition id : UX DEVICE CLASS RTOS Condition cause : null
2025-04-12 22:01:10,191 [WARN] ConditionMgr:1039 - genDependencies : Invalid condition id : UX DEVICE CLASS RTOS Condition cause : null
2025-04-12 22:01:10,191 [WARN] ConditionMgr:1039 - genDependencies : Invalid condition id : UX DEVICE CLASS RTOS Condition cause : null
2025-04-12 22:01:10,191 [WARN] ConditionMgr:1039 - genDependencies : Invalid condition id : UX DEVICE CLASS RTOS Condition cause : null
2025-04-12 22:01:10,191 [WARN] ConditionMgr:1039 - genDependencies : Invalid condition id : UX DEVICE CLASS RTOS Condition cause : null
2025-04-12 22:01:10,209 [WARN] PackLoader:240 - Cannot read IP mode file for STMicroelectronics.X-CUBE-GNSS1.7.0.0
2025-04-12 22:01:10,226 [WARN] PackLoader:240 - Cannot read IP mode file for STMicroelectronics.X-CUBE-GNSS1.7.0.1
2025-04-12 22:01:10,240 [WARN] PackLoader:240 - Cannot read IP mode file for STMicroelectronics.X-CUBE-TOUCHGFX.4.25.0
2025-04-12 22:01:10,255 [WARN] PackLoader:240 - Cannot read IP mode file for STMicroelectronics.FP-SNS-STBOX1.2.0.0
2025-04-12 22:01:10,275 [WARN] PackLoader:240 - Cannot read IP mode file for STMicroelectronics.X-CUBE-SUBG2.5.0.0
2025-04-12 22:01:10,303 [WARN] PackLoader:240 - Cannot read IP mode file for STMicroelectronics.X-CUBE-AZRTOS-H7RS.1.1.0
2025-04-12 22:01:10,318 [WARN] PackLoader:240 - Cannot read IP mode file for Cesanta.I-CUBE-Mongoose.7.13.0
2025-04-12 22:01:10,340 [WARN] PackLoader:240 - Cannot read IP mode file for STMicroelectronics.X-CUBE-AZRTOS-G4.2.0.0
2025-04-12 22:01:10,355 [WARN] PackLoader:240 - Cannot read IP mode file for STMicroelectronics.X-CUBE-ISPU.2.0.0
2025-04-12 22:01:10,371 [ERROR] Engine:466 - C:\Users\Iris\.stm32cubemx\thirdparties\pdsc\STMicroelectronics.X-CUBE-IPS.3.1.0.pdsc: PDSC version is not supported
2025-04-12 22:01:10,384 [WARN] PackLoader:240 - Cannot read IP mode file for STMicroelectronics.X-CUBE-ALS.1.0.2
2025-04-12 22:01:10,424 [WARN] PackLoader:240 - Cannot read IP mode file for STMicroelectronics.X-CUBE-MEMS1.10.0.0
2025-04-12 22:01:10,504 [WARN] PackLoader:240 - Cannot read IP mode file for STMicroelectronics.X-CUBE-TOUCHGFX.4.24.0
2025-04-12 22:01:10,523 [WARN] PackLoader:240 - Cannot read IP mode file for STMicroelectronics.X-CUBE-TOUCHGFX.4.24.2
2025-04-12 22:01:10,540 [WARN] PackLoader:240 - Cannot read IP mode file for STMicroelectronics.X-CUBE-TOUCHGFX.4.24.1
2025-04-12 22:01:10,555 [WARN] PackLoader:240 - Cannot read IP mode file for wolfSSL.I-CUBE-wolfTPM.3.4.0
2025-04-12 22:01:10,566 [WARN] PackLoader:240 - Cannot read IP mode file for portGmbH.I-Cube-SoM-uGOAL.1.1.0
2025-04-12 22:01:10,587 [WARN] PackLoader:240 - Cannot read IP mode file for STMicroelectronics.X-CUBE-AZRTOS-H7RS.1.0.0
2025-04-12 22:01:10,598 [WARN] PackLoader:240 - Cannot read IP mode file for STMicroelectronics.FP-ATR-ASTRA1.2.0.0
2025-04-12 22:01:10,614 [WARN] PackLoader:240 - Cannot read IP mode file for STMicroelectronics.X-CUBE-TOF1.3.4.2
2025-04-12 22:01:10,636 [WARN] PackLoader:240 - Cannot read IP mode file for STMicroelectronics.X-CUBE-TOF1.3.4.1
2025-04-12 22:01:10,668 [WARN] PackLoader:240 - Cannot read IP mode file for STMicroelectronics.X-CUBE-AZRTOS-H7.3.2.0
2025-04-12 22:01:10,690 [WARN] PackLoader:240 - Cannot read IP mode file for Infineon.AIROC-Wi-Fi-Bluetooth-STM32.1.6.0
2025-04-12 22:01:10,708 [WARN] PackLoader:240 - Cannot read IP mode file for wolfSSL.I-CUBE-wolfSSH.1.4.17
2025-04-12 22:01:10,708 [INFO] ThirdParty:978 - Integrity check success = true
2025-04-12 22:01:10,709 [INFO] IntegrityCheckThread:100 - exiting critical section [integrity check]
2025-04-12 22:01:10,709 [INFO] IntegrityCheckThread:103 - End integrity checks thread
2025-04-12 22:09:02,562 [ERROR] ConfigurationRetriever:142 - IOException on connection: Read timed out
2025-04-12 22:09:06,401 [ERROR] LogOutputStream:75 - [STDERR_REDIRECT] 
