2025-03-27 17:02:32,969 [INFO] Activator:176 - 


2025-03-27 17:02:32,977 [INFO] Activator:177 - !SESSION log4j initialized
2025-03-27 17:02:39,221 [INFO] LogOutputStream:77 - [STDOUT_REDIRECT] 
2025-03-27 17:02:42,196 [INFO] ApplicationProperties:184 - Using Application install path: C:\ST\STM32CubeIDE_1.15.1\STM32CubeIDE\plugins\com.st.stm32cube.common.mx_6.11.1.202404110753
2025-03-27 17:02:42,217 [INFO] DbMcusXml:78 - Set database path to: C:\ST\STM32CubeIDE_1.15.1\STM32CubeIDE\plugins\com.st.stm32cube.common.mx_6.11.1.202404110753\\db\/mcu/
2025-03-27 17:02:42,217 [INFO] ApiDb:274 - Set plugin database path to: C:\ST\STM32CubeIDE_1.15.1\STM32CubeIDE\plugins\com.st.stm32cube.common.mx_6.11.1.202404110753\\db\/plugins/boardmanager/
2025-03-27 17:02:42,217 [WARN] ApiDb:259 - Overriding images path with different value:  => C:\ST\STM32CubeIDE_1.15.1\STM32CubeIDE\plugins\com.st.stm32cube.common.mx_6.11.1.202404110753\\db\/plugins/mcufinder/images/
2025-03-27 17:02:42,234 [INFO] ApiDb:250 - Set database path to: C:\Users\Iris\.stmcufinder\plugins\mcufinder//mcu/
2025-03-27 17:02:42,237 [INFO] DbMcusAds:125 - Set database path to: C:\Users\Iris\.stmcufinder\plugins\mcufinder//mcu/
2025-03-27 17:02:42,883 [INFO] CrossReferenceDbSqlite:203 - Set database path to: C:\Users\Iris\.stmcufinder\plugins\mcufinder//mcu/cs/
2025-03-27 17:02:42,991 [INFO] RulesReader:64 - Compatibility file has been processed (297 Rules)
2025-03-27 17:02:43,060 [INFO] DbMcusXml:78 - Set database path to: C:\ST\STM32CubeIDE_1.15.1\STM32CubeIDE\plugins\com.st.stm32cube.common.mx_6.11.1.202404110753\\db\/mcu/
2025-03-27 17:02:43,060 [INFO] ApiDb:274 - Set plugin database path to: C:\ST\STM32CubeIDE_1.15.1\STM32CubeIDE\plugins\com.st.stm32cube.common.mx_6.11.1.202404110753\\db\/plugins/boardmanager/
2025-03-27 17:02:43,061 [INFO] ApiDb:261 - Set plugin images path to: C:\ST\STM32CubeIDE_1.15.1\STM32CubeIDE\plugins\com.st.stm32cube.common.mx_6.11.1.202404110753\\db\/plugins/mcufinder/images/
2025-03-27 17:02:43,061 [WARN] DbFile:41 - Overriding database path with different value: C:\Users\Iris\.stmcufinder\plugins\mcufinder/ => C:\Users\Iris\.stmcufinder\plugins\mcufinder
2025-03-27 17:02:43,061 [INFO] ApiDb:250 - Set database path to: C:\Users\Iris\.stmcufinder\plugins\mcufinder//mcu/
2025-03-27 17:02:43,061 [WARN] DbFile:41 - Overriding database path with different value: C:\Users\Iris\.stmcufinder\plugins\mcufinder/ => C:\Users\Iris\.stmcufinder\plugins\mcufinder
2025-03-27 17:02:43,061 [INFO] DbMcusAds:125 - Set database path to: C:\Users\Iris\.stmcufinder\plugins\mcufinder//mcu/
2025-03-27 17:02:43,061 [WARN] DbFile:41 - Overriding database path with different value: C:\Users\Iris\.stmcufinder\plugins\mcufinder/ => C:\Users\Iris\.stmcufinder\plugins\mcufinder
2025-03-27 17:02:43,061 [WARN] DbFile:41 - Overriding database path with different value: C:\Users\Iris\.stmcufinder\plugins\mcufinder/ => C:\Users\Iris\.stmcufinder\plugins\mcufinder
2025-03-27 17:02:43,883 [INFO] CrossReferenceDbSqlite:203 - Set database path to: C:\Users\Iris\.stmcufinder\plugins\mcufinder//mcu/cs/
2025-03-27 17:02:43,953 [INFO] MainPanel:264 - HeapMemory: 268435456
2025-03-27 17:02:44,043 [INFO] DbMcusXml:78 - Set database path to: C:\ST\STM32CubeIDE_1.15.1\STM32CubeIDE\plugins\com.st.stm32cube.common.mx_6.11.1.202404110753\\db\/mcu/
2025-03-27 17:02:44,044 [INFO] ApiDb:274 - Set plugin database path to: C:\ST\STM32CubeIDE_1.15.1\STM32CubeIDE\plugins\com.st.stm32cube.common.mx_6.11.1.202404110753\\db\/plugins/boardmanager/
2025-03-27 17:02:44,044 [INFO] ApiDb:261 - Set plugin images path to: C:\ST\STM32CubeIDE_1.15.1\STM32CubeIDE\plugins\com.st.stm32cube.common.mx_6.11.1.202404110753\\db\/plugins/mcufinder/images/
2025-03-27 17:02:44,044 [WARN] DbFile:41 - Overriding database path with different value: C:\Users\Iris\.stmcufinder\plugins\mcufinder/ => C:\Users\Iris\.stmcufinder\plugins\mcufinder
2025-03-27 17:02:44,044 [INFO] ApiDb:250 - Set database path to: C:\Users\Iris\.stmcufinder\plugins\mcufinder//mcu/
2025-03-27 17:02:44,044 [WARN] DbFile:41 - Overriding database path with different value: C:\Users\Iris\.stmcufinder\plugins\mcufinder/ => C:\Users\Iris\.stmcufinder\plugins\mcufinder
2025-03-27 17:02:44,044 [INFO] DbMcusAds:125 - Set database path to: C:\Users\Iris\.stmcufinder\plugins\mcufinder//mcu/
2025-03-27 17:02:44,044 [WARN] DbFile:41 - Overriding database path with different value: C:\Users\Iris\.stmcufinder\plugins\mcufinder/ => C:\Users\Iris\.stmcufinder\plugins\mcufinder
2025-03-27 17:02:44,044 [WARN] DbFile:41 - Overriding database path with different value: C:\Users\Iris\.stmcufinder\plugins\mcufinder/ => C:\Users\Iris\.stmcufinder\plugins\mcufinder
2025-03-27 17:02:44,883 [INFO] CrossReferenceDbSqlite:203 - Set database path to: C:\Users\Iris\.stmcufinder\plugins\mcufinder//mcu/cs/
2025-03-27 17:02:44,911 [INFO] ApplicationProperties:184 - Using Application install path: C:\ST\STM32CubeIDE_1.15.1\STM32CubeIDE\plugins\com.st.stm32cube.common.mx_6.11.1.202404110753
2025-03-27 17:02:44,914 [INFO] PluginManage:196 - Search for loadable plugins [exclusion list=, ]
2025-03-27 17:02:44,917 [INFO] PluginManage:310 - Check plugin analytics
2025-03-27 17:02:45,940 [INFO] AnalyticsPlugin:253 - Accepted Software Licenses: STM32CubeMX.6.7.0,STM32CubeMX.6.11.1
2025-03-27 17:02:45,941 [INFO] AnalyticsPlugin:255 - Accepted CMSIS Pack Licenses: 
2025-03-27 17:02:45,941 [INFO] AnalyticsPlugin:257 - Accepted Firmware Licenses: FW.F4.1.28.0
2025-03-27 17:02:45,942 [INFO] PluginManage:359 - Loaded plugin analytics (category:tool,tabindex:-1)
2025-03-27 17:02:45,942 [INFO] PluginManage:310 - Check plugin cadmodel
2025-03-27 17:02:45,957 [INFO] CADModel:105 - Init CAD model plugin
2025-03-27 17:02:45,957 [INFO] PluginManage:359 - Loaded plugin cadmodel (category:power,tabindex:5)
2025-03-27 17:02:45,957 [INFO] PluginManage:310 - Check plugin clock
2025-03-27 17:02:45,976 [INFO] PluginManage:359 - Loaded plugin clock (category:base,tabindex:2)
2025-03-27 17:02:45,976 [INFO] PluginManage:310 - Check plugin ddr
2025-03-27 17:02:45,978 [INFO] PluginManage:359 - Loaded plugin ddr (category:tool,tabindex:6)
2025-03-27 17:02:45,978 [INFO] PluginManage:310 - Check plugin filemanager
2025-03-27 17:02:46,082 [INFO] PluginManage:359 - Loaded plugin filemanager (category:base,tabindex:10)
2025-03-27 17:02:46,082 [INFO] PluginManage:310 - Check plugin ipmanager
2025-03-27 17:02:46,088 [INFO] PluginManage:359 - Loaded plugin ipmanager (category:base,tabindex:5)
2025-03-27 17:02:46,088 [INFO] PluginManage:310 - Check plugin lpbam
2025-03-27 17:02:46,104 [INFO] PluginManage:359 - Loaded plugin lpbam (category:base,tabindex:0)
2025-03-27 17:02:46,104 [INFO] PluginManage:310 - Check plugin memorymap
2025-03-27 17:02:46,121 [INFO] PluginManage:359 - Loaded plugin memorymap (category:base,tabindex:4)
2025-03-27 17:02:46,121 [INFO] PluginManage:310 - Check plugin pinoutandconfiguration
2025-03-27 17:02:46,136 [INFO] PluginManage:359 - Loaded plugin pinoutandconfiguration (category:base,tabindex:1)
2025-03-27 17:02:46,136 [INFO] PluginManage:310 - Check plugin pinoutconfig
2025-03-27 17:02:46,213 [WARN] SupportedApi:132 - Cannot load RTOS API schema: s4s-elt-must-match.1: The content of 'definitions' must match (annotation?, (simpleType | complexType)?, (unique | key | keyref)*)). A problem was found starting at: attribute.
2025-03-27 17:02:46,314 [INFO] PluginManage:359 - Loaded plugin pinoutconfig (category:base,tabindex:0)
2025-03-27 17:02:46,314 [INFO] PluginManage:310 - Check plugin power
2025-03-27 17:02:46,331 [INFO] PluginManage:359 - Loaded plugin power (category:power,tabindex:4)
2025-03-27 17:02:46,331 [INFO] PluginManage:310 - Check plugin projectmanager
2025-03-27 17:02:46,344 [INFO] PluginManage:359 - Loaded plugin projectmanager (category:projectmanager,tabindex:3)
2025-03-27 17:02:46,344 [INFO] PluginManage:310 - Check plugin thirdparty
2025-03-27 17:02:46,578 [INFO] PluginManage:359 - Loaded plugin thirdparty (category:base,tabindex:-1)
2025-03-27 17:02:46,578 [INFO] PluginManage:310 - Check plugin tools
2025-03-27 17:02:46,578 [WARN] IntegrityCheckThread:84 - waiting for thirdparty lock release [integrity check]
2025-03-27 17:02:46,579 [INFO] IntegrityCheckThread:86 - entering critical section [integrity check]
2025-03-27 17:02:46,579 [INFO] ThirdPartyUpdaterWithRetryManager:70 - Updater plugin not ready yet. [1/15]
2025-03-27 17:02:46,606 [INFO] PluginManage:359 - Loaded plugin tools (category:base,tabindex:7)
2025-03-27 17:02:46,606 [INFO] PluginManage:310 - Check plugin tutovideos
2025-03-27 17:02:46,790 [INFO] PluginManage:359 - Loaded plugin tutovideos (category:base,tabindex:-1)
2025-03-27 17:02:46,790 [INFO] PluginManage:310 - Check plugin updater
2025-03-27 17:02:46,805 [INFO] PluginManage:359 - Loaded plugin updater (category:base,tabindex:12)
2025-03-27 17:02:46,805 [INFO] PluginManage:310 - Check plugin userauth
2025-03-27 17:02:46,812 [INFO] UserAuth:114 - Init User Auth plugin
2025-03-27 17:02:46,812 [INFO] PluginManage:359 - Loaded plugin userauth (category:base,tabindex:14)
2025-03-27 17:02:46,813 [INFO] PluginManage:283 - PluginManage : Loaded plugins [17]
2025-03-27 17:02:47,008 [INFO] PinOutPanel:1561 - setPackage(No Configuration,No Configuration)
2025-03-27 17:02:47,083 [INFO] CADModel:165 - CPN selected for project level
2025-03-27 17:02:47,083 [INFO] CADModel:114 - Register for checkConnection events
2025-03-27 17:02:47,110 [INFO] IPUIPlugin:80 - create IPUIPlugin
2025-03-27 17:02:47,111 [INFO] PluginManager:220 - loadIPPluginJar : add adc
2025-03-27 17:02:47,146 [INFO] IPUIPlugin:80 - create IPUIPlugin
2025-03-27 17:02:47,146 [INFO] PluginManager:220 - loadIPPluginJar : add aes
2025-03-27 17:02:47,181 [INFO] IPUIPlugin:80 - create IPUIPlugin
2025-03-27 17:02:47,181 [INFO] PluginManager:220 - loadIPPluginJar : add can
2025-03-27 17:02:47,202 [INFO] IPUIPlugin:80 - create IPUIPlugin
2025-03-27 17:02:47,202 [INFO] PluginManager:220 - loadIPPluginJar : add comp
2025-03-27 17:02:47,229 [INFO] IPUIPlugin:80 - create IPUIPlugin
2025-03-27 17:02:47,230 [INFO] PluginManager:220 - loadIPPluginJar : add cryp
2025-03-27 17:02:47,256 [INFO] IPUIPlugin:80 - create IPUIPlugin
2025-03-27 17:02:47,256 [INFO] PluginManager:220 - loadIPPluginJar : add dfsdm
2025-03-27 17:02:47,270 [INFO] IPUIPlugin:80 - create IPUIPlugin
2025-03-27 17:02:47,271 [INFO] PluginManager:220 - loadIPPluginJar : add dma
2025-03-27 17:02:47,320 [INFO] IPUIPlugin:80 - create IPUIPlugin
2025-03-27 17:02:47,320 [INFO] PluginManager:220 - loadIPPluginJar : add dma3
2025-03-27 17:02:47,361 [INFO] IPUIPlugin:80 - create IPUIPlugin
2025-03-27 17:02:47,361 [INFO] PluginManager:220 - loadIPPluginJar : add extmemmanager
2025-03-27 17:02:47,382 [INFO] IPUIPlugin:80 - create IPUIPlugin
2025-03-27 17:02:47,382 [INFO] PluginManager:220 - loadIPPluginJar : add fatfs
2025-03-27 17:02:47,425 [INFO] IPUIPlugin:80 - create IPUIPlugin
2025-03-27 17:02:47,425 [INFO] PluginManager:220 - loadIPPluginJar : add fmc
2025-03-27 17:02:47,439 [INFO] IPUIPlugin:80 - create IPUIPlugin
2025-03-27 17:02:47,439 [INFO] PluginManager:220 - loadIPPluginJar : add freertos
2025-03-27 17:02:47,457 [INFO] IPUIPlugin:80 - create IPUIPlugin
2025-03-27 17:02:47,457 [INFO] PluginManager:220 - loadIPPluginJar : add genericplugin
2025-03-27 17:02:47,528 [INFO] IPUIPlugin:80 - create IPUIPlugin
2025-03-27 17:02:47,529 [INFO] PluginManager:220 - loadIPPluginJar : add gfxmmu
2025-03-27 17:02:47,634 [INFO] IPUIPlugin:80 - create IPUIPlugin
2025-03-27 17:02:47,635 [INFO] PluginManager:220 - loadIPPluginJar : add gic
2025-03-27 17:02:47,648 [INFO] IPUIPlugin:80 - create IPUIPlugin
2025-03-27 17:02:47,648 [INFO] PluginManager:220 - loadIPPluginJar : add gpio
2025-03-27 17:02:47,718 [INFO] IPUIPlugin:80 - create IPUIPlugin
2025-03-27 17:02:47,718 [INFO] PluginManager:220 - loadIPPluginJar : add gtzc
2025-03-27 17:02:47,747 [INFO] IPUIPlugin:80 - create IPUIPlugin
2025-03-27 17:02:47,747 [INFO] PluginManager:220 - loadIPPluginJar : add hash
2025-03-27 17:02:47,791 [INFO] IPUIPlugin:80 - create IPUIPlugin
2025-03-27 17:02:47,791 [INFO] PluginManager:220 - loadIPPluginJar : add i2c
2025-03-27 17:02:47,828 [INFO] IPUIPlugin:80 - create IPUIPlugin
2025-03-27 17:02:47,828 [INFO] PluginManager:220 - loadIPPluginJar : add i2s
2025-03-27 17:02:47,865 [INFO] IPUIPlugin:80 - create IPUIPlugin
2025-03-27 17:02:47,865 [INFO] PluginManager:220 - loadIPPluginJar : add i3c
2025-03-27 17:02:47,956 [INFO] IPUIPlugin:80 - create IPUIPlugin
2025-03-27 17:02:47,956 [INFO] PluginManager:220 - loadIPPluginJar : add ipddr
2025-03-27 17:02:48,033 [INFO] IPUIPlugin:80 - create IPUIPlugin
2025-03-27 17:02:48,033 [INFO] PluginManager:220 - loadIPPluginJar : add linkedlist
2025-03-27 17:02:48,066 [INFO] IPUIPlugin:80 - create IPUIPlugin
2025-03-27 17:02:48,066 [INFO] PluginManager:220 - loadIPPluginJar : add lorawan
2025-03-27 17:02:48,108 [INFO] IPUIPlugin:80 - create IPUIPlugin
2025-03-27 17:02:48,108 [INFO] PluginManager:220 - loadIPPluginJar : add ltdc
2025-03-27 17:02:48,122 [INFO] IPUIPlugin:80 - create IPUIPlugin
2025-03-27 17:02:48,122 [INFO] PluginManager:220 - loadIPPluginJar : add mdma
2025-03-27 17:02:48,142 [INFO] IPUIPlugin:80 - create IPUIPlugin
2025-03-27 17:02:48,142 [INFO] PluginManager:220 - loadIPPluginJar : add nvic
2025-03-27 17:02:48,176 [INFO] IPUIPlugin:80 - create IPUIPlugin
2025-03-27 17:02:48,176 [INFO] PluginManager:220 - loadIPPluginJar : add opamp
2025-03-27 17:02:48,229 [INFO] IPUIPlugin:80 - create IPUIPlugin
2025-03-27 17:02:48,229 [INFO] PluginManager:220 - loadIPPluginJar : add openamp
2025-03-27 17:02:48,263 [INFO] IPUIPlugin:80 - create IPUIPlugin
2025-03-27 17:02:48,263 [INFO] PluginManager:220 - loadIPPluginJar : add pdm2pcm
2025-03-27 17:02:48,277 [INFO] IPUIPlugin:80 - create IPUIPlugin
2025-03-27 17:02:48,278 [INFO] PluginManager:220 - loadIPPluginJar : add plateformsettings
2025-03-27 17:02:48,302 [INFO] IPUIPlugin:80 - create IPUIPlugin
2025-03-27 17:02:48,302 [INFO] PluginManager:220 - loadIPPluginJar : add quadspi
2025-03-27 17:02:48,317 [INFO] IPUIPlugin:80 - create IPUIPlugin
2025-03-27 17:02:48,317 [INFO] PluginManager:220 - loadIPPluginJar : add resmgrutility
2025-03-27 17:02:48,365 [INFO] IPUIPlugin:80 - create IPUIPlugin
2025-03-27 17:02:48,365 [INFO] PluginManager:220 - loadIPPluginJar : add sai
2025-03-27 17:02:48,426 [INFO] IPUIPlugin:80 - create IPUIPlugin
2025-03-27 17:02:48,426 [INFO] PluginManager:220 - loadIPPluginJar : add spi
2025-03-27 17:02:48,517 [INFO] IPUIPlugin:80 - create IPUIPlugin
2025-03-27 17:02:48,517 [INFO] PluginManager:220 - loadIPPluginJar : add stm32_wpan
2025-03-27 17:02:48,549 [INFO] IPUIPlugin:80 - create IPUIPlugin
2025-03-27 17:02:48,549 [INFO] PluginManager:220 - loadIPPluginJar : add tim
2025-03-27 17:02:48,650 [INFO] IPUIPlugin:80 - create IPUIPlugin
2025-03-27 17:02:48,650 [INFO] PluginManager:220 - loadIPPluginJar : add touchsensing
2025-03-27 17:02:48,689 [INFO] IPUIPlugin:80 - create IPUIPlugin
2025-03-27 17:02:48,689 [INFO] PluginManager:220 - loadIPPluginJar : add tracer_emb
2025-03-27 17:02:48,719 [INFO] IPUIPlugin:80 - create IPUIPlugin
2025-03-27 17:02:48,719 [INFO] PluginManager:220 - loadIPPluginJar : add ts
2025-03-27 17:02:48,740 [INFO] IPUIPlugin:80 - create IPUIPlugin
2025-03-27 17:02:48,740 [INFO] PluginManager:220 - loadIPPluginJar : add tsc
2025-03-27 17:02:48,760 [INFO] IPUIPlugin:80 - create IPUIPlugin
2025-03-27 17:02:48,760 [INFO] PluginManager:220 - loadIPPluginJar : add ucpd
2025-03-27 17:02:48,801 [INFO] IPUIPlugin:80 - create IPUIPlugin
2025-03-27 17:02:48,801 [INFO] PluginManager:220 - loadIPPluginJar : add usart
2025-03-27 17:02:48,845 [INFO] IPUIPlugin:80 - create IPUIPlugin
2025-03-27 17:02:48,845 [INFO] PluginManager:220 - loadIPPluginJar : add usbx
2025-03-27 17:02:48,962 [INFO] CADModel:165 - CPN selected for project level
2025-03-27 17:02:48,962 [INFO] CADModel:114 - Register for checkConnection events
2025-03-27 17:02:48,962 [FATAL] Updater:308 - Updater called before beeing initialized
2025-03-27 17:02:48,962 [ERROR] CADModel:125 - Updater not yet initialized, retry later 
2025-03-27 17:02:49,068 [INFO] CADModel:165 - CPN selected for project level
2025-03-27 17:02:49,070 [INFO] CADModel:114 - Register for checkConnection events
2025-03-27 17:02:49,070 [FATAL] Updater:308 - Updater called before beeing initialized
2025-03-27 17:02:49,070 [ERROR] CADModel:125 - Updater not yet initialized, retry later 
2025-03-27 17:02:49,072 [FATAL] Updater:308 - Updater called before beeing initialized
2025-03-27 17:02:49,184 [FATAL] Updater:308 - Updater called before beeing initialized
2025-03-27 17:02:49,194 [INFO] DbMcusAds:53 - JSON generation date=Thu Mar 06 21:54:21 ICT 2025 (1741272861825)
2025-03-27 17:02:49,194 [FATAL] Updater:308 - Updater called before beeing initialized
2025-03-27 17:02:49,266 [WARN] DetailPanel:346 - Failed to get advertising image, set to default
2025-03-27 17:02:49,324 [FATAL] Updater:308 - Updater called before beeing initialized
2025-03-27 17:02:49,327 [FATAL] Updater:308 - Updater called before beeing initialized
2025-03-27 17:02:49,327 [FATAL] Updater:308 - Updater called before beeing initialized
2025-03-27 17:02:49,327 [WARN] DetailPanel:346 - Failed to get advertising image, set to default
2025-03-27 17:02:49,327 [FATAL] Updater:308 - Updater called before beeing initialized
2025-03-27 17:02:49,386 [ERROR] Updater:1120 - MainUpdater not yet initialized. External WinMGr cannot be set.
2025-03-27 17:02:49,397 [INFO] Updater:1056 - Updater Version found : 6.11.1
2025-03-27 17:02:49,416 [INFO] ApplicationProperties:184 - Using Application install path: C:\ST\STM32CubeIDE_1.15.1\STM32CubeIDE\plugins\com.st.stm32cube.common.mx_6.11.1.202404110753
2025-03-27 17:02:49,579 [INFO] ThirdPartyUpdaterWithRetryManager:70 - Updater plugin not ready yet. [2/15]
2025-03-27 17:02:50,399 [INFO] MainUpdater:2873 - connection check result : 10
2025-03-27 17:02:50,400 [INFO] MainUpdater:290 - Updater Check For Update Now.
2025-03-27 17:02:50,400 [INFO] MicroXplorer:498 - Change Database Version : DB.6.0.111
2025-03-27 17:02:50,419 [INFO] McuFinderGlobals:63 - Set McuFinder mode to 2 (CubeIDE integrated)
2025-03-27 17:02:50,433 [INFO] UserAuth:415 - Internet connection configuration mode: 1
2025-03-27 17:02:50,458 [INFO] JxBrowserEngine:152 - Initiate JxBrowser Engine with user profile folder
2025-03-27 17:02:50,592 [INFO] CheckServerUpdateThread:120 - End of CheckServer Thread
2025-03-27 17:02:52,778 [WARN] PackLoader:240 - Cannot read IP mode file for STMicroelectronics.FP-SNS-MOTENVWB1.1.4.0
2025-03-27 17:02:52,796 [WARN] PackLoader:240 - Cannot read IP mode file for STMicroelectronics.FP-ATR-ASTRA1.2.0.2
2025-03-27 17:02:52,805 [WARN] PackLoader:240 - Cannot read IP mode file for STMicroelectronics.FP-ATR-ASTRA1.2.0.1
2025-03-27 17:02:52,816 [WARN] PackLoader:240 - Cannot read IP mode file for STMicroelectronics.X-CUBE-SMBUS.2.1.0
2025-03-27 17:02:52,829 [WARN] PackLoader:240 - Cannot read IP mode file for STMicroelectronics.X-CUBE-WB05N.1.1.0
2025-03-27 17:02:52,839 [WARN] PackLoader:240 - Cannot read IP mode file for STMicroelectronics.X-CUBE-TOUCHGFX.4.23.2
2025-03-27 17:02:52,870 [WARN] PackLoader:240 - Cannot read IP mode file for STMicroelectronics.X-CUBE-AZRTOS-F7.1.1.0
2025-03-27 17:02:52,954 [WARN] PackLoader:240 - Cannot read IP mode file for STMicroelectronics.X-CUBE-MEMS1.11.0.0
2025-03-27 17:02:53,108 [WARN] PackLoader:240 - Cannot read IP mode file for STMicroelectronics.FP-SNS-FLIGHT1.5.0.2
2025-03-27 17:02:53,126 [WARN] PackLoader:240 - Cannot read IP mode file for STMicroelectronics.X-CUBE-DISPLAY.3.0.0
2025-03-27 17:02:53,150 [WARN] PackLoader:240 - Cannot read IP mode file for STMicroelectronics.X-CUBE-BLE1.7.0.0
2025-03-27 17:02:53,171 [WARN] PackLoader:240 - Cannot read IP mode file for STMicroelectronics.X-CUBE-NFC10.1.0.0
2025-03-27 17:02:53,196 [WARN] PackLoader:240 - Cannot read IP mode file for STMicroelectronics.X-CUBE-BLEMGR.4.0.0
2025-03-27 17:02:53,220 [WARN] PackLoader:240 - Cannot read IP mode file for emotas.I-CUBE-CANOPEN.1.3.0
2025-03-27 17:02:53,242 [WARN] PackLoader:240 - Cannot read IP mode file for STMicroelectronics.X-CUBE-BLEMGR.3.1.0
2025-03-27 17:02:53,265 [WARN] PackLoader:240 - Cannot read IP mode file for STMicroelectronics.X-CUBE-AI.10.0.0
2025-03-27 17:02:53,289 [WARN] PackLoader:240 - Cannot read IP mode file for STMicroelectronics.FP-SNS-SMARTAG2.1.2.0
2025-03-27 17:02:53,308 [ERROR] Engine:466 - C:\Users\Iris\.stm32cubemx\thirdparties\pdsc\STMicroelectronics.FP-SNS-FLIGHT1.5.1.0.pdsc: PDSC version is not supported
2025-03-27 17:02:53,374 [WARN] PackLoader:240 - Cannot read IP mode file for STMicroelectronics.X-CUBE-MEMS1.11.1.0
2025-03-27 17:02:53,501 [INFO] LogOutputStream:77 - [STDOUT_REDIRECT] 1 : Invalid condition id : UX_CORESTACK_Condition cause : null
2025-03-27 17:02:53,502 [INFO] LogOutputStream:77 - [STDOUT_REDIRECT] 1 : Invalid condition id : UX_CORESTACK_Condition cause : null
2025-03-27 17:02:53,502 [INFO] LogOutputStream:77 - [STDOUT_REDIRECT] 1 : Invalid condition id : UX_CORESTACK_Condition cause : null
2025-03-27 17:02:53,505 [INFO] LogOutputStream:77 - [STDOUT_REDIRECT] 1 : Invalid condition id : UX_CORESTACK_Condition cause : null
2025-03-27 17:02:53,506 [INFO] LogOutputStream:77 - [STDOUT_REDIRECT] 1 : Invalid condition id : UX_CORESTACK_Condition cause : null
2025-03-27 17:02:53,509 [WARN] PackLoader:240 - Cannot read IP mode file for STMicroelectronics.X-CUBE-AZRTOS-WL.2.0.0
2025-03-27 17:02:53,531 [WARN] PackLoader:240 - Cannot read IP mode file for STMicroelectronics.FP-SNS-MOTENV1.5.0.0
2025-03-27 17:02:53,549 [WARN] PackLoader:240 - Cannot read IP mode file for wolfSSL.I-CUBE-wolfMQTT.1.19.0
2025-03-27 17:02:53,580 [WARN] PackLoader:240 - Cannot read IP mode file for WES.I-CUBE-Cesium.1.3.0
2025-03-27 17:02:53,618 [WARN] PackLoader:240 - Cannot read IP mode file for STMicroelectronics.X-CUBE-BLE2.3.3.0
2025-03-27 17:02:53,687 [WARN] PackLoader:240 - Cannot read IP mode file for STMicroelectronics.X-CUBE-NFC9.1.0.0
2025-03-27 17:02:53,710 [WARN] PackLoader:240 - Cannot read IP mode file for STMicroelectronics.X-CUBE-BLE1.7.1.0
2025-03-27 17:02:53,732 [WARN] PackLoader:240 - Cannot read IP mode file for STMicroelectronics.X-CUBE-TCPP.4.1.0
2025-03-27 17:02:53,767 [WARN] PackLoader:240 - Cannot read IP mode file for STMicroelectronics.X-CUBE-AZRTOS-G0.1.1.0
2025-03-27 17:02:53,792 [WARN] PackLoader:240 - Cannot read IP mode file for STMicroelectronics.X-CUBE-SAFEA1.1.2.2
2025-03-27 17:02:53,812 [WARN] PackLoader:240 - Cannot read IP mode file for STMicroelectronics.X-CUBE-NFC4.3.0.0
2025-03-27 17:02:53,838 [WARN] PackLoader:240 - Cannot read IP mode file for EmbeddedOffice.I-CUBE-FS-RTOS.1.0.1
2025-03-27 17:02:53,839 [ERROR] ConditionMgr:805 - Attr not supported : Dmpu
2025-03-27 17:02:53,839 [ERROR] ConditionMgr:805 - Attr not supported : Dmpu
2025-03-27 17:02:53,839 [ERROR] ConditionMgr:805 - Attr not supported : Dmpu
2025-03-27 17:02:53,839 [ERROR] ConditionMgr:805 - Attr not supported : Dmpu
2025-03-27 17:02:53,839 [ERROR] ConditionMgr:805 - Attr not supported : Dmpu
2025-03-27 17:02:53,839 [ERROR] ConditionMgr:805 - Attr not supported : Dmpu
2025-03-27 17:02:53,839 [ERROR] ConditionMgr:805 - Attr not supported : Dmpu
2025-03-27 17:02:53,839 [ERROR] ConditionMgr:805 - Attr not supported : Dmpu
2025-03-27 17:02:53,839 [ERROR] ConditionMgr:805 - Attr not supported : Dmpu
2025-03-27 17:02:53,839 [ERROR] ConditionMgr:805 - Attr not supported : Dmpu
2025-03-27 17:02:53,839 [ERROR] ConditionMgr:805 - Attr not supported : Dmpu
2025-03-27 17:02:53,839 [ERROR] ConditionMgr:805 - Attr not supported : Dmpu
2025-03-27 17:02:53,840 [ERROR] ConditionMgr:805 - Attr not supported : Dmpu
2025-03-27 17:02:53,840 [ERROR] ConditionMgr:805 - Attr not supported : Dmpu
2025-03-27 17:02:53,840 [ERROR] ConditionMgr:805 - Attr not supported : Dmpu
2025-03-27 17:02:53,840 [ERROR] ConditionMgr:805 - Attr not supported : Dmpu
2025-03-27 17:02:53,840 [ERROR] ConditionMgr:805 - Attr not supported : Dmpu
2025-03-27 17:02:53,840 [ERROR] ConditionMgr:805 - Attr not supported : Dmpu
2025-03-27 17:02:53,840 [ERROR] ConditionMgr:805 - Attr not supported : Dmpu
2025-03-27 17:02:53,840 [ERROR] ConditionMgr:805 - Attr not supported : Dmpu
2025-03-27 17:02:53,840 [ERROR] ConditionMgr:805 - Attr not supported : Dmpu
2025-03-27 17:02:53,840 [ERROR] ConditionMgr:805 - Attr not supported : Dmpu
2025-03-27 17:02:53,841 [ERROR] ConditionMgr:805 - Attr not supported : Dmpu
2025-03-27 17:02:53,841 [ERROR] ConditionMgr:805 - Attr not supported : Dmpu
2025-03-27 17:02:53,841 [ERROR] ConditionMgr:805 - Attr not supported : Dmpu
2025-03-27 17:02:53,841 [ERROR] ConditionMgr:805 - Attr not supported : Dmpu
2025-03-27 17:02:53,841 [ERROR] ConditionMgr:805 - Attr not supported : Dmpu
2025-03-27 17:02:53,841 [ERROR] ConditionMgr:805 - Attr not supported : Dmpu
2025-03-27 17:02:53,841 [ERROR] ConditionMgr:805 - Attr not supported : Dmpu
2025-03-27 17:02:53,841 [ERROR] ConditionMgr:805 - Attr not supported : Dmpu
2025-03-27 17:02:53,841 [ERROR] ConditionMgr:805 - Attr not supported : Dmpu
2025-03-27 17:02:53,841 [ERROR] ConditionMgr:805 - Attr not supported : Dmpu
2025-03-27 17:02:53,842 [ERROR] ConditionMgr:805 - Attr not supported : Dmpu
2025-03-27 17:02:53,843 [ERROR] ConditionMgr:805 - Attr not supported : Dmpu
2025-03-27 17:02:53,843 [ERROR] ConditionMgr:805 - Attr not supported : Dmpu
2025-03-27 17:02:53,843 [ERROR] ConditionMgr:805 - Attr not supported : Dmpu
2025-03-27 17:02:53,843 [ERROR] ConditionMgr:805 - Attr not supported : Dmpu
2025-03-27 17:02:53,843 [ERROR] ConditionMgr:805 - Attr not supported : Dmpu
2025-03-27 17:02:53,843 [ERROR] ConditionMgr:805 - Attr not supported : Dmpu
2025-03-27 17:02:53,843 [ERROR] ConditionMgr:805 - Attr not supported : Dmpu
2025-03-27 17:02:53,843 [ERROR] ConditionMgr:805 - Attr not supported : Dmpu
2025-03-27 17:02:53,843 [ERROR] ConditionMgr:805 - Attr not supported : Dmpu
2025-03-27 17:02:53,843 [ERROR] ConditionMgr:805 - Attr not supported : Dmpu
2025-03-27 17:02:53,843 [ERROR] ConditionMgr:805 - Attr not supported : Dmpu
2025-03-27 17:02:53,843 [ERROR] ConditionMgr:805 - Attr not supported : Dmpu
2025-03-27 17:02:53,843 [ERROR] ConditionMgr:805 - Attr not supported : Dmpu
2025-03-27 17:02:53,843 [ERROR] ConditionMgr:805 - Attr not supported : Dmpu
2025-03-27 17:02:53,843 [ERROR] ConditionMgr:805 - Attr not supported : Dmpu
2025-03-27 17:02:53,843 [ERROR] ConditionMgr:805 - Attr not supported : Dmpu
2025-03-27 17:02:53,843 [ERROR] ConditionMgr:805 - Attr not supported : Dmpu
2025-03-27 17:02:53,843 [ERROR] ConditionMgr:805 - Attr not supported : Dmpu
2025-03-27 17:02:53,844 [ERROR] ConditionMgr:805 - Attr not supported : Dmpu
2025-03-27 17:02:53,844 [ERROR] ConditionMgr:805 - Attr not supported : Dmpu
2025-03-27 17:02:53,844 [ERROR] ConditionMgr:805 - Attr not supported : Dmpu
2025-03-27 17:02:53,844 [ERROR] ConditionMgr:805 - Attr not supported : Dmpu
2025-03-27 17:02:53,844 [ERROR] ConditionMgr:805 - Attr not supported : Dmpu
2025-03-27 17:02:53,844 [ERROR] ConditionMgr:805 - Attr not supported : Dmpu
2025-03-27 17:02:53,844 [ERROR] ConditionMgr:805 - Attr not supported : Dmpu
2025-03-27 17:02:53,844 [ERROR] ConditionMgr:805 - Attr not supported : Dmpu
2025-03-27 17:02:53,844 [ERROR] ConditionMgr:805 - Attr not supported : Dmpu
2025-03-27 17:02:53,844 [ERROR] ConditionMgr:805 - Attr not supported : Dmpu
2025-03-27 17:02:53,844 [ERROR] ConditionMgr:805 - Attr not supported : Dmpu
2025-03-27 17:02:53,844 [ERROR] ConditionMgr:805 - Attr not supported : Dmpu
2025-03-27 17:02:53,844 [ERROR] ConditionMgr:805 - Attr not supported : Dmpu
2025-03-27 17:02:53,859 [ERROR] Engine:466 - C:\Users\Iris\.stm32cubemx\thirdparties\pdsc\STMicroelectronics.X-CUBE-TCPP.4.2.0.pdsc: PDSC version is not supported
2025-03-27 17:02:53,870 [WARN] PackLoader:240 - Cannot read IP mode file for RealThread.X-CUBE-RT-Thread_Nano.4.1.1
2025-03-27 17:02:53,884 [WARN] PackLoader:240 - Cannot read IP mode file for wolfSSL.I-CUBE-wolfSSL.5.7.0
2025-03-27 17:02:53,895 [WARN] PackLoader:240 - Cannot read IP mode file for STMicroelectronics.FP-ATR-SIGFOX1.3.2.0
2025-03-27 17:02:53,904 [WARN] ConditionMgr:438 - getConditionDescription Invalid condition id : Cortex-A Device cause : null
2025-03-27 17:02:53,927 [WARN] ConditionMgr:1039 - genDependencies : Invalid condition id : Cortex-A Device cause : null
2025-03-27 17:02:53,927 [WARN] ConditionMgr:1039 - genDependencies : Invalid condition id : Cortex-A Device cause : null
2025-03-27 17:02:53,927 [WARN] ConditionMgr:1039 - genDependencies : Invalid condition id : Cortex-A Device cause : null
2025-03-27 17:02:53,940 [WARN] PackLoader:240 - Cannot read IP mode file for STMicroelectronics.X-CUBE-EEPRMA1.5.1.0
2025-03-27 17:02:53,954 [WARN] PackLoader:240 - Cannot read IP mode file for ITTIA_DB.I-CUBE-ITTIADB.8.9.0
2025-03-27 17:02:53,988 [WARN] PackLoader:240 - Cannot read IP mode file for SEGGER.I-CUBE-embOS.1.3.1
2025-03-27 17:02:54,028 [WARN] PackLoader:240 - Cannot read IP mode file for STMicroelectronics.X-CUBE-ALGOBUILD.1.4.0
2025-03-27 17:02:54,064 [WARN] PackLoader:240 - Cannot read IP mode file for STMicroelectronics.X-CUBE-AI.9.1.0
2025-03-27 17:02:54,178 [WARN] PackLoader:240 - Cannot read IP mode file for STMicroelectronics.X-CUBE-GNSS1.6.0.0
2025-03-27 17:02:54,205 [WARN] PackLoader:240 - Cannot read IP mode file for STMicroelectronics.X-CUBE-AZRTOS-F4.1.1.0
2025-03-27 17:02:54,228 [WARN] PackLoader:240 - Cannot read IP mode file for STMicroelectronics.X-CUBE-ISPU.2.1.0
2025-03-27 17:02:54,249 [WARN] PackLoader:240 - Cannot read IP mode file for STMicroelectronics.X-CUBE-FREERTOS.1.2.0
2025-03-27 17:02:54,289 [WARN] PackLoader:240 - Cannot read IP mode file for STMicroelectronics.X-CUBE-AZRTOS-L5.2.0.0
2025-03-27 17:02:54,312 [WARN] PackLoader:240 - Cannot read IP mode file for STMicroelectronics.X-CUBE-NFC6.3.1.0
2025-03-27 17:02:54,335 [WARN] PackLoader:240 - Cannot read IP mode file for STMicroelectronics.X-CUBE-DPower.1.2.0
2025-03-27 17:02:54,355 [WARN] PackLoader:240 - Cannot read IP mode file for STMicroelectronics.X-CUBE-AI.9.0.0
2025-03-27 17:02:54,375 [WARN] PackLoader:240 - Cannot read IP mode file for STMicroelectronics.X-CUBE-FREERTOS.1.3.0
2025-03-27 17:02:54,398 [WARN] PackLoader:240 - Cannot read IP mode file for STMicroelectronics.X-CUBE-NFC7.1.0.1
2025-03-27 17:02:54,456 [WARN] ConditionMgr:438 - getConditionDescription Invalid condition id : LAN8742 Phy interface Condition cause : null
2025-03-27 17:02:54,457 [WARN] PackLoader:240 - Cannot read IP mode file for STMicroelectronics.X-CUBE-AZRTOS-L4.2.0.0
2025-03-27 17:02:54,461 [WARN] ConditionMgr:1039 - genDependencies : Invalid condition id : LAN8742 Phy interface Condition cause : null
2025-03-27 17:02:54,461 [WARN] ConditionMgr:1039 - genDependencies : Invalid condition id : LAN8742 Phy interface Condition cause : null
2025-03-27 17:02:54,463 [WARN] ConditionMgr:1039 - genDependencies : Invalid condition id : LAN8742 Phy interface Condition cause : null
2025-03-27 17:02:54,487 [WARN] PackLoader:240 - Cannot read IP mode file for STMicroelectronics.X-CUBE-SFXS2LP1.4.0.0
2025-03-27 17:02:54,524 [WARN] PackLoader:240 - Cannot read IP mode file for STMicroelectronics.X-CUBE-AZRTOS-H7.3.3.0
2025-03-27 17:02:54,556 [WARN] PackLoader:240 - Cannot read IP mode file for STMicroelectronics.X-CUBE-IPS.3.0.0
2025-03-27 17:02:54,588 [WARN] ConditionMgr:438 - getConditionDescription Invalid condition id : UX DEVICE CLASS RTOS Condition cause : null
2025-03-27 17:02:54,589 [WARN] ConditionMgr:438 - getConditionDescription Invalid condition id : UX DEVICE CLASS RTOS Condition cause : null
2025-03-27 17:02:54,590 [WARN] PackLoader:240 - Cannot read IP mode file for STMicroelectronics.X-CUBE-AZRTOS-WB.2.0.0
2025-03-27 17:02:54,591 [WARN] ConditionMgr:1039 - genDependencies : Invalid condition id : UX DEVICE CLASS RTOS Condition cause : null
2025-03-27 17:02:54,591 [WARN] ConditionMgr:1039 - genDependencies : Invalid condition id : UX DEVICE CLASS RTOS Condition cause : null
2025-03-27 17:02:54,591 [WARN] ConditionMgr:1039 - genDependencies : Invalid condition id : UX DEVICE CLASS RTOS Condition cause : null
2025-03-27 17:02:54,591 [WARN] ConditionMgr:1039 - genDependencies : Invalid condition id : UX DEVICE CLASS RTOS Condition cause : null
2025-03-27 17:02:54,591 [WARN] ConditionMgr:1039 - genDependencies : Invalid condition id : UX DEVICE CLASS RTOS Condition cause : null
2025-03-27 17:02:54,611 [WARN] PackLoader:240 - Cannot read IP mode file for STMicroelectronics.X-CUBE-GNSS1.7.0.0
2025-03-27 17:02:54,628 [WARN] PackLoader:240 - Cannot read IP mode file for STMicroelectronics.X-CUBE-GNSS1.7.0.1
2025-03-27 17:02:54,645 [WARN] PackLoader:240 - Cannot read IP mode file for STMicroelectronics.X-CUBE-TOUCHGFX.4.25.0
2025-03-27 17:02:54,663 [WARN] PackLoader:240 - Cannot read IP mode file for STMicroelectronics.FP-SNS-STBOX1.2.0.0
2025-03-27 17:02:54,689 [WARN] PackLoader:240 - Cannot read IP mode file for STMicroelectronics.X-CUBE-SUBG2.5.0.0
2025-03-27 17:02:54,727 [WARN] PackLoader:240 - Cannot read IP mode file for STMicroelectronics.X-CUBE-AZRTOS-H7RS.1.1.0
2025-03-27 17:02:54,739 [INFO] WebApp:161 - Instantiating new browser for Auth
2025-03-27 17:02:54,743 [WARN] PackLoader:240 - Cannot read IP mode file for Cesanta.I-CUBE-Mongoose.7.13.0
2025-03-27 17:02:54,770 [WARN] PackLoader:240 - Cannot read IP mode file for STMicroelectronics.X-CUBE-AZRTOS-G4.2.0.0
2025-03-27 17:02:54,801 [WARN] PackLoader:240 - Cannot read IP mode file for STMicroelectronics.X-CUBE-ISPU.2.0.0
2025-03-27 17:02:54,820 [ERROR] Engine:466 - C:\Users\Iris\.stm32cubemx\thirdparties\pdsc\STMicroelectronics.X-CUBE-IPS.3.1.0.pdsc: PDSC version is not supported
2025-03-27 17:02:54,832 [WARN] PackLoader:240 - Cannot read IP mode file for STMicroelectronics.X-CUBE-ALS.1.0.2
2025-03-27 17:02:54,916 [WARN] PackLoader:240 - Cannot read IP mode file for STMicroelectronics.X-CUBE-MEMS1.10.0.0
2025-03-27 17:02:55,038 [WARN] PackLoader:240 - Cannot read IP mode file for STMicroelectronics.X-CUBE-TOUCHGFX.4.24.0
2025-03-27 17:02:55,058 [WARN] PackLoader:240 - Cannot read IP mode file for STMicroelectronics.X-CUBE-TOUCHGFX.4.24.2
2025-03-27 17:02:55,078 [WARN] PackLoader:240 - Cannot read IP mode file for STMicroelectronics.X-CUBE-TOUCHGFX.4.24.1
2025-03-27 17:02:55,101 [WARN] PackLoader:240 - Cannot read IP mode file for wolfSSL.I-CUBE-wolfTPM.3.4.0
2025-03-27 17:02:55,118 [WARN] PackLoader:240 - Cannot read IP mode file for portGmbH.I-Cube-SoM-uGOAL.1.1.0
2025-03-27 17:02:55,143 [WARN] PackLoader:240 - Cannot read IP mode file for STMicroelectronics.X-CUBE-AZRTOS-H7RS.1.0.0
2025-03-27 17:02:55,163 [WARN] PackLoader:240 - Cannot read IP mode file for STMicroelectronics.FP-ATR-ASTRA1.2.0.0
2025-03-27 17:02:55,189 [WARN] PackLoader:240 - Cannot read IP mode file for STMicroelectronics.X-CUBE-TOF1.3.4.2
2025-03-27 17:02:55,222 [WARN] PackLoader:240 - Cannot read IP mode file for STMicroelectronics.X-CUBE-TOF1.3.4.1
2025-03-27 17:02:55,272 [WARN] PackLoader:240 - Cannot read IP mode file for STMicroelectronics.X-CUBE-AZRTOS-H7.3.2.0
2025-03-27 17:02:55,298 [WARN] PackLoader:240 - Cannot read IP mode file for Infineon.AIROC-Wi-Fi-Bluetooth-STM32.1.6.0
2025-03-27 17:02:55,317 [WARN] PackLoader:240 - Cannot read IP mode file for wolfSSL.I-CUBE-wolfSSH.1.4.17
2025-03-27 17:02:55,318 [INFO] ThirdParty:978 - Integrity check success = true
2025-03-27 17:02:55,318 [INFO] IntegrityCheckThread:100 - exiting critical section [integrity check]
2025-03-27 17:02:55,318 [INFO] IntegrityCheckThread:103 - End integrity checks thread
2025-03-27 17:02:55,587 [INFO] WebApp:779 - Register for checkConnection events
2025-03-27 17:02:55,588 [INFO] WebApp:414 - Apply proxy settings
2025-03-27 17:02:55,589 [INFO] WebApp:499 - Chromium requires no authentication
2025-03-27 17:02:55,596 [INFO] WebApp:442 - Direct internet connection detected
2025-03-27 17:02:55,716 [INFO] WebApp:192 - Starting web application
2025-03-27 17:02:55,716 [INFO] WebApp:544 - Web application path used C:\ST\STM32CubeIDE_1.15.1\STM32CubeIDE\plugins\com.st.stm32cube.common.mx_6.11.1.202404110753\db\plugins\mcufinder\reactClient1\index.html
2025-03-27 19:40:12,025 [ERROR] LogOutputStream:75 - [STDERR_REDIRECT] 
