2025-04-29 08:04:53,449 [INFO] Activator:176 - 


2025-04-29 08:04:53,456 [INFO] Activator:177 - !SESSION log4j initialized
2025-04-29 08:04:58,164 [INFO] LogOutputStream:77 - [STDOUT_REDIRECT] 
2025-04-29 08:05:00,343 [INFO] ApplicationProperties:184 - Using Application install path: C:\ST\STM32CubeIDE_1.15.1\STM32CubeIDE\plugins\com.st.stm32cube.common.mx_6.11.1.202404110753
2025-04-29 08:05:00,363 [INFO] DbMcusXml:78 - Set database path to: C:\ST\STM32CubeIDE_1.15.1\STM32CubeIDE\plugins\com.st.stm32cube.common.mx_6.11.1.202404110753\\db\/mcu/
2025-04-29 08:05:00,364 [INFO] ApiDb:274 - Set plugin database path to: C:\ST\STM32CubeIDE_1.15.1\STM32CubeIDE\plugins\com.st.stm32cube.common.mx_6.11.1.202404110753\\db\/plugins/boardmanager/
2025-04-29 08:05:00,364 [WARN] ApiDb:259 - Overriding images path with different value:  => C:\ST\STM32CubeIDE_1.15.1\STM32CubeIDE\plugins\com.st.stm32cube.common.mx_6.11.1.202404110753\\db\/plugins/mcufinder/images/
2025-04-29 08:05:00,386 [INFO] ApiDb:250 - Set database path to: C:\Users\Iris\.stmcufinder\plugins\mcufinder//mcu/
2025-04-29 08:05:00,389 [INFO] DbMcusAds:125 - Set database path to: C:\Users\Iris\.stmcufinder\plugins\mcufinder//mcu/
2025-04-29 08:05:00,390 [INFO] CrossReferenceDbSqlite:203 - Set database path to: C:\Users\Iris\.stmcufinder\plugins\mcufinder//mcu/cs/
2025-04-29 08:05:00,538 [INFO] RulesReader:64 - Compatibility file has been processed (297 Rules)
2025-04-29 08:05:00,624 [INFO] DbMcusXml:78 - Set database path to: C:\ST\STM32CubeIDE_1.15.1\STM32CubeIDE\plugins\com.st.stm32cube.common.mx_6.11.1.202404110753\\db\/mcu/
2025-04-29 08:05:00,624 [INFO] ApiDb:274 - Set plugin database path to: C:\ST\STM32CubeIDE_1.15.1\STM32CubeIDE\plugins\com.st.stm32cube.common.mx_6.11.1.202404110753\\db\/plugins/boardmanager/
2025-04-29 08:05:00,625 [INFO] ApiDb:261 - Set plugin images path to: C:\ST\STM32CubeIDE_1.15.1\STM32CubeIDE\plugins\com.st.stm32cube.common.mx_6.11.1.202404110753\\db\/plugins/mcufinder/images/
2025-04-29 08:05:00,625 [WARN] DbFile:41 - Overriding database path with different value: C:\Users\Iris\.stmcufinder\plugins\mcufinder/ => C:\Users\Iris\.stmcufinder\plugins\mcufinder
2025-04-29 08:05:00,625 [INFO] ApiDb:250 - Set database path to: C:\Users\Iris\.stmcufinder\plugins\mcufinder//mcu/
2025-04-29 08:05:00,625 [WARN] DbFile:41 - Overriding database path with different value: C:\Users\Iris\.stmcufinder\plugins\mcufinder/ => C:\Users\Iris\.stmcufinder\plugins\mcufinder
2025-04-29 08:05:00,625 [INFO] DbMcusAds:125 - Set database path to: C:\Users\Iris\.stmcufinder\plugins\mcufinder//mcu/
2025-04-29 08:05:00,625 [WARN] DbFile:41 - Overriding database path with different value: C:\Users\Iris\.stmcufinder\plugins\mcufinder/ => C:\Users\Iris\.stmcufinder\plugins\mcufinder
2025-04-29 08:05:00,625 [WARN] DbFile:41 - Overriding database path with different value: C:\Users\Iris\.stmcufinder\plugins\mcufinder/ => C:\Users\Iris\.stmcufinder\plugins\mcufinder
2025-04-29 08:05:00,625 [INFO] CrossReferenceDbSqlite:203 - Set database path to: C:\Users\Iris\.stmcufinder\plugins\mcufinder//mcu/cs/
2025-04-29 08:05:00,693 [INFO] MainPanel:264 - HeapMemory: 268435456
2025-04-29 08:05:00,802 [INFO] DbMcusXml:78 - Set database path to: C:\ST\STM32CubeIDE_1.15.1\STM32CubeIDE\plugins\com.st.stm32cube.common.mx_6.11.1.202404110753\\db\/mcu/
2025-04-29 08:05:00,802 [INFO] ApiDb:274 - Set plugin database path to: C:\ST\STM32CubeIDE_1.15.1\STM32CubeIDE\plugins\com.st.stm32cube.common.mx_6.11.1.202404110753\\db\/plugins/boardmanager/
2025-04-29 08:05:00,802 [INFO] ApiDb:261 - Set plugin images path to: C:\ST\STM32CubeIDE_1.15.1\STM32CubeIDE\plugins\com.st.stm32cube.common.mx_6.11.1.202404110753\\db\/plugins/mcufinder/images/
2025-04-29 08:05:00,803 [WARN] DbFile:41 - Overriding database path with different value: C:\Users\Iris\.stmcufinder\plugins\mcufinder/ => C:\Users\Iris\.stmcufinder\plugins\mcufinder
2025-04-29 08:05:00,804 [INFO] ApiDb:250 - Set database path to: C:\Users\Iris\.stmcufinder\plugins\mcufinder//mcu/
2025-04-29 08:05:00,804 [WARN] DbFile:41 - Overriding database path with different value: C:\Users\Iris\.stmcufinder\plugins\mcufinder/ => C:\Users\Iris\.stmcufinder\plugins\mcufinder
2025-04-29 08:05:00,804 [INFO] DbMcusAds:125 - Set database path to: C:\Users\Iris\.stmcufinder\plugins\mcufinder//mcu/
2025-04-29 08:05:00,804 [WARN] DbFile:41 - Overriding database path with different value: C:\Users\Iris\.stmcufinder\plugins\mcufinder/ => C:\Users\Iris\.stmcufinder\plugins\mcufinder
2025-04-29 08:05:00,804 [WARN] DbFile:41 - Overriding database path with different value: C:\Users\Iris\.stmcufinder\plugins\mcufinder/ => C:\Users\Iris\.stmcufinder\plugins\mcufinder
2025-04-29 08:05:00,804 [INFO] CrossReferenceDbSqlite:203 - Set database path to: C:\Users\Iris\.stmcufinder\plugins\mcufinder//mcu/cs/
2025-04-29 08:05:00,820 [INFO] ApplicationProperties:184 - Using Application install path: C:\ST\STM32CubeIDE_1.15.1\STM32CubeIDE\plugins\com.st.stm32cube.common.mx_6.11.1.202404110753
2025-04-29 08:05:00,822 [INFO] PluginManage:196 - Search for loadable plugins [exclusion list=, ]
2025-04-29 08:05:00,824 [INFO] PluginManage:310 - Check plugin analytics
2025-04-29 08:05:00,995 [INFO] AnalyticsPlugin:253 - Accepted Software Licenses: STM32CubeMX.6.7.0,STM32CubeMX.6.11.1
2025-04-29 08:05:00,995 [INFO] AnalyticsPlugin:255 - Accepted CMSIS Pack Licenses: 
2025-04-29 08:05:00,996 [INFO] AnalyticsPlugin:257 - Accepted Firmware Licenses: FW.F4.1.28.0
2025-04-29 08:05:00,998 [INFO] PluginManage:359 - Loaded plugin analytics (category:tool,tabindex:-1)
2025-04-29 08:05:00,998 [INFO] PluginManage:310 - Check plugin cadmodel
2025-04-29 08:05:01,012 [INFO] CADModel:105 - Init CAD model plugin
2025-04-29 08:05:01,012 [INFO] PluginManage:359 - Loaded plugin cadmodel (category:power,tabindex:5)
2025-04-29 08:05:01,012 [INFO] PluginManage:310 - Check plugin clock
2025-04-29 08:05:01,029 [INFO] PluginManage:359 - Loaded plugin clock (category:base,tabindex:2)
2025-04-29 08:05:01,029 [INFO] PluginManage:310 - Check plugin ddr
2025-04-29 08:05:01,032 [INFO] PluginManage:359 - Loaded plugin ddr (category:tool,tabindex:6)
2025-04-29 08:05:01,033 [INFO] PluginManage:310 - Check plugin filemanager
2025-04-29 08:05:01,149 [INFO] PluginManage:359 - Loaded plugin filemanager (category:base,tabindex:10)
2025-04-29 08:05:01,150 [INFO] PluginManage:310 - Check plugin ipmanager
2025-04-29 08:05:01,156 [INFO] PluginManage:359 - Loaded plugin ipmanager (category:base,tabindex:5)
2025-04-29 08:05:01,156 [INFO] PluginManage:310 - Check plugin lpbam
2025-04-29 08:05:01,173 [INFO] PluginManage:359 - Loaded plugin lpbam (category:base,tabindex:0)
2025-04-29 08:05:01,173 [INFO] PluginManage:310 - Check plugin memorymap
2025-04-29 08:05:01,191 [INFO] PluginManage:359 - Loaded plugin memorymap (category:base,tabindex:4)
2025-04-29 08:05:01,191 [INFO] PluginManage:310 - Check plugin pinoutandconfiguration
2025-04-29 08:05:01,204 [INFO] PluginManage:359 - Loaded plugin pinoutandconfiguration (category:base,tabindex:1)
2025-04-29 08:05:01,204 [INFO] PluginManage:310 - Check plugin pinoutconfig
2025-04-29 08:05:01,275 [WARN] SupportedApi:132 - Cannot load RTOS API schema: s4s-elt-must-match.1: The content of 'definitions' must match (annotation?, (simpleType | complexType)?, (unique | key | keyref)*)). A problem was found starting at: attribute.
2025-04-29 08:05:01,404 [INFO] PluginManage:359 - Loaded plugin pinoutconfig (category:base,tabindex:0)
2025-04-29 08:05:01,404 [INFO] PluginManage:310 - Check plugin power
2025-04-29 08:05:01,424 [INFO] PluginManage:359 - Loaded plugin power (category:power,tabindex:4)
2025-04-29 08:05:01,424 [INFO] PluginManage:310 - Check plugin projectmanager
2025-04-29 08:05:01,440 [INFO] PluginManage:359 - Loaded plugin projectmanager (category:projectmanager,tabindex:3)
2025-04-29 08:05:01,440 [INFO] PluginManage:310 - Check plugin thirdparty
2025-04-29 08:05:01,714 [INFO] PluginManage:359 - Loaded plugin thirdparty (category:base,tabindex:-1)
2025-04-29 08:05:01,714 [WARN] IntegrityCheckThread:84 - waiting for thirdparty lock release [integrity check]
2025-04-29 08:05:01,715 [INFO] IntegrityCheckThread:86 - entering critical section [integrity check]
2025-04-29 08:05:01,715 [INFO] PluginManage:310 - Check plugin tools
2025-04-29 08:05:01,715 [INFO] ThirdPartyUpdaterWithRetryManager:70 - Updater plugin not ready yet. [1/15]
2025-04-29 08:05:01,747 [INFO] PluginManage:359 - Loaded plugin tools (category:base,tabindex:7)
2025-04-29 08:05:01,747 [INFO] PluginManage:310 - Check plugin tutovideos
2025-04-29 08:05:01,917 [INFO] PluginManage:359 - Loaded plugin tutovideos (category:base,tabindex:-1)
2025-04-29 08:05:01,918 [INFO] PluginManage:310 - Check plugin updater
2025-04-29 08:05:01,931 [INFO] PluginManage:359 - Loaded plugin updater (category:base,tabindex:12)
2025-04-29 08:05:01,931 [INFO] PluginManage:310 - Check plugin userauth
2025-04-29 08:05:01,938 [INFO] UserAuth:114 - Init User Auth plugin
2025-04-29 08:05:01,938 [INFO] PluginManage:359 - Loaded plugin userauth (category:base,tabindex:14)
2025-04-29 08:05:01,939 [INFO] PluginManage:283 - PluginManage : Loaded plugins [17]
2025-04-29 08:05:02,129 [INFO] PinOutPanel:1561 - setPackage(No Configuration,No Configuration)
2025-04-29 08:05:02,186 [INFO] CADModel:165 - CPN selected for project level
2025-04-29 08:05:02,186 [INFO] CADModel:114 - Register for checkConnection events
2025-04-29 08:05:02,232 [INFO] IPUIPlugin:80 - create IPUIPlugin
2025-04-29 08:05:02,232 [INFO] PluginManager:220 - loadIPPluginJar : add adc
2025-04-29 08:05:02,267 [INFO] IPUIPlugin:80 - create IPUIPlugin
2025-04-29 08:05:02,267 [INFO] PluginManager:220 - loadIPPluginJar : add aes
2025-04-29 08:05:02,306 [INFO] IPUIPlugin:80 - create IPUIPlugin
2025-04-29 08:05:02,306 [INFO] PluginManager:220 - loadIPPluginJar : add can
2025-04-29 08:05:02,337 [INFO] IPUIPlugin:80 - create IPUIPlugin
2025-04-29 08:05:02,337 [INFO] PluginManager:220 - loadIPPluginJar : add comp
2025-04-29 08:05:02,377 [INFO] IPUIPlugin:80 - create IPUIPlugin
2025-04-29 08:05:02,377 [INFO] PluginManager:220 - loadIPPluginJar : add cryp
2025-04-29 08:05:02,409 [INFO] IPUIPlugin:80 - create IPUIPlugin
2025-04-29 08:05:02,409 [INFO] PluginManager:220 - loadIPPluginJar : add dfsdm
2025-04-29 08:05:02,424 [INFO] IPUIPlugin:80 - create IPUIPlugin
2025-04-29 08:05:02,425 [INFO] PluginManager:220 - loadIPPluginJar : add dma
2025-04-29 08:05:02,475 [INFO] IPUIPlugin:80 - create IPUIPlugin
2025-04-29 08:05:02,475 [INFO] PluginManager:220 - loadIPPluginJar : add dma3
2025-04-29 08:05:02,512 [INFO] IPUIPlugin:80 - create IPUIPlugin
2025-04-29 08:05:02,512 [INFO] PluginManager:220 - loadIPPluginJar : add extmemmanager
2025-04-29 08:05:02,530 [INFO] IPUIPlugin:80 - create IPUIPlugin
2025-04-29 08:05:02,530 [INFO] PluginManager:220 - loadIPPluginJar : add fatfs
2025-04-29 08:05:02,568 [INFO] IPUIPlugin:80 - create IPUIPlugin
2025-04-29 08:05:02,568 [INFO] PluginManager:220 - loadIPPluginJar : add fmc
2025-04-29 08:05:02,583 [INFO] IPUIPlugin:80 - create IPUIPlugin
2025-04-29 08:05:02,583 [INFO] PluginManager:220 - loadIPPluginJar : add freertos
2025-04-29 08:05:02,601 [INFO] IPUIPlugin:80 - create IPUIPlugin
2025-04-29 08:05:02,601 [INFO] PluginManager:220 - loadIPPluginJar : add genericplugin
2025-04-29 08:05:02,679 [INFO] IPUIPlugin:80 - create IPUIPlugin
2025-04-29 08:05:02,679 [INFO] PluginManager:220 - loadIPPluginJar : add gfxmmu
2025-04-29 08:05:02,783 [INFO] IPUIPlugin:80 - create IPUIPlugin
2025-04-29 08:05:02,783 [INFO] PluginManager:220 - loadIPPluginJar : add gic
2025-04-29 08:05:02,795 [INFO] IPUIPlugin:80 - create IPUIPlugin
2025-04-29 08:05:02,795 [INFO] PluginManager:220 - loadIPPluginJar : add gpio
2025-04-29 08:05:02,873 [INFO] IPUIPlugin:80 - create IPUIPlugin
2025-04-29 08:05:02,873 [INFO] PluginManager:220 - loadIPPluginJar : add gtzc
2025-04-29 08:05:02,906 [INFO] IPUIPlugin:80 - create IPUIPlugin
2025-04-29 08:05:02,906 [INFO] PluginManager:220 - loadIPPluginJar : add hash
2025-04-29 08:05:02,954 [INFO] IPUIPlugin:80 - create IPUIPlugin
2025-04-29 08:05:02,955 [INFO] PluginManager:220 - loadIPPluginJar : add i2c
2025-04-29 08:05:03,002 [INFO] IPUIPlugin:80 - create IPUIPlugin
2025-04-29 08:05:03,002 [INFO] PluginManager:220 - loadIPPluginJar : add i2s
2025-04-29 08:05:03,036 [INFO] IPUIPlugin:80 - create IPUIPlugin
2025-04-29 08:05:03,036 [INFO] PluginManager:220 - loadIPPluginJar : add i3c
2025-04-29 08:05:03,119 [INFO] IPUIPlugin:80 - create IPUIPlugin
2025-04-29 08:05:03,119 [INFO] PluginManager:220 - loadIPPluginJar : add ipddr
2025-04-29 08:05:03,226 [INFO] IPUIPlugin:80 - create IPUIPlugin
2025-04-29 08:05:03,226 [INFO] PluginManager:220 - loadIPPluginJar : add linkedlist
2025-04-29 08:05:03,256 [INFO] IPUIPlugin:80 - create IPUIPlugin
2025-04-29 08:05:03,257 [INFO] PluginManager:220 - loadIPPluginJar : add lorawan
2025-04-29 08:05:03,291 [INFO] IPUIPlugin:80 - create IPUIPlugin
2025-04-29 08:05:03,291 [INFO] PluginManager:220 - loadIPPluginJar : add ltdc
2025-04-29 08:05:03,308 [INFO] IPUIPlugin:80 - create IPUIPlugin
2025-04-29 08:05:03,308 [INFO] PluginManager:220 - loadIPPluginJar : add mdma
2025-04-29 08:05:03,320 [INFO] IPUIPlugin:80 - create IPUIPlugin
2025-04-29 08:05:03,320 [INFO] PluginManager:220 - loadIPPluginJar : add nvic
2025-04-29 08:05:03,361 [INFO] IPUIPlugin:80 - create IPUIPlugin
2025-04-29 08:05:03,362 [INFO] PluginManager:220 - loadIPPluginJar : add opamp
2025-04-29 08:05:03,445 [INFO] IPUIPlugin:80 - create IPUIPlugin
2025-04-29 08:05:03,445 [INFO] PluginManager:220 - loadIPPluginJar : add openamp
2025-04-29 08:05:03,486 [INFO] IPUIPlugin:80 - create IPUIPlugin
2025-04-29 08:05:03,486 [INFO] PluginManager:220 - loadIPPluginJar : add pdm2pcm
2025-04-29 08:05:03,498 [INFO] IPUIPlugin:80 - create IPUIPlugin
2025-04-29 08:05:03,500 [INFO] PluginManager:220 - loadIPPluginJar : add plateformsettings
2025-04-29 08:05:03,520 [INFO] IPUIPlugin:80 - create IPUIPlugin
2025-04-29 08:05:03,521 [INFO] PluginManager:220 - loadIPPluginJar : add quadspi
2025-04-29 08:05:03,532 [INFO] IPUIPlugin:80 - create IPUIPlugin
2025-04-29 08:05:03,532 [INFO] PluginManager:220 - loadIPPluginJar : add resmgrutility
2025-04-29 08:05:03,576 [INFO] IPUIPlugin:80 - create IPUIPlugin
2025-04-29 08:05:03,576 [INFO] PluginManager:220 - loadIPPluginJar : add sai
2025-04-29 08:05:03,609 [INFO] IPUIPlugin:80 - create IPUIPlugin
2025-04-29 08:05:03,609 [INFO] PluginManager:220 - loadIPPluginJar : add spi
2025-04-29 08:05:03,663 [INFO] IPUIPlugin:80 - create IPUIPlugin
2025-04-29 08:05:03,663 [INFO] PluginManager:220 - loadIPPluginJar : add stm32_wpan
2025-04-29 08:05:03,685 [INFO] IPUIPlugin:80 - create IPUIPlugin
2025-04-29 08:05:03,685 [INFO] PluginManager:220 - loadIPPluginJar : add tim
2025-04-29 08:05:03,737 [INFO] IPUIPlugin:80 - create IPUIPlugin
2025-04-29 08:05:03,738 [INFO] PluginManager:220 - loadIPPluginJar : add touchsensing
2025-04-29 08:05:03,759 [INFO] IPUIPlugin:80 - create IPUIPlugin
2025-04-29 08:05:03,759 [INFO] PluginManager:220 - loadIPPluginJar : add tracer_emb
2025-04-29 08:05:03,780 [INFO] IPUIPlugin:80 - create IPUIPlugin
2025-04-29 08:05:03,781 [INFO] PluginManager:220 - loadIPPluginJar : add ts
2025-04-29 08:05:03,805 [INFO] IPUIPlugin:80 - create IPUIPlugin
2025-04-29 08:05:03,805 [INFO] PluginManager:220 - loadIPPluginJar : add tsc
2025-04-29 08:05:03,829 [INFO] IPUIPlugin:80 - create IPUIPlugin
2025-04-29 08:05:03,829 [INFO] PluginManager:220 - loadIPPluginJar : add ucpd
2025-04-29 08:05:03,871 [INFO] IPUIPlugin:80 - create IPUIPlugin
2025-04-29 08:05:03,871 [INFO] PluginManager:220 - loadIPPluginJar : add usart
2025-04-29 08:05:03,917 [INFO] IPUIPlugin:80 - create IPUIPlugin
2025-04-29 08:05:03,917 [INFO] PluginManager:220 - loadIPPluginJar : add usbx
2025-04-29 08:05:04,045 [INFO] CADModel:165 - CPN selected for project level
2025-04-29 08:05:04,045 [INFO] CADModel:114 - Register for checkConnection events
2025-04-29 08:05:04,046 [FATAL] Updater:308 - Updater called before beeing initialized
2025-04-29 08:05:04,046 [ERROR] CADModel:125 - Updater not yet initialized, retry later 
2025-04-29 08:05:04,153 [INFO] CADModel:165 - CPN selected for project level
2025-04-29 08:05:04,154 [INFO] CADModel:114 - Register for checkConnection events
2025-04-29 08:05:04,154 [FATAL] Updater:308 - Updater called before beeing initialized
2025-04-29 08:05:04,154 [ERROR] CADModel:125 - Updater not yet initialized, retry later 
2025-04-29 08:05:04,156 [FATAL] Updater:308 - Updater called before beeing initialized
2025-04-29 08:05:04,243 [FATAL] Updater:308 - Updater called before beeing initialized
2025-04-29 08:05:04,252 [INFO] DbMcusAds:53 - JSON generation date=Thu Mar 06 21:54:22 ICT 2025 (1741272862078)
2025-04-29 08:05:04,252 [FATAL] Updater:308 - Updater called before beeing initialized
2025-04-29 08:05:04,320 [WARN] DetailPanel:346 - Failed to get advertising image, set to default
2025-04-29 08:05:04,389 [FATAL] Updater:308 - Updater called before beeing initialized
2025-04-29 08:05:04,392 [FATAL] Updater:308 - Updater called before beeing initialized
2025-04-29 08:05:04,392 [FATAL] Updater:308 - Updater called before beeing initialized
2025-04-29 08:05:04,392 [WARN] DetailPanel:346 - Failed to get advertising image, set to default
2025-04-29 08:05:04,393 [FATAL] Updater:308 - Updater called before beeing initialized
2025-04-29 08:05:04,454 [ERROR] Updater:1120 - MainUpdater not yet initialized. External WinMGr cannot be set.
2025-04-29 08:05:04,464 [INFO] Updater:1056 - Updater Version found : 6.11.1
2025-04-29 08:05:04,481 [INFO] ApplicationProperties:184 - Using Application install path: C:\ST\STM32CubeIDE_1.15.1\STM32CubeIDE\plugins\com.st.stm32cube.common.mx_6.11.1.202404110753
2025-04-29 08:05:04,716 [INFO] ThirdPartyUpdaterWithRetryManager:70 - Updater plugin not ready yet. [2/15]
2025-04-29 08:05:04,812 [INFO] MainUpdater:2873 - connection check result : 10
2025-04-29 08:05:04,813 [INFO] MainUpdater:3567 - Updater definition file requires update
2025-04-29 08:05:04,813 [INFO] MainUpdater:290 - Updater Check For Update Now.
2025-04-29 08:05:04,813 [INFO] MicroXplorer:498 - Change Database Version : DB.6.0.111
2025-04-29 08:05:04,828 [INFO] McuFinderGlobals:63 - Set McuFinder mode to 2 (CubeIDE integrated)
2025-04-29 08:05:04,839 [INFO] UserAuth:415 - Internet connection configuration mode: 1
2025-04-29 08:05:04,860 [INFO] JxBrowserEngine:152 - Initiate JxBrowser Engine with user profile folder
2025-04-29 08:05:04,947 [INFO] ServerAccessManage:473 - Download File updaters.zip
2025-04-29 08:05:05,231 [INFO] FileExtend:240 - Unzip File : updaters.zip
2025-04-29 08:05:05,231 [INFO] FileExtend:255 - Standard Zip Deflate
2025-04-29 08:05:06,325 [INFO] ServerAccessManage:473 - Download File PacksControlFlags.xml
2025-04-29 08:05:06,655 [INFO] ServerAccessManage:473 - Download File cubemx.pidx
2025-04-29 08:05:06,827 [INFO] LoadServerUpdatesThread:375 - End of LoadServerUpdate Thread
2025-04-29 08:05:07,007 [INFO] CheckServerUpdateThread:120 - End of CheckServer Thread
2025-04-29 08:05:08,026 [WARN] PackLoader:240 - Cannot read IP mode file for STMicroelectronics.FP-SNS-MOTENVWB1.1.4.0
2025-04-29 08:05:08,059 [WARN] PackLoader:240 - Cannot read IP mode file for STMicroelectronics.FP-ATR-ASTRA1.2.0.2
2025-04-29 08:05:08,078 [WARN] PackLoader:240 - Cannot read IP mode file for STMicroelectronics.FP-ATR-ASTRA1.2.0.1
2025-04-29 08:05:08,101 [WARN] PackLoader:240 - Cannot read IP mode file for STMicroelectronics.X-CUBE-SMBUS.2.1.0
2025-04-29 08:05:08,119 [WARN] PackLoader:240 - Cannot read IP mode file for STMicroelectronics.X-CUBE-WB05N.1.1.0
2025-04-29 08:05:08,135 [WARN] PackLoader:240 - Cannot read IP mode file for STMicroelectronics.X-CUBE-TOUCHGFX.4.23.2
2025-04-29 08:05:08,173 [WARN] PackLoader:240 - Cannot read IP mode file for STMicroelectronics.X-CUBE-AZRTOS-F7.1.1.0
2025-04-29 08:05:08,263 [WARN] PackLoader:240 - Cannot read IP mode file for STMicroelectronics.X-CUBE-MEMS1.11.0.0
2025-04-29 08:05:08,401 [WARN] PackLoader:240 - Cannot read IP mode file for STMicroelectronics.FP-SNS-FLIGHT1.5.0.2
2025-04-29 08:05:08,421 [WARN] PackLoader:240 - Cannot read IP mode file for STMicroelectronics.X-CUBE-DISPLAY.3.0.0
2025-04-29 08:05:08,441 [WARN] PackLoader:240 - Cannot read IP mode file for STMicroelectronics.X-CUBE-BLE1.7.0.0
2025-04-29 08:05:08,455 [WARN] PackLoader:240 - Cannot read IP mode file for STMicroelectronics.X-CUBE-NFC10.1.0.0
2025-04-29 08:05:08,475 [WARN] PackLoader:240 - Cannot read IP mode file for STMicroelectronics.X-CUBE-BLEMGR.4.0.0
2025-04-29 08:05:08,492 [WARN] PackLoader:240 - Cannot read IP mode file for emotas.I-CUBE-CANOPEN.1.3.0
2025-04-29 08:05:08,512 [WARN] PackLoader:240 - Cannot read IP mode file for STMicroelectronics.X-CUBE-BLEMGR.3.1.0
2025-04-29 08:05:08,529 [WARN] PackLoader:240 - Cannot read IP mode file for STMicroelectronics.X-CUBE-AI.10.0.0
2025-04-29 08:05:08,550 [WARN] PackLoader:240 - Cannot read IP mode file for STMicroelectronics.FP-SNS-SMARTAG2.1.2.0
2025-04-29 08:05:08,569 [ERROR] Engine:466 - C:\Users\Iris\.stm32cubemx\thirdparties\pdsc\STMicroelectronics.FP-SNS-FLIGHT1.5.1.0.pdsc: PDSC version is not supported
2025-04-29 08:05:08,636 [WARN] PackLoader:240 - Cannot read IP mode file for STMicroelectronics.X-CUBE-MEMS1.11.1.0
2025-04-29 08:05:08,770 [INFO] LogOutputStream:77 - [STDOUT_REDIRECT] 1 : Invalid condition id : UX_CORESTACK_Condition cause : null
2025-04-29 08:05:08,770 [INFO] LogOutputStream:77 - [STDOUT_REDIRECT] 1 : Invalid condition id : UX_CORESTACK_Condition cause : null
2025-04-29 08:05:08,771 [INFO] LogOutputStream:77 - [STDOUT_REDIRECT] 1 : Invalid condition id : UX_CORESTACK_Condition cause : null
2025-04-29 08:05:08,772 [INFO] LogOutputStream:77 - [STDOUT_REDIRECT] 1 : Invalid condition id : UX_CORESTACK_Condition cause : null
2025-04-29 08:05:08,775 [INFO] LogOutputStream:77 - [STDOUT_REDIRECT] 1 : Invalid condition id : UX_CORESTACK_Condition cause : null
2025-04-29 08:05:08,777 [WARN] PackLoader:240 - Cannot read IP mode file for STMicroelectronics.X-CUBE-AZRTOS-WL.2.0.0
2025-04-29 08:05:08,797 [WARN] PackLoader:240 - Cannot read IP mode file for STMicroelectronics.FP-SNS-MOTENV1.5.0.0
2025-04-29 08:05:08,818 [WARN] PackLoader:240 - Cannot read IP mode file for wolfSSL.I-CUBE-wolfMQTT.1.19.0
2025-04-29 08:05:08,840 [WARN] PackLoader:240 - Cannot read IP mode file for WES.I-CUBE-Cesium.1.3.0
2025-04-29 08:05:08,860 [WARN] PackLoader:240 - Cannot read IP mode file for STMicroelectronics.X-CUBE-BLE2.3.3.0
2025-04-29 08:05:09,002 [WARN] PackLoader:240 - Cannot read IP mode file for STMicroelectronics.X-CUBE-NFC9.1.0.0
2025-04-29 08:05:09,068 [WARN] PackLoader:240 - Cannot read IP mode file for STMicroelectronics.X-CUBE-BLE1.7.1.0
2025-04-29 08:05:09,095 [WARN] PackLoader:240 - Cannot read IP mode file for STMicroelectronics.X-CUBE-TCPP.4.1.0
2025-04-29 08:05:09,159 [WARN] PackLoader:240 - Cannot read IP mode file for STMicroelectronics.X-CUBE-MEMS1.11.2.0
2025-04-29 08:05:09,277 [WARN] PackLoader:240 - Cannot read IP mode file for STMicroelectronics.X-CUBE-AZRTOS-G0.1.1.0
2025-04-29 08:05:09,305 [WARN] PackLoader:240 - Cannot read IP mode file for STMicroelectronics.X-CUBE-SAFEA1.1.2.2
2025-04-29 08:05:09,327 [WARN] PackLoader:240 - Cannot read IP mode file for STMicroelectronics.X-CUBE-NFC4.3.0.0
2025-04-29 08:05:09,360 [WARN] PackLoader:240 - Cannot read IP mode file for EmbeddedOffice.I-CUBE-FS-RTOS.1.0.1
2025-04-29 08:05:09,360 [ERROR] ConditionMgr:805 - Attr not supported : Dmpu
2025-04-29 08:05:09,361 [ERROR] ConditionMgr:805 - Attr not supported : Dmpu
2025-04-29 08:05:09,361 [ERROR] ConditionMgr:805 - Attr not supported : Dmpu
2025-04-29 08:05:09,362 [ERROR] ConditionMgr:805 - Attr not supported : Dmpu
2025-04-29 08:05:09,363 [ERROR] ConditionMgr:805 - Attr not supported : Dmpu
2025-04-29 08:05:09,363 [ERROR] ConditionMgr:805 - Attr not supported : Dmpu
2025-04-29 08:05:09,363 [ERROR] ConditionMgr:805 - Attr not supported : Dmpu
2025-04-29 08:05:09,363 [ERROR] ConditionMgr:805 - Attr not supported : Dmpu
2025-04-29 08:05:09,364 [ERROR] ConditionMgr:805 - Attr not supported : Dmpu
2025-04-29 08:05:09,364 [ERROR] ConditionMgr:805 - Attr not supported : Dmpu
2025-04-29 08:05:09,364 [ERROR] ConditionMgr:805 - Attr not supported : Dmpu
2025-04-29 08:05:09,364 [ERROR] ConditionMgr:805 - Attr not supported : Dmpu
2025-04-29 08:05:09,364 [ERROR] ConditionMgr:805 - Attr not supported : Dmpu
2025-04-29 08:05:09,364 [ERROR] ConditionMgr:805 - Attr not supported : Dmpu
2025-04-29 08:05:09,364 [ERROR] ConditionMgr:805 - Attr not supported : Dmpu
2025-04-29 08:05:09,364 [ERROR] ConditionMgr:805 - Attr not supported : Dmpu
2025-04-29 08:05:09,364 [ERROR] ConditionMgr:805 - Attr not supported : Dmpu
2025-04-29 08:05:09,364 [ERROR] ConditionMgr:805 - Attr not supported : Dmpu
2025-04-29 08:05:09,364 [ERROR] ConditionMgr:805 - Attr not supported : Dmpu
2025-04-29 08:05:09,364 [ERROR] ConditionMgr:805 - Attr not supported : Dmpu
2025-04-29 08:05:09,364 [ERROR] ConditionMgr:805 - Attr not supported : Dmpu
2025-04-29 08:05:09,366 [ERROR] ConditionMgr:805 - Attr not supported : Dmpu
2025-04-29 08:05:09,366 [ERROR] ConditionMgr:805 - Attr not supported : Dmpu
2025-04-29 08:05:09,368 [ERROR] ConditionMgr:805 - Attr not supported : Dmpu
2025-04-29 08:05:09,370 [ERROR] ConditionMgr:805 - Attr not supported : Dmpu
2025-04-29 08:05:09,370 [ERROR] ConditionMgr:805 - Attr not supported : Dmpu
2025-04-29 08:05:09,370 [ERROR] ConditionMgr:805 - Attr not supported : Dmpu
2025-04-29 08:05:09,370 [ERROR] ConditionMgr:805 - Attr not supported : Dmpu
2025-04-29 08:05:09,370 [ERROR] ConditionMgr:805 - Attr not supported : Dmpu
2025-04-29 08:05:09,370 [ERROR] ConditionMgr:805 - Attr not supported : Dmpu
2025-04-29 08:05:09,370 [ERROR] ConditionMgr:805 - Attr not supported : Dmpu
2025-04-29 08:05:09,370 [ERROR] ConditionMgr:805 - Attr not supported : Dmpu
2025-04-29 08:05:09,370 [ERROR] ConditionMgr:805 - Attr not supported : Dmpu
2025-04-29 08:05:09,370 [ERROR] ConditionMgr:805 - Attr not supported : Dmpu
2025-04-29 08:05:09,370 [ERROR] ConditionMgr:805 - Attr not supported : Dmpu
2025-04-29 08:05:09,371 [ERROR] ConditionMgr:805 - Attr not supported : Dmpu
2025-04-29 08:05:09,371 [ERROR] ConditionMgr:805 - Attr not supported : Dmpu
2025-04-29 08:05:09,371 [ERROR] ConditionMgr:805 - Attr not supported : Dmpu
2025-04-29 08:05:09,371 [ERROR] ConditionMgr:805 - Attr not supported : Dmpu
2025-04-29 08:05:09,371 [ERROR] ConditionMgr:805 - Attr not supported : Dmpu
2025-04-29 08:05:09,371 [ERROR] ConditionMgr:805 - Attr not supported : Dmpu
2025-04-29 08:05:09,371 [ERROR] ConditionMgr:805 - Attr not supported : Dmpu
2025-04-29 08:05:09,371 [ERROR] ConditionMgr:805 - Attr not supported : Dmpu
2025-04-29 08:05:09,371 [ERROR] ConditionMgr:805 - Attr not supported : Dmpu
2025-04-29 08:05:09,371 [ERROR] ConditionMgr:805 - Attr not supported : Dmpu
2025-04-29 08:05:09,371 [ERROR] ConditionMgr:805 - Attr not supported : Dmpu
2025-04-29 08:05:09,371 [ERROR] ConditionMgr:805 - Attr not supported : Dmpu
2025-04-29 08:05:09,371 [ERROR] ConditionMgr:805 - Attr not supported : Dmpu
2025-04-29 08:05:09,371 [ERROR] ConditionMgr:805 - Attr not supported : Dmpu
2025-04-29 08:05:09,371 [ERROR] ConditionMgr:805 - Attr not supported : Dmpu
2025-04-29 08:05:09,371 [ERROR] ConditionMgr:805 - Attr not supported : Dmpu
2025-04-29 08:05:09,371 [ERROR] ConditionMgr:805 - Attr not supported : Dmpu
2025-04-29 08:05:09,371 [ERROR] ConditionMgr:805 - Attr not supported : Dmpu
2025-04-29 08:05:09,371 [ERROR] ConditionMgr:805 - Attr not supported : Dmpu
2025-04-29 08:05:09,371 [ERROR] ConditionMgr:805 - Attr not supported : Dmpu
2025-04-29 08:05:09,371 [ERROR] ConditionMgr:805 - Attr not supported : Dmpu
2025-04-29 08:05:09,371 [ERROR] ConditionMgr:805 - Attr not supported : Dmpu
2025-04-29 08:05:09,371 [ERROR] ConditionMgr:805 - Attr not supported : Dmpu
2025-04-29 08:05:09,371 [ERROR] ConditionMgr:805 - Attr not supported : Dmpu
2025-04-29 08:05:09,371 [ERROR] ConditionMgr:805 - Attr not supported : Dmpu
2025-04-29 08:05:09,371 [ERROR] ConditionMgr:805 - Attr not supported : Dmpu
2025-04-29 08:05:09,371 [ERROR] ConditionMgr:805 - Attr not supported : Dmpu
2025-04-29 08:05:09,372 [ERROR] ConditionMgr:805 - Attr not supported : Dmpu
2025-04-29 08:05:09,372 [ERROR] ConditionMgr:805 - Attr not supported : Dmpu
2025-04-29 08:05:09,396 [WARN] PackLoader:240 - Cannot read IP mode file for STMicroelectronics.X-CUBE-WB05N.2.0.0
2025-04-29 08:05:09,417 [ERROR] Engine:466 - C:\Users\Iris\.stm32cubemx\thirdparties\pdsc\STMicroelectronics.X-CUBE-TCPP.4.2.0.pdsc: PDSC version is not supported
2025-04-29 08:05:09,437 [WARN] PackLoader:240 - Cannot read IP mode file for RealThread.X-CUBE-RT-Thread_Nano.4.1.1
2025-04-29 08:05:09,459 [WARN] PackLoader:240 - Cannot read IP mode file for wolfSSL.I-CUBE-wolfSSL.5.7.0
2025-04-29 08:05:09,483 [WARN] PackLoader:240 - Cannot read IP mode file for STMicroelectronics.FP-ATR-SIGFOX1.3.2.0
2025-04-29 08:05:09,507 [WARN] ConditionMgr:438 - getConditionDescription Invalid condition id : Cortex-A Device cause : null
2025-04-29 08:05:09,542 [WARN] ConditionMgr:1039 - genDependencies : Invalid condition id : Cortex-A Device cause : null
2025-04-29 08:05:09,543 [WARN] ConditionMgr:1039 - genDependencies : Invalid condition id : Cortex-A Device cause : null
2025-04-29 08:05:09,543 [WARN] ConditionMgr:1039 - genDependencies : Invalid condition id : Cortex-A Device cause : null
2025-04-29 08:05:09,681 [WARN] PackLoader:240 - Cannot read IP mode file for STMicroelectronics.X-CUBE-EEPRMA1.5.1.0
2025-04-29 08:05:09,839 [WARN] PackLoader:240 - Cannot read IP mode file for ITTIA_DB.I-CUBE-ITTIADB.8.9.0
2025-04-29 08:05:10,319 [WARN] PackLoader:240 - Cannot read IP mode file for SEGGER.I-CUBE-embOS.1.3.1
2025-04-29 08:05:10,486 [WARN] PackLoader:240 - Cannot read IP mode file for STMicroelectronics.X-CUBE-ALGOBUILD.1.4.0
2025-04-29 08:05:10,554 [WARN] PackLoader:240 - Cannot read IP mode file for STMicroelectronics.X-CUBE-AI.9.1.0
2025-04-29 08:05:10,655 [WARN] PackLoader:240 - Cannot read IP mode file for STMicroelectronics.X-CUBE-GNSS1.6.0.0
2025-04-29 08:05:11,146 [WARN] PackLoader:240 - Cannot read IP mode file for STMicroelectronics.X-CUBE-AZRTOS-F4.1.1.0
2025-04-29 08:05:11,274 [ERROR] Engine:466 - C:\Users\Iris\.stm32cubemx\thirdparties\pdsc\Avnet-IotConnect.X-CUBE-IoTC-DA16k-PMOD.1.0.0.pdsc: PDSC version is not supported
2025-04-29 08:05:11,308 [WARN] PackLoader:240 - Cannot read IP mode file for STMicroelectronics.X-CUBE-ISPU.2.1.0
2025-04-29 08:05:11,328 [WARN] PackLoader:240 - Cannot read IP mode file for STMicroelectronics.X-CUBE-FREERTOS.1.2.0
2025-04-29 08:05:11,348 [WARN] PackLoader:240 - Cannot read IP mode file for STMicroelectronics.X-CUBE-AZRTOS-L5.2.0.0
2025-04-29 08:05:11,361 [WARN] PackLoader:240 - Cannot read IP mode file for STMicroelectronics.X-CUBE-NFC6.3.1.0
2025-04-29 08:05:11,373 [WARN] PackLoader:240 - Cannot read IP mode file for STMicroelectronics.X-CUBE-DPower.1.2.0
2025-04-29 08:05:11,384 [WARN] PackLoader:240 - Cannot read IP mode file for STMicroelectronics.X-CUBE-AI.9.0.0
2025-04-29 08:05:11,397 [WARN] PackLoader:240 - Cannot read IP mode file for STMicroelectronics.X-CUBE-FREERTOS.1.3.0
2025-04-29 08:05:11,412 [WARN] PackLoader:240 - Cannot read IP mode file for STMicroelectronics.X-CUBE-NFC7.1.0.1
2025-04-29 08:05:11,428 [WARN] PackLoader:240 - Cannot read IP mode file for STMicroelectronics.X-CUBE-DPower.1.3.0
2025-04-29 08:05:11,453 [WARN] ConditionMgr:438 - getConditionDescription Invalid condition id : LAN8742 Phy interface Condition cause : null
2025-04-29 08:05:11,453 [WARN] PackLoader:240 - Cannot read IP mode file for STMicroelectronics.X-CUBE-AZRTOS-L4.2.0.0
2025-04-29 08:05:11,454 [WARN] ConditionMgr:1039 - genDependencies : Invalid condition id : LAN8742 Phy interface Condition cause : null
2025-04-29 08:05:11,455 [WARN] ConditionMgr:1039 - genDependencies : Invalid condition id : LAN8742 Phy interface Condition cause : null
2025-04-29 08:05:11,455 [WARN] ConditionMgr:1039 - genDependencies : Invalid condition id : LAN8742 Phy interface Condition cause : null
2025-04-29 08:05:11,472 [WARN] PackLoader:240 - Cannot read IP mode file for STMicroelectronics.X-CUBE-SFXS2LP1.4.0.0
2025-04-29 08:05:11,503 [WARN] PackLoader:240 - Cannot read IP mode file for STMicroelectronics.X-CUBE-AZRTOS-H7.3.3.0
2025-04-29 08:05:11,533 [WARN] PackLoader:240 - Cannot read IP mode file for STMicroelectronics.X-CUBE-IPS.3.0.0
2025-04-29 08:05:11,571 [WARN] ConditionMgr:438 - getConditionDescription Invalid condition id : UX DEVICE CLASS RTOS Condition cause : null
2025-04-29 08:05:11,571 [WARN] ConditionMgr:438 - getConditionDescription Invalid condition id : UX DEVICE CLASS RTOS Condition cause : null
2025-04-29 08:05:11,572 [WARN] PackLoader:240 - Cannot read IP mode file for STMicroelectronics.X-CUBE-AZRTOS-WB.2.0.0
2025-04-29 08:05:11,573 [WARN] ConditionMgr:1039 - genDependencies : Invalid condition id : UX DEVICE CLASS RTOS Condition cause : null
2025-04-29 08:05:11,573 [WARN] ConditionMgr:1039 - genDependencies : Invalid condition id : UX DEVICE CLASS RTOS Condition cause : null
2025-04-29 08:05:11,573 [WARN] ConditionMgr:1039 - genDependencies : Invalid condition id : UX DEVICE CLASS RTOS Condition cause : null
2025-04-29 08:05:11,574 [WARN] ConditionMgr:1039 - genDependencies : Invalid condition id : UX DEVICE CLASS RTOS Condition cause : null
2025-04-29 08:05:11,574 [WARN] ConditionMgr:1039 - genDependencies : Invalid condition id : UX DEVICE CLASS RTOS Condition cause : null
2025-04-29 08:05:11,593 [WARN] PackLoader:240 - Cannot read IP mode file for STMicroelectronics.X-CUBE-GNSS1.7.0.0
2025-04-29 08:05:11,660 [WARN] PackLoader:240 - Cannot read IP mode file for STMicroelectronics.X-CUBE-GNSS1.7.0.1
2025-04-29 08:05:11,693 [WARN] PackLoader:240 - Cannot read IP mode file for STMicroelectronics.X-CUBE-TOUCHGFX.4.25.0
2025-04-29 08:05:11,713 [WARN] PackLoader:240 - Cannot read IP mode file for STMicroelectronics.FP-SNS-STBOX1.2.0.0
2025-04-29 08:05:11,748 [WARN] PackLoader:240 - Cannot read IP mode file for STMicroelectronics.X-CUBE-SUBG2.5.0.0
2025-04-29 08:05:11,924 [WARN] PackLoader:240 - Cannot read IP mode file for STMicroelectronics.X-CUBE-AZRTOS-H7RS.1.1.0
2025-04-29 08:05:11,958 [WARN] PackLoader:240 - Cannot read IP mode file for Cesanta.I-CUBE-Mongoose.7.13.0
2025-04-29 08:05:11,982 [WARN] PackLoader:240 - Cannot read IP mode file for STMicroelectronics.X-CUBE-AZRTOS-G4.2.0.0
2025-04-29 08:05:11,997 [WARN] PackLoader:240 - Cannot read IP mode file for STMicroelectronics.X-CUBE-ISPU.2.0.0
2025-04-29 08:05:12,023 [ERROR] Engine:466 - C:\Users\Iris\.stm32cubemx\thirdparties\pdsc\STMicroelectronics.X-CUBE-IPS.3.1.0.pdsc: PDSC version is not supported
2025-04-29 08:05:12,049 [WARN] PackLoader:240 - Cannot read IP mode file for STMicroelectronics.X-CUBE-ALS.1.0.2
2025-04-29 08:05:12,129 [WARN] PackLoader:240 - Cannot read IP mode file for STMicroelectronics.X-CUBE-MEMS1.10.0.0
2025-04-29 08:05:12,242 [WARN] PackLoader:240 - Cannot read IP mode file for STMicroelectronics.X-CUBE-TOUCHGFX.4.24.0
2025-04-29 08:05:12,268 [WARN] PackLoader:240 - Cannot read IP mode file for STMicroelectronics.X-CUBE-TOUCHGFX.4.24.2
2025-04-29 08:05:12,299 [WARN] PackLoader:240 - Cannot read IP mode file for STMicroelectronics.X-CUBE-TOUCHGFX.4.24.1
2025-04-29 08:05:12,514 [WARN] PackLoader:240 - Cannot read IP mode file for wolfSSL.I-CUBE-wolfTPM.3.4.0
2025-04-29 08:05:12,542 [WARN] PackLoader:240 - Cannot read IP mode file for portGmbH.I-Cube-SoM-uGOAL.1.1.0
2025-04-29 08:05:12,588 [WARN] PackLoader:240 - Cannot read IP mode file for STMicroelectronics.X-CUBE-AZRTOS-H7RS.1.0.0
2025-04-29 08:05:12,634 [WARN] PackLoader:240 - Cannot read IP mode file for STMicroelectronics.FP-ATR-ASTRA1.2.0.0
2025-04-29 08:05:12,665 [WARN] PackLoader:240 - Cannot read IP mode file for STMicroelectronics.X-CUBE-TOF1.3.4.2
2025-04-29 08:05:12,721 [ERROR] Engine:466 - C:\Users\Iris\.stm32cubemx\thirdparties\pdsc\STMicroelectronics.X-CUBE-TOF1.3.4.3.pdsc: PDSC version is not supported
2025-04-29 08:05:12,772 [WARN] PackLoader:240 - Cannot read IP mode file for STMicroelectronics.X-CUBE-TOF1.3.4.1
2025-04-29 08:05:12,821 [WARN] PackLoader:240 - Cannot read IP mode file for STMicroelectronics.X-CUBE-AZRTOS-H7.3.2.0
2025-04-29 08:05:12,870 [WARN] PackLoader:240 - Cannot read IP mode file for Infineon.AIROC-Wi-Fi-Bluetooth-STM32.1.6.0
2025-04-29 08:05:12,893 [WARN] PackLoader:240 - Cannot read IP mode file for wolfSSL.I-CUBE-wolfSSH.1.4.17
2025-04-29 08:05:12,893 [INFO] ThirdParty:978 - Integrity check success = true
2025-04-29 08:05:12,893 [INFO] IntegrityCheckThread:100 - exiting critical section [integrity check]
2025-04-29 08:05:12,893 [INFO] IntegrityCheckThread:103 - End integrity checks thread
2025-04-29 08:05:13,008 [INFO] WebApp:161 - Instantiating new browser for Auth
2025-04-29 08:05:15,980 [INFO] WebApp:779 - Register for checkConnection events
2025-04-29 08:05:15,980 [INFO] WebApp:414 - Apply proxy settings
2025-04-29 08:05:15,980 [INFO] WebApp:499 - Chromium requires no authentication
2025-04-29 08:05:15,990 [INFO] WebApp:442 - Direct internet connection detected
2025-04-29 08:05:16,185 [INFO] WebApp:192 - Starting web application
2025-04-29 08:05:16,185 [INFO] WebApp:544 - Web application path used C:\ST\STM32CubeIDE_1.15.1\STM32CubeIDE\plugins\com.st.stm32cube.common.mx_6.11.1.202404110753\db\plugins\mcufinder\reactClient1\index.html
2025-04-29 12:37:32,245 [ERROR] LogOutputStream:75 - [STDERR_REDIRECT] 
