2025-03-30 09:46:30,090 [ERROR] LogOutputStream:75 - [STDERR_REDIRECT] 
2025-03-30 14:08:31,182 [INFO] Activator:176 - 


2025-03-30 14:08:31,185 [INFO] Activator:177 - !SESSION log4j initialized
2025-03-30 14:08:37,068 [INFO] LogOutputStream:77 - [STDOUT_REDIRECT] 
2025-03-30 14:08:39,459 [INFO] ApplicationProperties:184 - Using Application install path: C:\ST\STM32CubeIDE_1.15.1\STM32CubeIDE\plugins\com.st.stm32cube.common.mx_6.11.1.202404110753
2025-03-30 14:08:39,478 [INFO] DbMcusXml:78 - Set database path to: C:\ST\STM32CubeIDE_1.15.1\STM32CubeIDE\plugins\com.st.stm32cube.common.mx_6.11.1.202404110753\\db\/mcu/
2025-03-30 14:08:39,478 [INFO] ApiDb:274 - Set plugin database path to: C:\ST\STM32CubeIDE_1.15.1\STM32CubeIDE\plugins\com.st.stm32cube.common.mx_6.11.1.202404110753\\db\/plugins/boardmanager/
2025-03-30 14:08:39,480 [WARN] ApiDb:259 - Overriding images path with different value:  => C:\ST\STM32CubeIDE_1.15.1\STM32CubeIDE\plugins\com.st.stm32cube.common.mx_6.11.1.202404110753\\db\/plugins/mcufinder/images/
2025-03-30 14:08:39,496 [INFO] ApiDb:250 - Set database path to: C:\Users\Iris\.stmcufinder\plugins\mcufinder//mcu/
2025-03-30 14:08:39,497 [INFO] DbMcusAds:125 - Set database path to: C:\Users\Iris\.stmcufinder\plugins\mcufinder//mcu/
2025-03-30 14:08:40,383 [INFO] CrossReferenceDbSqlite:203 - Set database path to: C:\Users\Iris\.stmcufinder\plugins\mcufinder//mcu/cs/
2025-03-30 14:08:40,484 [INFO] RulesReader:64 - Compatibility file has been processed (297 Rules)
2025-03-30 14:08:40,558 [INFO] DbMcusXml:78 - Set database path to: C:\ST\STM32CubeIDE_1.15.1\STM32CubeIDE\plugins\com.st.stm32cube.common.mx_6.11.1.202404110753\\db\/mcu/
2025-03-30 14:08:40,558 [INFO] ApiDb:274 - Set plugin database path to: C:\ST\STM32CubeIDE_1.15.1\STM32CubeIDE\plugins\com.st.stm32cube.common.mx_6.11.1.202404110753\\db\/plugins/boardmanager/
2025-03-30 14:08:40,558 [INFO] ApiDb:261 - Set plugin images path to: C:\ST\STM32CubeIDE_1.15.1\STM32CubeIDE\plugins\com.st.stm32cube.common.mx_6.11.1.202404110753\\db\/plugins/mcufinder/images/
2025-03-30 14:08:40,558 [WARN] DbFile:41 - Overriding database path with different value: C:\Users\Iris\.stmcufinder\plugins\mcufinder/ => C:\Users\Iris\.stmcufinder\plugins\mcufinder
2025-03-30 14:08:40,558 [INFO] ApiDb:250 - Set database path to: C:\Users\Iris\.stmcufinder\plugins\mcufinder//mcu/
2025-03-30 14:08:40,558 [WARN] DbFile:41 - Overriding database path with different value: C:\Users\Iris\.stmcufinder\plugins\mcufinder/ => C:\Users\Iris\.stmcufinder\plugins\mcufinder
2025-03-30 14:08:40,558 [INFO] DbMcusAds:125 - Set database path to: C:\Users\Iris\.stmcufinder\plugins\mcufinder//mcu/
2025-03-30 14:08:40,558 [WARN] DbFile:41 - Overriding database path with different value: C:\Users\Iris\.stmcufinder\plugins\mcufinder/ => C:\Users\Iris\.stmcufinder\plugins\mcufinder
2025-03-30 14:08:40,558 [WARN] DbFile:41 - Overriding database path with different value: C:\Users\Iris\.stmcufinder\plugins\mcufinder/ => C:\Users\Iris\.stmcufinder\plugins\mcufinder
2025-03-30 14:08:41,396 [INFO] CrossReferenceDbSqlite:203 - Set database path to: C:\Users\Iris\.stmcufinder\plugins\mcufinder//mcu/cs/
2025-03-30 14:08:41,460 [INFO] MainPanel:264 - HeapMemory: 268435456
2025-03-30 14:08:41,547 [INFO] DbMcusXml:78 - Set database path to: C:\ST\STM32CubeIDE_1.15.1\STM32CubeIDE\plugins\com.st.stm32cube.common.mx_6.11.1.202404110753\\db\/mcu/
2025-03-30 14:08:41,547 [INFO] ApiDb:274 - Set plugin database path to: C:\ST\STM32CubeIDE_1.15.1\STM32CubeIDE\plugins\com.st.stm32cube.common.mx_6.11.1.202404110753\\db\/plugins/boardmanager/
2025-03-30 14:08:41,547 [INFO] ApiDb:261 - Set plugin images path to: C:\ST\STM32CubeIDE_1.15.1\STM32CubeIDE\plugins\com.st.stm32cube.common.mx_6.11.1.202404110753\\db\/plugins/mcufinder/images/
2025-03-30 14:08:41,549 [WARN] DbFile:41 - Overriding database path with different value: C:\Users\Iris\.stmcufinder\plugins\mcufinder/ => C:\Users\Iris\.stmcufinder\plugins\mcufinder
2025-03-30 14:08:41,549 [INFO] ApiDb:250 - Set database path to: C:\Users\Iris\.stmcufinder\plugins\mcufinder//mcu/
2025-03-30 14:08:41,549 [WARN] DbFile:41 - Overriding database path with different value: C:\Users\Iris\.stmcufinder\plugins\mcufinder/ => C:\Users\Iris\.stmcufinder\plugins\mcufinder
2025-03-30 14:08:41,549 [INFO] DbMcusAds:125 - Set database path to: C:\Users\Iris\.stmcufinder\plugins\mcufinder//mcu/
2025-03-30 14:08:41,549 [WARN] DbFile:41 - Overriding database path with different value: C:\Users\Iris\.stmcufinder\plugins\mcufinder/ => C:\Users\Iris\.stmcufinder\plugins\mcufinder
2025-03-30 14:08:41,549 [WARN] DbFile:41 - Overriding database path with different value: C:\Users\Iris\.stmcufinder\plugins\mcufinder/ => C:\Users\Iris\.stmcufinder\plugins\mcufinder
2025-03-30 14:08:42,396 [INFO] CrossReferenceDbSqlite:203 - Set database path to: C:\Users\Iris\.stmcufinder\plugins\mcufinder//mcu/cs/
2025-03-30 14:08:42,413 [INFO] ApplicationProperties:184 - Using Application install path: C:\ST\STM32CubeIDE_1.15.1\STM32CubeIDE\plugins\com.st.stm32cube.common.mx_6.11.1.202404110753
2025-03-30 14:08:42,414 [INFO] PluginManage:196 - Search for loadable plugins [exclusion list=, ]
2025-03-30 14:08:42,416 [INFO] PluginManage:310 - Check plugin analytics
2025-03-30 14:08:43,463 [INFO] AnalyticsPlugin:253 - Accepted Software Licenses: STM32CubeMX.6.7.0,STM32CubeMX.6.11.1
2025-03-30 14:08:43,463 [INFO] AnalyticsPlugin:255 - Accepted CMSIS Pack Licenses: 
2025-03-30 14:08:43,463 [INFO] AnalyticsPlugin:257 - Accepted Firmware Licenses: FW.F4.1.28.0
2025-03-30 14:08:43,466 [INFO] PluginManage:359 - Loaded plugin analytics (category:tool,tabindex:-1)
2025-03-30 14:08:43,467 [INFO] PluginManage:310 - Check plugin cadmodel
2025-03-30 14:08:43,487 [INFO] CADModel:105 - Init CAD model plugin
2025-03-30 14:08:43,487 [INFO] PluginManage:359 - Loaded plugin cadmodel (category:power,tabindex:5)
2025-03-30 14:08:43,487 [INFO] PluginManage:310 - Check plugin clock
2025-03-30 14:08:43,513 [INFO] PluginManage:359 - Loaded plugin clock (category:base,tabindex:2)
2025-03-30 14:08:43,513 [INFO] PluginManage:310 - Check plugin ddr
2025-03-30 14:08:43,516 [INFO] PluginManage:359 - Loaded plugin ddr (category:tool,tabindex:6)
2025-03-30 14:08:43,516 [INFO] PluginManage:310 - Check plugin filemanager
2025-03-30 14:08:43,648 [INFO] PluginManage:359 - Loaded plugin filemanager (category:base,tabindex:10)
2025-03-30 14:08:43,648 [INFO] PluginManage:310 - Check plugin ipmanager
2025-03-30 14:08:43,657 [INFO] PluginManage:359 - Loaded plugin ipmanager (category:base,tabindex:5)
2025-03-30 14:08:43,657 [INFO] PluginManage:310 - Check plugin lpbam
2025-03-30 14:08:43,679 [INFO] PluginManage:359 - Loaded plugin lpbam (category:base,tabindex:0)
2025-03-30 14:08:43,679 [INFO] PluginManage:310 - Check plugin memorymap
2025-03-30 14:08:43,711 [INFO] PluginManage:359 - Loaded plugin memorymap (category:base,tabindex:4)
2025-03-30 14:08:43,712 [INFO] PluginManage:310 - Check plugin pinoutandconfiguration
2025-03-30 14:08:43,737 [INFO] PluginManage:359 - Loaded plugin pinoutandconfiguration (category:base,tabindex:1)
2025-03-30 14:08:43,737 [INFO] PluginManage:310 - Check plugin pinoutconfig
2025-03-30 14:08:43,849 [WARN] SupportedApi:132 - Cannot load RTOS API schema: s4s-elt-must-match.1: The content of 'definitions' must match (annotation?, (simpleType | complexType)?, (unique | key | keyref)*)). A problem was found starting at: attribute.
2025-03-30 14:08:43,985 [INFO] PluginManage:359 - Loaded plugin pinoutconfig (category:base,tabindex:0)
2025-03-30 14:08:43,985 [INFO] PluginManage:310 - Check plugin power
2025-03-30 14:08:44,014 [INFO] PluginManage:359 - Loaded plugin power (category:power,tabindex:4)
2025-03-30 14:08:44,014 [INFO] PluginManage:310 - Check plugin projectmanager
2025-03-30 14:08:44,035 [INFO] PluginManage:359 - Loaded plugin projectmanager (category:projectmanager,tabindex:3)
2025-03-30 14:08:44,035 [INFO] PluginManage:310 - Check plugin thirdparty
2025-03-30 14:08:44,412 [INFO] PluginManage:359 - Loaded plugin thirdparty (category:base,tabindex:-1)
2025-03-30 14:08:44,412 [INFO] PluginManage:310 - Check plugin tools
2025-03-30 14:08:44,412 [WARN] IntegrityCheckThread:84 - waiting for thirdparty lock release [integrity check]
2025-03-30 14:08:44,415 [INFO] IntegrityCheckThread:86 - entering critical section [integrity check]
2025-03-30 14:08:44,415 [INFO] ThirdPartyUpdaterWithRetryManager:70 - Updater plugin not ready yet. [1/15]
2025-03-30 14:08:44,472 [INFO] PluginManage:359 - Loaded plugin tools (category:base,tabindex:7)
2025-03-30 14:08:44,474 [INFO] PluginManage:310 - Check plugin tutovideos
2025-03-30 14:08:44,678 [INFO] PluginManage:359 - Loaded plugin tutovideos (category:base,tabindex:-1)
2025-03-30 14:08:44,678 [INFO] PluginManage:310 - Check plugin updater
2025-03-30 14:08:44,689 [INFO] PluginManage:359 - Loaded plugin updater (category:base,tabindex:12)
2025-03-30 14:08:44,689 [INFO] PluginManage:310 - Check plugin userauth
2025-03-30 14:08:44,694 [INFO] UserAuth:114 - Init User Auth plugin
2025-03-30 14:08:44,694 [INFO] PluginManage:359 - Loaded plugin userauth (category:base,tabindex:14)
2025-03-30 14:08:44,694 [INFO] PluginManage:283 - PluginManage : Loaded plugins [17]
2025-03-30 14:08:44,924 [INFO] PinOutPanel:1561 - setPackage(No Configuration,No Configuration)
2025-03-30 14:08:44,986 [INFO] CADModel:165 - CPN selected for project level
2025-03-30 14:08:44,986 [INFO] CADModel:114 - Register for checkConnection events
2025-03-30 14:08:45,012 [INFO] IPUIPlugin:80 - create IPUIPlugin
2025-03-30 14:08:45,013 [INFO] PluginManager:220 - loadIPPluginJar : add adc
2025-03-30 14:08:45,045 [INFO] IPUIPlugin:80 - create IPUIPlugin
2025-03-30 14:08:45,045 [INFO] PluginManager:220 - loadIPPluginJar : add aes
2025-03-30 14:08:45,083 [INFO] IPUIPlugin:80 - create IPUIPlugin
2025-03-30 14:08:45,083 [INFO] PluginManager:220 - loadIPPluginJar : add can
2025-03-30 14:08:45,109 [INFO] IPUIPlugin:80 - create IPUIPlugin
2025-03-30 14:08:45,110 [INFO] PluginManager:220 - loadIPPluginJar : add comp
2025-03-30 14:08:45,141 [INFO] IPUIPlugin:80 - create IPUIPlugin
2025-03-30 14:08:45,141 [INFO] PluginManager:220 - loadIPPluginJar : add cryp
2025-03-30 14:08:45,193 [INFO] IPUIPlugin:80 - create IPUIPlugin
2025-03-30 14:08:45,193 [INFO] PluginManager:220 - loadIPPluginJar : add dfsdm
2025-03-30 14:08:45,209 [INFO] IPUIPlugin:80 - create IPUIPlugin
2025-03-30 14:08:45,211 [INFO] PluginManager:220 - loadIPPluginJar : add dma
2025-03-30 14:08:45,261 [INFO] IPUIPlugin:80 - create IPUIPlugin
2025-03-30 14:08:45,261 [INFO] PluginManager:220 - loadIPPluginJar : add dma3
2025-03-30 14:08:45,340 [INFO] IPUIPlugin:80 - create IPUIPlugin
2025-03-30 14:08:45,340 [INFO] PluginManager:220 - loadIPPluginJar : add extmemmanager
2025-03-30 14:08:45,363 [INFO] IPUIPlugin:80 - create IPUIPlugin
2025-03-30 14:08:45,363 [INFO] PluginManager:220 - loadIPPluginJar : add fatfs
2025-03-30 14:08:45,416 [INFO] IPUIPlugin:80 - create IPUIPlugin
2025-03-30 14:08:45,416 [INFO] PluginManager:220 - loadIPPluginJar : add fmc
2025-03-30 14:08:45,441 [INFO] IPUIPlugin:80 - create IPUIPlugin
2025-03-30 14:08:45,441 [INFO] PluginManager:220 - loadIPPluginJar : add freertos
2025-03-30 14:08:45,465 [INFO] IPUIPlugin:80 - create IPUIPlugin
2025-03-30 14:08:45,465 [INFO] PluginManager:220 - loadIPPluginJar : add genericplugin
2025-03-30 14:08:45,685 [INFO] IPUIPlugin:80 - create IPUIPlugin
2025-03-30 14:08:45,685 [INFO] PluginManager:220 - loadIPPluginJar : add gfxmmu
2025-03-30 14:08:45,952 [INFO] IPUIPlugin:80 - create IPUIPlugin
2025-03-30 14:08:45,952 [INFO] PluginManager:220 - loadIPPluginJar : add gic
2025-03-30 14:08:45,966 [INFO] IPUIPlugin:80 - create IPUIPlugin
2025-03-30 14:08:45,966 [INFO] PluginManager:220 - loadIPPluginJar : add gpio
2025-03-30 14:08:46,153 [INFO] IPUIPlugin:80 - create IPUIPlugin
2025-03-30 14:08:46,153 [INFO] PluginManager:220 - loadIPPluginJar : add gtzc
2025-03-30 14:08:46,184 [INFO] IPUIPlugin:80 - create IPUIPlugin
2025-03-30 14:08:46,185 [INFO] PluginManager:220 - loadIPPluginJar : add hash
2025-03-30 14:08:46,261 [INFO] IPUIPlugin:80 - create IPUIPlugin
2025-03-30 14:08:46,261 [INFO] PluginManager:220 - loadIPPluginJar : add i2c
2025-03-30 14:08:46,344 [INFO] IPUIPlugin:80 - create IPUIPlugin
2025-03-30 14:08:46,344 [INFO] PluginManager:220 - loadIPPluginJar : add i2s
2025-03-30 14:08:46,423 [INFO] IPUIPlugin:80 - create IPUIPlugin
2025-03-30 14:08:46,423 [INFO] PluginManager:220 - loadIPPluginJar : add i3c
2025-03-30 14:08:46,632 [INFO] IPUIPlugin:80 - create IPUIPlugin
2025-03-30 14:08:46,632 [INFO] PluginManager:220 - loadIPPluginJar : add ipddr
2025-03-30 14:08:46,807 [INFO] IPUIPlugin:80 - create IPUIPlugin
2025-03-30 14:08:46,807 [INFO] PluginManager:220 - loadIPPluginJar : add linkedlist
2025-03-30 14:08:46,866 [INFO] IPUIPlugin:80 - create IPUIPlugin
2025-03-30 14:08:46,868 [INFO] PluginManager:220 - loadIPPluginJar : add lorawan
2025-03-30 14:08:46,955 [INFO] IPUIPlugin:80 - create IPUIPlugin
2025-03-30 14:08:46,955 [INFO] PluginManager:220 - loadIPPluginJar : add ltdc
2025-03-30 14:08:46,973 [INFO] IPUIPlugin:80 - create IPUIPlugin
2025-03-30 14:08:46,973 [INFO] PluginManager:220 - loadIPPluginJar : add mdma
2025-03-30 14:08:46,988 [INFO] IPUIPlugin:80 - create IPUIPlugin
2025-03-30 14:08:46,989 [INFO] PluginManager:220 - loadIPPluginJar : add nvic
2025-03-30 14:08:47,041 [INFO] IPUIPlugin:80 - create IPUIPlugin
2025-03-30 14:08:47,041 [INFO] PluginManager:220 - loadIPPluginJar : add opamp
2025-03-30 14:08:47,174 [INFO] IPUIPlugin:80 - create IPUIPlugin
2025-03-30 14:08:47,174 [INFO] PluginManager:220 - loadIPPluginJar : add openamp
2025-03-30 14:08:47,270 [INFO] IPUIPlugin:80 - create IPUIPlugin
2025-03-30 14:08:47,270 [INFO] PluginManager:220 - loadIPPluginJar : add pdm2pcm
2025-03-30 14:08:47,285 [INFO] IPUIPlugin:80 - create IPUIPlugin
2025-03-30 14:08:47,288 [INFO] PluginManager:220 - loadIPPluginJar : add plateformsettings
2025-03-30 14:08:47,315 [INFO] IPUIPlugin:80 - create IPUIPlugin
2025-03-30 14:08:47,316 [INFO] PluginManager:220 - loadIPPluginJar : add quadspi
2025-03-30 14:08:47,341 [INFO] IPUIPlugin:80 - create IPUIPlugin
2025-03-30 14:08:47,341 [INFO] PluginManager:220 - loadIPPluginJar : add resmgrutility
2025-03-30 14:08:47,418 [INFO] ThirdPartyUpdaterWithRetryManager:70 - Updater plugin not ready yet. [2/15]
2025-03-30 14:08:47,431 [INFO] IPUIPlugin:80 - create IPUIPlugin
2025-03-30 14:08:47,431 [INFO] PluginManager:220 - loadIPPluginJar : add sai
2025-03-30 14:08:47,468 [INFO] IPUIPlugin:80 - create IPUIPlugin
2025-03-30 14:08:47,468 [INFO] PluginManager:220 - loadIPPluginJar : add spi
2025-03-30 14:08:47,601 [INFO] IPUIPlugin:80 - create IPUIPlugin
2025-03-30 14:08:47,601 [INFO] PluginManager:220 - loadIPPluginJar : add stm32_wpan
2025-03-30 14:08:47,626 [INFO] IPUIPlugin:80 - create IPUIPlugin
2025-03-30 14:08:47,626 [INFO] PluginManager:220 - loadIPPluginJar : add tim
2025-03-30 14:08:47,719 [INFO] IPUIPlugin:80 - create IPUIPlugin
2025-03-30 14:08:47,719 [INFO] PluginManager:220 - loadIPPluginJar : add touchsensing
2025-03-30 14:08:47,742 [INFO] IPUIPlugin:80 - create IPUIPlugin
2025-03-30 14:08:47,742 [INFO] PluginManager:220 - loadIPPluginJar : add tracer_emb
2025-03-30 14:08:47,765 [INFO] IPUIPlugin:80 - create IPUIPlugin
2025-03-30 14:08:47,765 [INFO] PluginManager:220 - loadIPPluginJar : add ts
2025-03-30 14:08:47,808 [INFO] IPUIPlugin:80 - create IPUIPlugin
2025-03-30 14:08:47,808 [INFO] PluginManager:220 - loadIPPluginJar : add tsc
2025-03-30 14:08:47,831 [INFO] IPUIPlugin:80 - create IPUIPlugin
2025-03-30 14:08:47,831 [INFO] PluginManager:220 - loadIPPluginJar : add ucpd
2025-03-30 14:08:47,877 [INFO] IPUIPlugin:80 - create IPUIPlugin
2025-03-30 14:08:47,877 [INFO] PluginManager:220 - loadIPPluginJar : add usart
2025-03-30 14:08:47,924 [INFO] IPUIPlugin:80 - create IPUIPlugin
2025-03-30 14:08:47,924 [INFO] PluginManager:220 - loadIPPluginJar : add usbx
2025-03-30 14:08:48,044 [INFO] CADModel:165 - CPN selected for project level
2025-03-30 14:08:48,044 [INFO] CADModel:114 - Register for checkConnection events
2025-03-30 14:08:48,044 [FATAL] Updater:308 - Updater called before beeing initialized
2025-03-30 14:08:48,046 [ERROR] CADModel:125 - Updater not yet initialized, retry later 
2025-03-30 14:08:48,174 [INFO] CADModel:165 - CPN selected for project level
2025-03-30 14:08:48,174 [INFO] CADModel:114 - Register for checkConnection events
2025-03-30 14:08:48,174 [FATAL] Updater:308 - Updater called before beeing initialized
2025-03-30 14:08:48,174 [ERROR] CADModel:125 - Updater not yet initialized, retry later 
2025-03-30 14:08:48,177 [FATAL] Updater:308 - Updater called before beeing initialized
2025-03-30 14:08:48,273 [FATAL] Updater:308 - Updater called before beeing initialized
2025-03-30 14:08:48,287 [INFO] DbMcusAds:53 - JSON generation date=Thu Mar 06 21:54:21 ICT 2025 (1741272861825)
2025-03-30 14:08:48,288 [FATAL] Updater:308 - Updater called before beeing initialized
2025-03-30 14:08:48,359 [WARN] DetailPanel:346 - Failed to get advertising image, set to default
2025-03-30 14:08:48,444 [FATAL] Updater:308 - Updater called before beeing initialized
2025-03-30 14:08:48,447 [FATAL] Updater:308 - Updater called before beeing initialized
2025-03-30 14:08:48,447 [FATAL] Updater:308 - Updater called before beeing initialized
2025-03-30 14:08:48,447 [WARN] DetailPanel:346 - Failed to get advertising image, set to default
2025-03-30 14:08:48,448 [FATAL] Updater:308 - Updater called before beeing initialized
2025-03-30 14:08:48,517 [ERROR] Updater:1120 - MainUpdater not yet initialized. External WinMGr cannot be set.
2025-03-30 14:08:48,530 [INFO] Updater:1056 - Updater Version found : 6.11.1
2025-03-30 14:08:48,563 [INFO] ApplicationProperties:184 - Using Application install path: C:\ST\STM32CubeIDE_1.15.1\STM32CubeIDE\plugins\com.st.stm32cube.common.mx_6.11.1.202404110753
2025-03-30 14:08:49,301 [INFO] MainUpdater:2873 - connection check result : 10
2025-03-30 14:08:49,301 [INFO] MainUpdater:290 - Updater Check For Update Now.
2025-03-30 14:08:49,302 [INFO] MicroXplorer:498 - Change Database Version : DB.6.0.111
2025-03-30 14:08:49,321 [INFO] McuFinderGlobals:63 - Set McuFinder mode to 2 (CubeIDE integrated)
2025-03-30 14:08:49,345 [INFO] UserAuth:415 - Internet connection configuration mode: 1
2025-03-30 14:08:49,384 [INFO] JxBrowserEngine:152 - Initiate JxBrowser Engine with user profile folder
2025-03-30 14:08:49,566 [INFO] CheckServerUpdateThread:120 - End of CheckServer Thread
2025-03-30 14:08:50,762 [WARN] PackLoader:240 - Cannot read IP mode file for STMicroelectronics.FP-SNS-MOTENVWB1.1.4.0
2025-03-30 14:08:50,780 [WARN] PackLoader:240 - Cannot read IP mode file for STMicroelectronics.FP-ATR-ASTRA1.2.0.2
2025-03-30 14:08:50,795 [WARN] PackLoader:240 - Cannot read IP mode file for STMicroelectronics.FP-ATR-ASTRA1.2.0.1
2025-03-30 14:08:50,819 [WARN] PackLoader:240 - Cannot read IP mode file for STMicroelectronics.X-CUBE-SMBUS.2.1.0
2025-03-30 14:08:50,844 [WARN] PackLoader:240 - Cannot read IP mode file for STMicroelectronics.X-CUBE-WB05N.1.1.0
2025-03-30 14:08:50,864 [WARN] PackLoader:240 - Cannot read IP mode file for STMicroelectronics.X-CUBE-TOUCHGFX.4.23.2
2025-03-30 14:08:50,915 [WARN] PackLoader:240 - Cannot read IP mode file for STMicroelectronics.X-CUBE-AZRTOS-F7.1.1.0
2025-03-30 14:08:51,007 [WARN] PackLoader:240 - Cannot read IP mode file for STMicroelectronics.X-CUBE-MEMS1.11.0.0
2025-03-30 14:08:51,171 [WARN] PackLoader:240 - Cannot read IP mode file for STMicroelectronics.FP-SNS-FLIGHT1.5.0.2
2025-03-30 14:08:51,190 [WARN] PackLoader:240 - Cannot read IP mode file for STMicroelectronics.X-CUBE-DISPLAY.3.0.0
2025-03-30 14:08:51,213 [WARN] PackLoader:240 - Cannot read IP mode file for STMicroelectronics.X-CUBE-BLE1.7.0.0
2025-03-30 14:08:51,230 [WARN] PackLoader:240 - Cannot read IP mode file for STMicroelectronics.X-CUBE-NFC10.1.0.0
2025-03-30 14:08:51,257 [WARN] PackLoader:240 - Cannot read IP mode file for STMicroelectronics.X-CUBE-BLEMGR.4.0.0
2025-03-30 14:08:51,276 [WARN] PackLoader:240 - Cannot read IP mode file for emotas.I-CUBE-CANOPEN.1.3.0
2025-03-30 14:08:51,294 [WARN] PackLoader:240 - Cannot read IP mode file for STMicroelectronics.X-CUBE-BLEMGR.3.1.0
2025-03-30 14:08:51,314 [WARN] PackLoader:240 - Cannot read IP mode file for STMicroelectronics.X-CUBE-AI.10.0.0
2025-03-30 14:08:51,335 [WARN] PackLoader:240 - Cannot read IP mode file for STMicroelectronics.FP-SNS-SMARTAG2.1.2.0
2025-03-30 14:08:51,353 [ERROR] Engine:466 - C:\Users\Iris\.stm32cubemx\thirdparties\pdsc\STMicroelectronics.FP-SNS-FLIGHT1.5.1.0.pdsc: PDSC version is not supported
2025-03-30 14:08:51,431 [WARN] PackLoader:240 - Cannot read IP mode file for STMicroelectronics.X-CUBE-MEMS1.11.1.0
2025-03-30 14:08:51,561 [INFO] LogOutputStream:77 - [STDOUT_REDIRECT] 1 : Invalid condition id : UX_CORESTACK_Condition cause : null
2025-03-30 14:08:51,562 [INFO] LogOutputStream:77 - [STDOUT_REDIRECT] 1 : Invalid condition id : UX_CORESTACK_Condition cause : null
2025-03-30 14:08:51,563 [INFO] LogOutputStream:77 - [STDOUT_REDIRECT] 1 : Invalid condition id : UX_CORESTACK_Condition cause : null
2025-03-30 14:08:51,566 [INFO] LogOutputStream:77 - [STDOUT_REDIRECT] 1 : Invalid condition id : UX_CORESTACK_Condition cause : null
2025-03-30 14:08:51,567 [INFO] LogOutputStream:77 - [STDOUT_REDIRECT] 1 : Invalid condition id : UX_CORESTACK_Condition cause : null
2025-03-30 14:08:51,569 [WARN] PackLoader:240 - Cannot read IP mode file for STMicroelectronics.X-CUBE-AZRTOS-WL.2.0.0
2025-03-30 14:08:51,585 [WARN] PackLoader:240 - Cannot read IP mode file for STMicroelectronics.FP-SNS-MOTENV1.5.0.0
2025-03-30 14:08:51,615 [WARN] PackLoader:240 - Cannot read IP mode file for wolfSSL.I-CUBE-wolfMQTT.1.19.0
2025-03-30 14:08:51,637 [WARN] PackLoader:240 - Cannot read IP mode file for WES.I-CUBE-Cesium.1.3.0
2025-03-30 14:08:51,666 [WARN] PackLoader:240 - Cannot read IP mode file for STMicroelectronics.X-CUBE-BLE2.3.3.0
2025-03-30 14:08:51,688 [WARN] PackLoader:240 - Cannot read IP mode file for STMicroelectronics.X-CUBE-NFC9.1.0.0
2025-03-30 14:08:51,722 [WARN] PackLoader:240 - Cannot read IP mode file for STMicroelectronics.X-CUBE-BLE1.7.1.0
2025-03-30 14:08:51,742 [WARN] PackLoader:240 - Cannot read IP mode file for STMicroelectronics.X-CUBE-TCPP.4.1.0
2025-03-30 14:08:51,776 [WARN] PackLoader:240 - Cannot read IP mode file for STMicroelectronics.X-CUBE-AZRTOS-G0.1.1.0
2025-03-30 14:08:51,796 [WARN] PackLoader:240 - Cannot read IP mode file for STMicroelectronics.X-CUBE-SAFEA1.1.2.2
2025-03-30 14:08:51,815 [WARN] PackLoader:240 - Cannot read IP mode file for STMicroelectronics.X-CUBE-NFC4.3.0.0
2025-03-30 14:08:51,835 [WARN] PackLoader:240 - Cannot read IP mode file for EmbeddedOffice.I-CUBE-FS-RTOS.1.0.1
2025-03-30 14:08:51,836 [ERROR] ConditionMgr:805 - Attr not supported : Dmpu
2025-03-30 14:08:51,836 [ERROR] ConditionMgr:805 - Attr not supported : Dmpu
2025-03-30 14:08:51,836 [ERROR] ConditionMgr:805 - Attr not supported : Dmpu
2025-03-30 14:08:51,836 [ERROR] ConditionMgr:805 - Attr not supported : Dmpu
2025-03-30 14:08:51,836 [ERROR] ConditionMgr:805 - Attr not supported : Dmpu
2025-03-30 14:08:51,836 [ERROR] ConditionMgr:805 - Attr not supported : Dmpu
2025-03-30 14:08:51,836 [ERROR] ConditionMgr:805 - Attr not supported : Dmpu
2025-03-30 14:08:51,836 [ERROR] ConditionMgr:805 - Attr not supported : Dmpu
2025-03-30 14:08:51,836 [ERROR] ConditionMgr:805 - Attr not supported : Dmpu
2025-03-30 14:08:51,836 [ERROR] ConditionMgr:805 - Attr not supported : Dmpu
2025-03-30 14:08:51,836 [ERROR] ConditionMgr:805 - Attr not supported : Dmpu
2025-03-30 14:08:51,836 [ERROR] ConditionMgr:805 - Attr not supported : Dmpu
2025-03-30 14:08:51,836 [ERROR] ConditionMgr:805 - Attr not supported : Dmpu
2025-03-30 14:08:51,836 [ERROR] ConditionMgr:805 - Attr not supported : Dmpu
2025-03-30 14:08:51,836 [ERROR] ConditionMgr:805 - Attr not supported : Dmpu
2025-03-30 14:08:51,836 [ERROR] ConditionMgr:805 - Attr not supported : Dmpu
2025-03-30 14:08:51,836 [ERROR] ConditionMgr:805 - Attr not supported : Dmpu
2025-03-30 14:08:51,836 [ERROR] ConditionMgr:805 - Attr not supported : Dmpu
2025-03-30 14:08:51,836 [ERROR] ConditionMgr:805 - Attr not supported : Dmpu
2025-03-30 14:08:51,836 [ERROR] ConditionMgr:805 - Attr not supported : Dmpu
2025-03-30 14:08:51,837 [ERROR] ConditionMgr:805 - Attr not supported : Dmpu
2025-03-30 14:08:51,837 [ERROR] ConditionMgr:805 - Attr not supported : Dmpu
2025-03-30 14:08:51,837 [ERROR] ConditionMgr:805 - Attr not supported : Dmpu
2025-03-30 14:08:51,837 [ERROR] ConditionMgr:805 - Attr not supported : Dmpu
2025-03-30 14:08:51,837 [ERROR] ConditionMgr:805 - Attr not supported : Dmpu
2025-03-30 14:08:51,837 [ERROR] ConditionMgr:805 - Attr not supported : Dmpu
2025-03-30 14:08:51,837 [ERROR] ConditionMgr:805 - Attr not supported : Dmpu
2025-03-30 14:08:51,837 [ERROR] ConditionMgr:805 - Attr not supported : Dmpu
2025-03-30 14:08:51,837 [ERROR] ConditionMgr:805 - Attr not supported : Dmpu
2025-03-30 14:08:51,837 [ERROR] ConditionMgr:805 - Attr not supported : Dmpu
2025-03-30 14:08:51,837 [ERROR] ConditionMgr:805 - Attr not supported : Dmpu
2025-03-30 14:08:51,837 [ERROR] ConditionMgr:805 - Attr not supported : Dmpu
2025-03-30 14:08:51,837 [ERROR] ConditionMgr:805 - Attr not supported : Dmpu
2025-03-30 14:08:51,837 [ERROR] ConditionMgr:805 - Attr not supported : Dmpu
2025-03-30 14:08:51,837 [ERROR] ConditionMgr:805 - Attr not supported : Dmpu
2025-03-30 14:08:51,837 [ERROR] ConditionMgr:805 - Attr not supported : Dmpu
2025-03-30 14:08:51,837 [ERROR] ConditionMgr:805 - Attr not supported : Dmpu
2025-03-30 14:08:51,837 [ERROR] ConditionMgr:805 - Attr not supported : Dmpu
2025-03-30 14:08:51,837 [ERROR] ConditionMgr:805 - Attr not supported : Dmpu
2025-03-30 14:08:51,837 [ERROR] ConditionMgr:805 - Attr not supported : Dmpu
2025-03-30 14:08:51,837 [ERROR] ConditionMgr:805 - Attr not supported : Dmpu
2025-03-30 14:08:51,837 [ERROR] ConditionMgr:805 - Attr not supported : Dmpu
2025-03-30 14:08:51,837 [ERROR] ConditionMgr:805 - Attr not supported : Dmpu
2025-03-30 14:08:51,837 [ERROR] ConditionMgr:805 - Attr not supported : Dmpu
2025-03-30 14:08:51,837 [ERROR] ConditionMgr:805 - Attr not supported : Dmpu
2025-03-30 14:08:51,837 [ERROR] ConditionMgr:805 - Attr not supported : Dmpu
2025-03-30 14:08:51,837 [ERROR] ConditionMgr:805 - Attr not supported : Dmpu
2025-03-30 14:08:51,837 [ERROR] ConditionMgr:805 - Attr not supported : Dmpu
2025-03-30 14:08:51,837 [ERROR] ConditionMgr:805 - Attr not supported : Dmpu
2025-03-30 14:08:51,837 [ERROR] ConditionMgr:805 - Attr not supported : Dmpu
2025-03-30 14:08:51,837 [ERROR] ConditionMgr:805 - Attr not supported : Dmpu
2025-03-30 14:08:51,837 [ERROR] ConditionMgr:805 - Attr not supported : Dmpu
2025-03-30 14:08:51,837 [ERROR] ConditionMgr:805 - Attr not supported : Dmpu
2025-03-30 14:08:51,837 [ERROR] ConditionMgr:805 - Attr not supported : Dmpu
2025-03-30 14:08:51,837 [ERROR] ConditionMgr:805 - Attr not supported : Dmpu
2025-03-30 14:08:51,837 [ERROR] ConditionMgr:805 - Attr not supported : Dmpu
2025-03-30 14:08:51,837 [ERROR] ConditionMgr:805 - Attr not supported : Dmpu
2025-03-30 14:08:51,837 [ERROR] ConditionMgr:805 - Attr not supported : Dmpu
2025-03-30 14:08:51,837 [ERROR] ConditionMgr:805 - Attr not supported : Dmpu
2025-03-30 14:08:51,837 [ERROR] ConditionMgr:805 - Attr not supported : Dmpu
2025-03-30 14:08:51,837 [ERROR] ConditionMgr:805 - Attr not supported : Dmpu
2025-03-30 14:08:51,839 [ERROR] ConditionMgr:805 - Attr not supported : Dmpu
2025-03-30 14:08:51,839 [ERROR] ConditionMgr:805 - Attr not supported : Dmpu
2025-03-30 14:08:51,839 [ERROR] ConditionMgr:805 - Attr not supported : Dmpu
2025-03-30 14:08:51,854 [ERROR] Engine:466 - C:\Users\Iris\.stm32cubemx\thirdparties\pdsc\STMicroelectronics.X-CUBE-TCPP.4.2.0.pdsc: PDSC version is not supported
2025-03-30 14:08:51,872 [WARN] PackLoader:240 - Cannot read IP mode file for RealThread.X-CUBE-RT-Thread_Nano.4.1.1
2025-03-30 14:08:51,889 [WARN] PackLoader:240 - Cannot read IP mode file for wolfSSL.I-CUBE-wolfSSL.5.7.0
2025-03-30 14:08:51,906 [WARN] PackLoader:240 - Cannot read IP mode file for STMicroelectronics.FP-ATR-SIGFOX1.3.2.0
2025-03-30 14:08:51,926 [WARN] ConditionMgr:438 - getConditionDescription Invalid condition id : Cortex-A Device cause : null
2025-03-30 14:08:51,955 [WARN] ConditionMgr:1039 - genDependencies : Invalid condition id : Cortex-A Device cause : null
2025-03-30 14:08:51,955 [WARN] ConditionMgr:1039 - genDependencies : Invalid condition id : Cortex-A Device cause : null
2025-03-30 14:08:51,955 [WARN] ConditionMgr:1039 - genDependencies : Invalid condition id : Cortex-A Device cause : null
2025-03-30 14:08:51,976 [WARN] PackLoader:240 - Cannot read IP mode file for STMicroelectronics.X-CUBE-EEPRMA1.5.1.0
2025-03-30 14:08:52,003 [WARN] PackLoader:240 - Cannot read IP mode file for ITTIA_DB.I-CUBE-ITTIADB.8.9.0
2025-03-30 14:08:52,056 [WARN] PackLoader:240 - Cannot read IP mode file for SEGGER.I-CUBE-embOS.1.3.1
2025-03-30 14:08:52,105 [WARN] PackLoader:240 - Cannot read IP mode file for STMicroelectronics.X-CUBE-ALGOBUILD.1.4.0
2025-03-30 14:08:52,123 [WARN] PackLoader:240 - Cannot read IP mode file for STMicroelectronics.X-CUBE-AI.9.1.0
2025-03-30 14:08:52,143 [WARN] PackLoader:240 - Cannot read IP mode file for STMicroelectronics.X-CUBE-GNSS1.6.0.0
2025-03-30 14:08:52,179 [WARN] PackLoader:240 - Cannot read IP mode file for STMicroelectronics.X-CUBE-AZRTOS-F4.1.1.0
2025-03-30 14:08:52,200 [WARN] PackLoader:240 - Cannot read IP mode file for STMicroelectronics.X-CUBE-ISPU.2.1.0
2025-03-30 14:08:52,218 [WARN] PackLoader:240 - Cannot read IP mode file for STMicroelectronics.X-CUBE-FREERTOS.1.2.0
2025-03-30 14:08:52,259 [WARN] PackLoader:240 - Cannot read IP mode file for STMicroelectronics.X-CUBE-AZRTOS-L5.2.0.0
2025-03-30 14:08:52,290 [WARN] PackLoader:240 - Cannot read IP mode file for STMicroelectronics.X-CUBE-NFC6.3.1.0
2025-03-30 14:08:52,316 [WARN] PackLoader:240 - Cannot read IP mode file for STMicroelectronics.X-CUBE-DPower.1.2.0
2025-03-30 14:08:52,340 [WARN] PackLoader:240 - Cannot read IP mode file for STMicroelectronics.X-CUBE-AI.9.0.0
2025-03-30 14:08:52,359 [WARN] PackLoader:240 - Cannot read IP mode file for STMicroelectronics.X-CUBE-FREERTOS.1.3.0
2025-03-30 14:08:52,386 [WARN] PackLoader:240 - Cannot read IP mode file for STMicroelectronics.X-CUBE-NFC7.1.0.1
2025-03-30 14:08:52,410 [WARN] PackLoader:240 - Cannot read IP mode file for STMicroelectronics.X-CUBE-DPower.1.3.0
2025-03-30 14:08:52,442 [WARN] ConditionMgr:438 - getConditionDescription Invalid condition id : LAN8742 Phy interface Condition cause : null
2025-03-30 14:08:52,443 [WARN] PackLoader:240 - Cannot read IP mode file for STMicroelectronics.X-CUBE-AZRTOS-L4.2.0.0
2025-03-30 14:08:52,444 [WARN] ConditionMgr:1039 - genDependencies : Invalid condition id : LAN8742 Phy interface Condition cause : null
2025-03-30 14:08:52,444 [WARN] ConditionMgr:1039 - genDependencies : Invalid condition id : LAN8742 Phy interface Condition cause : null
2025-03-30 14:08:52,445 [WARN] ConditionMgr:1039 - genDependencies : Invalid condition id : LAN8742 Phy interface Condition cause : null
2025-03-30 14:08:52,467 [WARN] PackLoader:240 - Cannot read IP mode file for STMicroelectronics.X-CUBE-SFXS2LP1.4.0.0
2025-03-30 14:08:52,508 [WARN] PackLoader:240 - Cannot read IP mode file for STMicroelectronics.X-CUBE-AZRTOS-H7.3.3.0
2025-03-30 14:08:52,530 [WARN] PackLoader:240 - Cannot read IP mode file for STMicroelectronics.X-CUBE-IPS.3.0.0
2025-03-30 14:08:52,559 [WARN] ConditionMgr:438 - getConditionDescription Invalid condition id : UX DEVICE CLASS RTOS Condition cause : null
2025-03-30 14:08:52,559 [WARN] ConditionMgr:438 - getConditionDescription Invalid condition id : UX DEVICE CLASS RTOS Condition cause : null
2025-03-30 14:08:52,561 [WARN] PackLoader:240 - Cannot read IP mode file for STMicroelectronics.X-CUBE-AZRTOS-WB.2.0.0
2025-03-30 14:08:52,562 [WARN] ConditionMgr:1039 - genDependencies : Invalid condition id : UX DEVICE CLASS RTOS Condition cause : null
2025-03-30 14:08:52,562 [WARN] ConditionMgr:1039 - genDependencies : Invalid condition id : UX DEVICE CLASS RTOS Condition cause : null
2025-03-30 14:08:52,562 [WARN] ConditionMgr:1039 - genDependencies : Invalid condition id : UX DEVICE CLASS RTOS Condition cause : null
2025-03-30 14:08:52,562 [WARN] ConditionMgr:1039 - genDependencies : Invalid condition id : UX DEVICE CLASS RTOS Condition cause : null
2025-03-30 14:08:52,563 [WARN] ConditionMgr:1039 - genDependencies : Invalid condition id : UX DEVICE CLASS RTOS Condition cause : null
2025-03-30 14:08:52,577 [WARN] PackLoader:240 - Cannot read IP mode file for STMicroelectronics.X-CUBE-GNSS1.7.0.0
2025-03-30 14:08:52,594 [WARN] PackLoader:240 - Cannot read IP mode file for STMicroelectronics.X-CUBE-GNSS1.7.0.1
2025-03-30 14:08:52,615 [WARN] PackLoader:240 - Cannot read IP mode file for STMicroelectronics.X-CUBE-TOUCHGFX.4.25.0
2025-03-30 14:08:52,638 [WARN] PackLoader:240 - Cannot read IP mode file for STMicroelectronics.FP-SNS-STBOX1.2.0.0
2025-03-30 14:08:52,663 [WARN] PackLoader:240 - Cannot read IP mode file for STMicroelectronics.X-CUBE-SUBG2.5.0.0
2025-03-30 14:08:52,702 [WARN] PackLoader:240 - Cannot read IP mode file for STMicroelectronics.X-CUBE-AZRTOS-H7RS.1.1.0
2025-03-30 14:08:52,726 [WARN] PackLoader:240 - Cannot read IP mode file for Cesanta.I-CUBE-Mongoose.7.13.0
2025-03-30 14:08:52,757 [WARN] PackLoader:240 - Cannot read IP mode file for STMicroelectronics.X-CUBE-AZRTOS-G4.2.0.0
2025-03-30 14:08:52,778 [WARN] PackLoader:240 - Cannot read IP mode file for STMicroelectronics.X-CUBE-ISPU.2.0.0
2025-03-30 14:08:52,797 [ERROR] Engine:466 - C:\Users\Iris\.stm32cubemx\thirdparties\pdsc\STMicroelectronics.X-CUBE-IPS.3.1.0.pdsc: PDSC version is not supported
2025-03-30 14:08:52,814 [WARN] PackLoader:240 - Cannot read IP mode file for STMicroelectronics.X-CUBE-ALS.1.0.2
2025-03-30 14:08:52,859 [WARN] PackLoader:240 - Cannot read IP mode file for STMicroelectronics.X-CUBE-MEMS1.10.0.0
2025-03-30 14:08:52,978 [WARN] PackLoader:240 - Cannot read IP mode file for STMicroelectronics.X-CUBE-TOUCHGFX.4.24.0
2025-03-30 14:08:52,994 [WARN] PackLoader:240 - Cannot read IP mode file for STMicroelectronics.X-CUBE-TOUCHGFX.4.24.2
2025-03-30 14:08:53,012 [WARN] PackLoader:240 - Cannot read IP mode file for STMicroelectronics.X-CUBE-TOUCHGFX.4.24.1
2025-03-30 14:08:53,029 [WARN] PackLoader:240 - Cannot read IP mode file for wolfSSL.I-CUBE-wolfTPM.3.4.0
2025-03-30 14:08:53,048 [WARN] PackLoader:240 - Cannot read IP mode file for portGmbH.I-Cube-SoM-uGOAL.1.1.0
2025-03-30 14:08:53,091 [WARN] PackLoader:240 - Cannot read IP mode file for STMicroelectronics.X-CUBE-AZRTOS-H7RS.1.0.0
2025-03-30 14:08:53,110 [WARN] PackLoader:240 - Cannot read IP mode file for STMicroelectronics.FP-ATR-ASTRA1.2.0.0
2025-03-30 14:08:53,136 [WARN] PackLoader:240 - Cannot read IP mode file for STMicroelectronics.X-CUBE-TOF1.3.4.2
2025-03-30 14:08:53,169 [WARN] PackLoader:240 - Cannot read IP mode file for STMicroelectronics.X-CUBE-TOF1.3.4.1
2025-03-30 14:08:53,214 [WARN] PackLoader:240 - Cannot read IP mode file for STMicroelectronics.X-CUBE-AZRTOS-H7.3.2.0
2025-03-30 14:08:53,249 [WARN] PackLoader:240 - Cannot read IP mode file for Infineon.AIROC-Wi-Fi-Bluetooth-STM32.1.6.0
2025-03-30 14:08:53,274 [WARN] PackLoader:240 - Cannot read IP mode file for wolfSSL.I-CUBE-wolfSSH.1.4.17
2025-03-30 14:08:53,275 [INFO] ThirdParty:978 - Integrity check success = true
2025-03-30 14:08:53,275 [INFO] IntegrityCheckThread:100 - exiting critical section [integrity check]
2025-03-30 14:08:53,275 [INFO] IntegrityCheckThread:103 - End integrity checks thread
2025-03-30 14:08:55,362 [INFO] WebApp:161 - Instantiating new browser for Auth
2025-03-30 14:08:56,143 [INFO] WebApp:779 - Register for checkConnection events
2025-03-30 14:08:56,143 [INFO] WebApp:414 - Apply proxy settings
2025-03-30 14:08:56,143 [INFO] WebApp:499 - Chromium requires no authentication
2025-03-30 14:08:56,152 [INFO] WebApp:442 - Direct internet connection detected
2025-03-30 14:08:56,406 [INFO] WebApp:192 - Starting web application
2025-03-30 14:08:56,406 [INFO] WebApp:544 - Web application path used C:\ST\STM32CubeIDE_1.15.1\STM32CubeIDE\plugins\com.st.stm32cube.common.mx_6.11.1.202404110753\db\plugins\mcufinder\reactClient1\index.html
2025-03-30 17:54:09,430 [ERROR] LogOutputStream:75 - [STDERR_REDIRECT] 
