2025-04-13 09:35:37,175 [INFO] Activator:176 - 


2025-04-13 09:35:37,189 [INFO] Activator:177 - !SESSION log4j initialized
2025-04-13 09:35:45,924 [INFO] LogOutputStream:77 - [STDOUT_REDIRECT] 
2025-04-13 09:35:48,556 [INFO] ApplicationProperties:184 - Using Application install path: C:\ST\STM32CubeIDE_1.15.1\STM32CubeIDE\plugins\com.st.stm32cube.common.mx_6.11.1.202404110753
2025-04-13 09:35:48,576 [INFO] DbMcusXml:78 - Set database path to: C:\ST\STM32CubeIDE_1.15.1\STM32CubeIDE\plugins\com.st.stm32cube.common.mx_6.11.1.202404110753\\db\/mcu/
2025-04-13 09:35:48,576 [INFO] ApiDb:274 - Set plugin database path to: C:\ST\STM32CubeIDE_1.15.1\STM32CubeIDE\plugins\com.st.stm32cube.common.mx_6.11.1.202404110753\\db\/plugins/boardmanager/
2025-04-13 09:35:48,576 [WARN] ApiDb:259 - Overriding images path with different value:  => C:\ST\STM32CubeIDE_1.15.1\STM32CubeIDE\plugins\com.st.stm32cube.common.mx_6.11.1.202404110753\\db\/plugins/mcufinder/images/
2025-04-13 09:35:48,592 [INFO] ApiDb:250 - Set database path to: C:\Users\Iris\.stmcufinder\plugins\mcufinder//mcu/
2025-04-13 09:35:48,593 [INFO] DbMcusAds:125 - Set database path to: C:\Users\Iris\.stmcufinder\plugins\mcufinder//mcu/
2025-04-13 09:35:49,397 [INFO] CrossReferenceDbSqlite:203 - Set database path to: C:\Users\Iris\.stmcufinder\plugins\mcufinder//mcu/cs/
2025-04-13 09:35:49,533 [INFO] RulesReader:64 - Compatibility file has been processed (297 Rules)
2025-04-13 09:35:49,639 [INFO] DbMcusXml:78 - Set database path to: C:\ST\STM32CubeIDE_1.15.1\STM32CubeIDE\plugins\com.st.stm32cube.common.mx_6.11.1.202404110753\\db\/mcu/
2025-04-13 09:35:49,639 [INFO] ApiDb:274 - Set plugin database path to: C:\ST\STM32CubeIDE_1.15.1\STM32CubeIDE\plugins\com.st.stm32cube.common.mx_6.11.1.202404110753\\db\/plugins/boardmanager/
2025-04-13 09:35:49,640 [INFO] ApiDb:261 - Set plugin images path to: C:\ST\STM32CubeIDE_1.15.1\STM32CubeIDE\plugins\com.st.stm32cube.common.mx_6.11.1.202404110753\\db\/plugins/mcufinder/images/
2025-04-13 09:35:49,640 [WARN] DbFile:41 - Overriding database path with different value: C:\Users\Iris\.stmcufinder\plugins\mcufinder/ => C:\Users\Iris\.stmcufinder\plugins\mcufinder
2025-04-13 09:35:49,640 [INFO] ApiDb:250 - Set database path to: C:\Users\Iris\.stmcufinder\plugins\mcufinder//mcu/
2025-04-13 09:35:49,640 [WARN] DbFile:41 - Overriding database path with different value: C:\Users\Iris\.stmcufinder\plugins\mcufinder/ => C:\Users\Iris\.stmcufinder\plugins\mcufinder
2025-04-13 09:35:49,640 [INFO] DbMcusAds:125 - Set database path to: C:\Users\Iris\.stmcufinder\plugins\mcufinder//mcu/
2025-04-13 09:35:49,640 [WARN] DbFile:41 - Overriding database path with different value: C:\Users\Iris\.stmcufinder\plugins\mcufinder/ => C:\Users\Iris\.stmcufinder\plugins\mcufinder
2025-04-13 09:35:49,640 [WARN] DbFile:41 - Overriding database path with different value: C:\Users\Iris\.stmcufinder\plugins\mcufinder/ => C:\Users\Iris\.stmcufinder\plugins\mcufinder
2025-04-13 09:35:50,383 [INFO] CrossReferenceDbSqlite:203 - Set database path to: C:\Users\Iris\.stmcufinder\plugins\mcufinder//mcu/cs/
2025-04-13 09:35:50,468 [INFO] MainPanel:264 - HeapMemory: 268435456
2025-04-13 09:35:50,566 [INFO] DbMcusXml:78 - Set database path to: C:\ST\STM32CubeIDE_1.15.1\STM32CubeIDE\plugins\com.st.stm32cube.common.mx_6.11.1.202404110753\\db\/mcu/
2025-04-13 09:35:50,566 [INFO] ApiDb:274 - Set plugin database path to: C:\ST\STM32CubeIDE_1.15.1\STM32CubeIDE\plugins\com.st.stm32cube.common.mx_6.11.1.202404110753\\db\/plugins/boardmanager/
2025-04-13 09:35:50,566 [INFO] ApiDb:261 - Set plugin images path to: C:\ST\STM32CubeIDE_1.15.1\STM32CubeIDE\plugins\com.st.stm32cube.common.mx_6.11.1.202404110753\\db\/plugins/mcufinder/images/
2025-04-13 09:35:50,566 [WARN] DbFile:41 - Overriding database path with different value: C:\Users\Iris\.stmcufinder\plugins\mcufinder/ => C:\Users\Iris\.stmcufinder\plugins\mcufinder
2025-04-13 09:35:50,567 [INFO] ApiDb:250 - Set database path to: C:\Users\Iris\.stmcufinder\plugins\mcufinder//mcu/
2025-04-13 09:35:50,567 [WARN] DbFile:41 - Overriding database path with different value: C:\Users\Iris\.stmcufinder\plugins\mcufinder/ => C:\Users\Iris\.stmcufinder\plugins\mcufinder
2025-04-13 09:35:50,567 [INFO] DbMcusAds:125 - Set database path to: C:\Users\Iris\.stmcufinder\plugins\mcufinder//mcu/
2025-04-13 09:35:50,567 [WARN] DbFile:41 - Overriding database path with different value: C:\Users\Iris\.stmcufinder\plugins\mcufinder/ => C:\Users\Iris\.stmcufinder\plugins\mcufinder
2025-04-13 09:35:50,567 [WARN] DbFile:41 - Overriding database path with different value: C:\Users\Iris\.stmcufinder\plugins\mcufinder/ => C:\Users\Iris\.stmcufinder\plugins\mcufinder
2025-04-13 09:35:51,383 [INFO] CrossReferenceDbSqlite:203 - Set database path to: C:\Users\Iris\.stmcufinder\plugins\mcufinder//mcu/cs/
2025-04-13 09:35:51,405 [INFO] ApplicationProperties:184 - Using Application install path: C:\ST\STM32CubeIDE_1.15.1\STM32CubeIDE\plugins\com.st.stm32cube.common.mx_6.11.1.202404110753
2025-04-13 09:35:51,408 [INFO] PluginManage:196 - Search for loadable plugins [exclusion list=, ]
2025-04-13 09:35:51,410 [INFO] PluginManage:310 - Check plugin analytics
2025-04-13 09:35:52,476 [INFO] AnalyticsPlugin:253 - Accepted Software Licenses: STM32CubeMX.6.7.0,STM32CubeMX.6.11.1
2025-04-13 09:35:52,478 [INFO] AnalyticsPlugin:255 - Accepted CMSIS Pack Licenses: 
2025-04-13 09:35:52,478 [INFO] AnalyticsPlugin:257 - Accepted Firmware Licenses: FW.F4.1.28.0
2025-04-13 09:35:52,480 [INFO] PluginManage:359 - Loaded plugin analytics (category:tool,tabindex:-1)
2025-04-13 09:35:52,481 [INFO] PluginManage:310 - Check plugin cadmodel
2025-04-13 09:35:52,498 [INFO] CADModel:105 - Init CAD model plugin
2025-04-13 09:35:52,498 [INFO] PluginManage:359 - Loaded plugin cadmodel (category:power,tabindex:5)
2025-04-13 09:35:52,498 [INFO] PluginManage:310 - Check plugin clock
2025-04-13 09:35:52,530 [INFO] PluginManage:359 - Loaded plugin clock (category:base,tabindex:2)
2025-04-13 09:35:52,531 [INFO] PluginManage:310 - Check plugin ddr
2025-04-13 09:35:52,535 [INFO] PluginManage:359 - Loaded plugin ddr (category:tool,tabindex:6)
2025-04-13 09:35:52,535 [INFO] PluginManage:310 - Check plugin filemanager
2025-04-13 09:35:52,681 [INFO] PluginManage:359 - Loaded plugin filemanager (category:base,tabindex:10)
2025-04-13 09:35:52,681 [INFO] PluginManage:310 - Check plugin ipmanager
2025-04-13 09:35:52,687 [INFO] PluginManage:359 - Loaded plugin ipmanager (category:base,tabindex:5)
2025-04-13 09:35:52,687 [INFO] PluginManage:310 - Check plugin lpbam
2025-04-13 09:35:52,712 [INFO] PluginManage:359 - Loaded plugin lpbam (category:base,tabindex:0)
2025-04-13 09:35:52,712 [INFO] PluginManage:310 - Check plugin memorymap
2025-04-13 09:35:52,742 [INFO] PluginManage:359 - Loaded plugin memorymap (category:base,tabindex:4)
2025-04-13 09:35:52,743 [INFO] PluginManage:310 - Check plugin pinoutandconfiguration
2025-04-13 09:35:52,764 [INFO] PluginManage:359 - Loaded plugin pinoutandconfiguration (category:base,tabindex:1)
2025-04-13 09:35:52,764 [INFO] PluginManage:310 - Check plugin pinoutconfig
2025-04-13 09:35:52,864 [WARN] SupportedApi:132 - Cannot load RTOS API schema: s4s-elt-must-match.1: The content of 'definitions' must match (annotation?, (simpleType | complexType)?, (unique | key | keyref)*)). A problem was found starting at: attribute.
2025-04-13 09:35:53,013 [INFO] PluginManage:359 - Loaded plugin pinoutconfig (category:base,tabindex:0)
2025-04-13 09:35:53,014 [INFO] PluginManage:310 - Check plugin power
2025-04-13 09:35:53,044 [INFO] PluginManage:359 - Loaded plugin power (category:power,tabindex:4)
2025-04-13 09:35:53,044 [INFO] PluginManage:310 - Check plugin projectmanager
2025-04-13 09:35:53,066 [INFO] PluginManage:359 - Loaded plugin projectmanager (category:projectmanager,tabindex:3)
2025-04-13 09:35:53,066 [INFO] PluginManage:310 - Check plugin thirdparty
2025-04-13 09:35:53,384 [INFO] PluginManage:359 - Loaded plugin thirdparty (category:base,tabindex:-1)
2025-04-13 09:35:53,384 [WARN] IntegrityCheckThread:84 - waiting for thirdparty lock release [integrity check]
2025-04-13 09:35:53,384 [INFO] PluginManage:310 - Check plugin tools
2025-04-13 09:35:53,384 [INFO] IntegrityCheckThread:86 - entering critical section [integrity check]
2025-04-13 09:35:53,385 [INFO] ThirdPartyUpdaterWithRetryManager:70 - Updater plugin not ready yet. [1/15]
2025-04-13 09:35:53,424 [INFO] PluginManage:359 - Loaded plugin tools (category:base,tabindex:7)
2025-04-13 09:35:53,424 [INFO] PluginManage:310 - Check plugin tutovideos
2025-04-13 09:35:53,621 [INFO] PluginManage:359 - Loaded plugin tutovideos (category:base,tabindex:-1)
2025-04-13 09:35:53,621 [INFO] PluginManage:310 - Check plugin updater
2025-04-13 09:35:53,633 [INFO] PluginManage:359 - Loaded plugin updater (category:base,tabindex:12)
2025-04-13 09:35:53,633 [INFO] PluginManage:310 - Check plugin userauth
2025-04-13 09:35:53,638 [INFO] UserAuth:114 - Init User Auth plugin
2025-04-13 09:35:53,638 [INFO] PluginManage:359 - Loaded plugin userauth (category:base,tabindex:14)
2025-04-13 09:35:53,638 [INFO] PluginManage:283 - PluginManage : Loaded plugins [17]
2025-04-13 09:35:53,853 [INFO] PinOutPanel:1561 - setPackage(No Configuration,No Configuration)
2025-04-13 09:35:53,926 [INFO] CADModel:165 - CPN selected for project level
2025-04-13 09:35:53,926 [INFO] CADModel:114 - Register for checkConnection events
2025-04-13 09:35:53,953 [INFO] IPUIPlugin:80 - create IPUIPlugin
2025-04-13 09:35:53,953 [INFO] PluginManager:220 - loadIPPluginJar : add adc
2025-04-13 09:35:53,990 [INFO] IPUIPlugin:80 - create IPUIPlugin
2025-04-13 09:35:53,990 [INFO] PluginManager:220 - loadIPPluginJar : add aes
2025-04-13 09:35:54,027 [INFO] IPUIPlugin:80 - create IPUIPlugin
2025-04-13 09:35:54,027 [INFO] PluginManager:220 - loadIPPluginJar : add can
2025-04-13 09:35:54,057 [INFO] IPUIPlugin:80 - create IPUIPlugin
2025-04-13 09:35:54,057 [INFO] PluginManager:220 - loadIPPluginJar : add comp
2025-04-13 09:35:54,095 [INFO] IPUIPlugin:80 - create IPUIPlugin
2025-04-13 09:35:54,095 [INFO] PluginManager:220 - loadIPPluginJar : add cryp
2025-04-13 09:35:54,133 [INFO] IPUIPlugin:80 - create IPUIPlugin
2025-04-13 09:35:54,134 [INFO] PluginManager:220 - loadIPPluginJar : add dfsdm
2025-04-13 09:35:54,152 [INFO] IPUIPlugin:80 - create IPUIPlugin
2025-04-13 09:35:54,152 [INFO] PluginManager:220 - loadIPPluginJar : add dma
2025-04-13 09:35:54,210 [INFO] IPUIPlugin:80 - create IPUIPlugin
2025-04-13 09:35:54,211 [INFO] PluginManager:220 - loadIPPluginJar : add dma3
2025-04-13 09:35:54,258 [INFO] IPUIPlugin:80 - create IPUIPlugin
2025-04-13 09:35:54,258 [INFO] PluginManager:220 - loadIPPluginJar : add extmemmanager
2025-04-13 09:35:54,280 [INFO] IPUIPlugin:80 - create IPUIPlugin
2025-04-13 09:35:54,280 [INFO] PluginManager:220 - loadIPPluginJar : add fatfs
2025-04-13 09:35:54,326 [INFO] IPUIPlugin:80 - create IPUIPlugin
2025-04-13 09:35:54,326 [INFO] PluginManager:220 - loadIPPluginJar : add fmc
2025-04-13 09:35:54,342 [INFO] IPUIPlugin:80 - create IPUIPlugin
2025-04-13 09:35:54,343 [INFO] PluginManager:220 - loadIPPluginJar : add freertos
2025-04-13 09:35:54,362 [INFO] IPUIPlugin:80 - create IPUIPlugin
2025-04-13 09:35:54,362 [INFO] PluginManager:220 - loadIPPluginJar : add genericplugin
2025-04-13 09:35:54,451 [INFO] IPUIPlugin:80 - create IPUIPlugin
2025-04-13 09:35:54,452 [INFO] PluginManager:220 - loadIPPluginJar : add gfxmmu
2025-04-13 09:35:54,729 [INFO] IPUIPlugin:80 - create IPUIPlugin
2025-04-13 09:35:54,729 [INFO] PluginManager:220 - loadIPPluginJar : add gic
2025-04-13 09:35:54,748 [INFO] IPUIPlugin:80 - create IPUIPlugin
2025-04-13 09:35:54,748 [INFO] PluginManager:220 - loadIPPluginJar : add gpio
2025-04-13 09:35:54,858 [INFO] IPUIPlugin:80 - create IPUIPlugin
2025-04-13 09:35:54,858 [INFO] PluginManager:220 - loadIPPluginJar : add gtzc
2025-04-13 09:35:54,901 [INFO] IPUIPlugin:80 - create IPUIPlugin
2025-04-13 09:35:54,901 [INFO] PluginManager:220 - loadIPPluginJar : add hash
2025-04-13 09:35:54,951 [INFO] IPUIPlugin:80 - create IPUIPlugin
2025-04-13 09:35:54,951 [INFO] PluginManager:220 - loadIPPluginJar : add i2c
2025-04-13 09:35:54,989 [INFO] IPUIPlugin:80 - create IPUIPlugin
2025-04-13 09:35:54,989 [INFO] PluginManager:220 - loadIPPluginJar : add i2s
2025-04-13 09:35:55,036 [INFO] IPUIPlugin:80 - create IPUIPlugin
2025-04-13 09:35:55,036 [INFO] PluginManager:220 - loadIPPluginJar : add i3c
2025-04-13 09:35:55,140 [INFO] IPUIPlugin:80 - create IPUIPlugin
2025-04-13 09:35:55,140 [INFO] PluginManager:220 - loadIPPluginJar : add ipddr
2025-04-13 09:35:55,280 [INFO] IPUIPlugin:80 - create IPUIPlugin
2025-04-13 09:35:55,281 [INFO] PluginManager:220 - loadIPPluginJar : add linkedlist
2025-04-13 09:35:55,326 [INFO] IPUIPlugin:80 - create IPUIPlugin
2025-04-13 09:35:55,326 [INFO] PluginManager:220 - loadIPPluginJar : add lorawan
2025-04-13 09:35:55,370 [INFO] IPUIPlugin:80 - create IPUIPlugin
2025-04-13 09:35:55,371 [INFO] PluginManager:220 - loadIPPluginJar : add ltdc
2025-04-13 09:35:55,385 [INFO] IPUIPlugin:80 - create IPUIPlugin
2025-04-13 09:35:55,386 [INFO] PluginManager:220 - loadIPPluginJar : add mdma
2025-04-13 09:35:55,397 [INFO] IPUIPlugin:80 - create IPUIPlugin
2025-04-13 09:35:55,397 [INFO] PluginManager:220 - loadIPPluginJar : add nvic
2025-04-13 09:35:55,435 [INFO] IPUIPlugin:80 - create IPUIPlugin
2025-04-13 09:35:55,435 [INFO] PluginManager:220 - loadIPPluginJar : add opamp
2025-04-13 09:35:55,489 [INFO] IPUIPlugin:80 - create IPUIPlugin
2025-04-13 09:35:55,489 [INFO] PluginManager:220 - loadIPPluginJar : add openamp
2025-04-13 09:35:55,536 [INFO] IPUIPlugin:80 - create IPUIPlugin
2025-04-13 09:35:55,536 [INFO] PluginManager:220 - loadIPPluginJar : add pdm2pcm
2025-04-13 09:35:55,552 [INFO] IPUIPlugin:80 - create IPUIPlugin
2025-04-13 09:35:55,553 [INFO] PluginManager:220 - loadIPPluginJar : add plateformsettings
2025-04-13 09:35:55,578 [INFO] IPUIPlugin:80 - create IPUIPlugin
2025-04-13 09:35:55,578 [INFO] PluginManager:220 - loadIPPluginJar : add quadspi
2025-04-13 09:35:55,592 [INFO] IPUIPlugin:80 - create IPUIPlugin
2025-04-13 09:35:55,592 [INFO] PluginManager:220 - loadIPPluginJar : add resmgrutility
2025-04-13 09:35:55,638 [INFO] IPUIPlugin:80 - create IPUIPlugin
2025-04-13 09:35:55,639 [INFO] PluginManager:220 - loadIPPluginJar : add sai
2025-04-13 09:35:55,686 [INFO] IPUIPlugin:80 - create IPUIPlugin
2025-04-13 09:35:55,687 [INFO] PluginManager:220 - loadIPPluginJar : add spi
2025-04-13 09:35:55,848 [INFO] IPUIPlugin:80 - create IPUIPlugin
2025-04-13 09:35:55,848 [INFO] PluginManager:220 - loadIPPluginJar : add stm32_wpan
2025-04-13 09:35:55,896 [INFO] IPUIPlugin:80 - create IPUIPlugin
2025-04-13 09:35:55,896 [INFO] PluginManager:220 - loadIPPluginJar : add tim
2025-04-13 09:35:56,037 [INFO] IPUIPlugin:80 - create IPUIPlugin
2025-04-13 09:35:56,038 [INFO] PluginManager:220 - loadIPPluginJar : add touchsensing
2025-04-13 09:35:56,083 [INFO] IPUIPlugin:80 - create IPUIPlugin
2025-04-13 09:35:56,083 [INFO] PluginManager:220 - loadIPPluginJar : add tracer_emb
2025-04-13 09:35:56,131 [INFO] IPUIPlugin:80 - create IPUIPlugin
2025-04-13 09:35:56,131 [INFO] PluginManager:220 - loadIPPluginJar : add ts
2025-04-13 09:35:56,173 [INFO] IPUIPlugin:80 - create IPUIPlugin
2025-04-13 09:35:56,173 [INFO] PluginManager:220 - loadIPPluginJar : add tsc
2025-04-13 09:35:56,205 [INFO] IPUIPlugin:80 - create IPUIPlugin
2025-04-13 09:35:56,205 [INFO] PluginManager:220 - loadIPPluginJar : add ucpd
2025-04-13 09:35:56,295 [INFO] IPUIPlugin:80 - create IPUIPlugin
2025-04-13 09:35:56,295 [INFO] PluginManager:220 - loadIPPluginJar : add usart
2025-04-13 09:35:56,370 [INFO] IPUIPlugin:80 - create IPUIPlugin
2025-04-13 09:35:56,370 [INFO] PluginManager:220 - loadIPPluginJar : add usbx
2025-04-13 09:35:56,386 [INFO] ThirdPartyUpdaterWithRetryManager:70 - Updater plugin not ready yet. [2/15]
2025-04-13 09:35:56,504 [INFO] CADModel:165 - CPN selected for project level
2025-04-13 09:35:56,504 [INFO] CADModel:114 - Register for checkConnection events
2025-04-13 09:35:56,504 [FATAL] Updater:308 - Updater called before beeing initialized
2025-04-13 09:35:56,504 [ERROR] CADModel:125 - Updater not yet initialized, retry later 
2025-04-13 09:35:56,631 [INFO] CADModel:165 - CPN selected for project level
2025-04-13 09:35:56,631 [INFO] CADModel:114 - Register for checkConnection events
2025-04-13 09:35:56,632 [FATAL] Updater:308 - Updater called before beeing initialized
2025-04-13 09:35:56,632 [ERROR] CADModel:125 - Updater not yet initialized, retry later 
2025-04-13 09:35:56,634 [FATAL] Updater:308 - Updater called before beeing initialized
2025-04-13 09:35:56,741 [FATAL] Updater:308 - Updater called before beeing initialized
2025-04-13 09:35:56,755 [INFO] DbMcusAds:53 - JSON generation date=Thu Mar 06 21:54:21 ICT 2025 (1741272861825)
2025-04-13 09:35:56,755 [FATAL] Updater:308 - Updater called before beeing initialized
2025-04-13 09:35:56,832 [WARN] DetailPanel:346 - Failed to get advertising image, set to default
2025-04-13 09:35:56,891 [FATAL] Updater:308 - Updater called before beeing initialized
2025-04-13 09:35:56,894 [FATAL] Updater:308 - Updater called before beeing initialized
2025-04-13 09:35:56,894 [FATAL] Updater:308 - Updater called before beeing initialized
2025-04-13 09:35:56,894 [WARN] DetailPanel:346 - Failed to get advertising image, set to default
2025-04-13 09:35:56,894 [FATAL] Updater:308 - Updater called before beeing initialized
2025-04-13 09:35:56,964 [ERROR] Updater:1120 - MainUpdater not yet initialized. External WinMGr cannot be set.
2025-04-13 09:35:56,983 [INFO] Updater:1056 - Updater Version found : 6.11.1
2025-04-13 09:35:57,008 [INFO] ApplicationProperties:184 - Using Application install path: C:\ST\STM32CubeIDE_1.15.1\STM32CubeIDE\plugins\com.st.stm32cube.common.mx_6.11.1.202404110753
2025-04-13 09:35:59,386 [INFO] ThirdPartyUpdaterWithRetryManager:70 - Updater plugin not ready yet. [3/15]
2025-04-13 09:36:00,639 [INFO] MainUpdater:2873 - connection check result : 10
2025-04-13 09:36:00,640 [INFO] MainUpdater:290 - Updater Check For Update Now.
2025-04-13 09:36:00,641 [INFO] MicroXplorer:498 - Change Database Version : DB.6.0.111
2025-04-13 09:36:00,656 [INFO] McuFinderGlobals:63 - Set McuFinder mode to 2 (CubeIDE integrated)
2025-04-13 09:36:00,671 [INFO] UserAuth:415 - Internet connection configuration mode: 1
2025-04-13 09:36:00,714 [INFO] JxBrowserEngine:152 - Initiate JxBrowser Engine with user profile folder
2025-04-13 09:36:00,901 [INFO] CheckServerUpdateThread:120 - End of CheckServer Thread
2025-04-13 09:36:02,623 [WARN] PackLoader:240 - Cannot read IP mode file for STMicroelectronics.FP-SNS-MOTENVWB1.1.4.0
2025-04-13 09:36:02,641 [WARN] PackLoader:240 - Cannot read IP mode file for STMicroelectronics.FP-ATR-ASTRA1.2.0.2
2025-04-13 09:36:02,655 [WARN] PackLoader:240 - Cannot read IP mode file for STMicroelectronics.FP-ATR-ASTRA1.2.0.1
2025-04-13 09:36:02,671 [WARN] PackLoader:240 - Cannot read IP mode file for STMicroelectronics.X-CUBE-SMBUS.2.1.0
2025-04-13 09:36:02,688 [WARN] PackLoader:240 - Cannot read IP mode file for STMicroelectronics.X-CUBE-WB05N.1.1.0
2025-04-13 09:36:02,705 [WARN] PackLoader:240 - Cannot read IP mode file for STMicroelectronics.X-CUBE-TOUCHGFX.4.23.2
2025-04-13 09:36:02,747 [WARN] PackLoader:240 - Cannot read IP mode file for STMicroelectronics.X-CUBE-AZRTOS-F7.1.1.0
2025-04-13 09:36:02,827 [WARN] PackLoader:240 - Cannot read IP mode file for STMicroelectronics.X-CUBE-MEMS1.11.0.0
2025-04-13 09:36:02,947 [WARN] PackLoader:240 - Cannot read IP mode file for STMicroelectronics.FP-SNS-FLIGHT1.5.0.2
2025-04-13 09:36:02,967 [WARN] PackLoader:240 - Cannot read IP mode file for STMicroelectronics.X-CUBE-DISPLAY.3.0.0
2025-04-13 09:36:02,993 [WARN] PackLoader:240 - Cannot read IP mode file for STMicroelectronics.X-CUBE-BLE1.7.0.0
2025-04-13 09:36:03,018 [WARN] PackLoader:240 - Cannot read IP mode file for STMicroelectronics.X-CUBE-NFC10.1.0.0
2025-04-13 09:36:03,042 [WARN] PackLoader:240 - Cannot read IP mode file for STMicroelectronics.X-CUBE-BLEMGR.4.0.0
2025-04-13 09:36:03,069 [WARN] PackLoader:240 - Cannot read IP mode file for emotas.I-CUBE-CANOPEN.1.3.0
2025-04-13 09:36:03,090 [WARN] PackLoader:240 - Cannot read IP mode file for STMicroelectronics.X-CUBE-BLEMGR.3.1.0
2025-04-13 09:36:03,116 [WARN] PackLoader:240 - Cannot read IP mode file for STMicroelectronics.X-CUBE-AI.10.0.0
2025-04-13 09:36:03,136 [WARN] PackLoader:240 - Cannot read IP mode file for STMicroelectronics.FP-SNS-SMARTAG2.1.2.0
2025-04-13 09:36:03,153 [ERROR] Engine:466 - C:\Users\Iris\.stm32cubemx\thirdparties\pdsc\STMicroelectronics.FP-SNS-FLIGHT1.5.1.0.pdsc: PDSC version is not supported
2025-04-13 09:36:03,212 [WARN] PackLoader:240 - Cannot read IP mode file for STMicroelectronics.X-CUBE-MEMS1.11.1.0
2025-04-13 09:36:03,318 [INFO] LogOutputStream:77 - [STDOUT_REDIRECT] 1 : Invalid condition id : UX_CORESTACK_Condition cause : null
2025-04-13 09:36:03,319 [INFO] LogOutputStream:77 - [STDOUT_REDIRECT] 1 : Invalid condition id : UX_CORESTACK_Condition cause : null
2025-04-13 09:36:03,319 [INFO] LogOutputStream:77 - [STDOUT_REDIRECT] 1 : Invalid condition id : UX_CORESTACK_Condition cause : null
2025-04-13 09:36:03,320 [INFO] LogOutputStream:77 - [STDOUT_REDIRECT] 1 : Invalid condition id : UX_CORESTACK_Condition cause : null
2025-04-13 09:36:03,321 [INFO] LogOutputStream:77 - [STDOUT_REDIRECT] 1 : Invalid condition id : UX_CORESTACK_Condition cause : null
2025-04-13 09:36:03,323 [WARN] PackLoader:240 - Cannot read IP mode file for STMicroelectronics.X-CUBE-AZRTOS-WL.2.0.0
2025-04-13 09:36:03,341 [WARN] PackLoader:240 - Cannot read IP mode file for STMicroelectronics.FP-SNS-MOTENV1.5.0.0
2025-04-13 09:36:03,356 [WARN] PackLoader:240 - Cannot read IP mode file for wolfSSL.I-CUBE-wolfMQTT.1.19.0
2025-04-13 09:36:03,378 [WARN] PackLoader:240 - Cannot read IP mode file for WES.I-CUBE-Cesium.1.3.0
2025-04-13 09:36:03,391 [WARN] PackLoader:240 - Cannot read IP mode file for STMicroelectronics.X-CUBE-BLE2.3.3.0
2025-04-13 09:36:03,412 [WARN] PackLoader:240 - Cannot read IP mode file for STMicroelectronics.X-CUBE-NFC9.1.0.0
2025-04-13 09:36:03,443 [WARN] PackLoader:240 - Cannot read IP mode file for STMicroelectronics.X-CUBE-BLE1.7.1.0
2025-04-13 09:36:03,494 [WARN] PackLoader:240 - Cannot read IP mode file for STMicroelectronics.X-CUBE-TCPP.4.1.0
2025-04-13 09:36:03,567 [WARN] PackLoader:240 - Cannot read IP mode file for STMicroelectronics.X-CUBE-AZRTOS-G0.1.1.0
2025-04-13 09:36:03,594 [WARN] PackLoader:240 - Cannot read IP mode file for STMicroelectronics.X-CUBE-SAFEA1.1.2.2
2025-04-13 09:36:03,616 [WARN] PackLoader:240 - Cannot read IP mode file for STMicroelectronics.X-CUBE-NFC4.3.0.0
2025-04-13 09:36:03,641 [WARN] PackLoader:240 - Cannot read IP mode file for EmbeddedOffice.I-CUBE-FS-RTOS.1.0.1
2025-04-13 09:36:03,641 [ERROR] ConditionMgr:805 - Attr not supported : Dmpu
2025-04-13 09:36:03,641 [ERROR] ConditionMgr:805 - Attr not supported : Dmpu
2025-04-13 09:36:03,641 [ERROR] ConditionMgr:805 - Attr not supported : Dmpu
2025-04-13 09:36:03,643 [ERROR] ConditionMgr:805 - Attr not supported : Dmpu
2025-04-13 09:36:03,643 [ERROR] ConditionMgr:805 - Attr not supported : Dmpu
2025-04-13 09:36:03,643 [ERROR] ConditionMgr:805 - Attr not supported : Dmpu
2025-04-13 09:36:03,643 [ERROR] ConditionMgr:805 - Attr not supported : Dmpu
2025-04-13 09:36:03,643 [ERROR] ConditionMgr:805 - Attr not supported : Dmpu
2025-04-13 09:36:03,643 [ERROR] ConditionMgr:805 - Attr not supported : Dmpu
2025-04-13 09:36:03,643 [ERROR] ConditionMgr:805 - Attr not supported : Dmpu
2025-04-13 09:36:03,643 [ERROR] ConditionMgr:805 - Attr not supported : Dmpu
2025-04-13 09:36:03,643 [ERROR] ConditionMgr:805 - Attr not supported : Dmpu
2025-04-13 09:36:03,643 [ERROR] ConditionMgr:805 - Attr not supported : Dmpu
2025-04-13 09:36:03,643 [ERROR] ConditionMgr:805 - Attr not supported : Dmpu
2025-04-13 09:36:03,643 [ERROR] ConditionMgr:805 - Attr not supported : Dmpu
2025-04-13 09:36:03,643 [ERROR] ConditionMgr:805 - Attr not supported : Dmpu
2025-04-13 09:36:03,643 [ERROR] ConditionMgr:805 - Attr not supported : Dmpu
2025-04-13 09:36:03,643 [ERROR] ConditionMgr:805 - Attr not supported : Dmpu
2025-04-13 09:36:03,643 [ERROR] ConditionMgr:805 - Attr not supported : Dmpu
2025-04-13 09:36:03,643 [ERROR] ConditionMgr:805 - Attr not supported : Dmpu
2025-04-13 09:36:03,643 [ERROR] ConditionMgr:805 - Attr not supported : Dmpu
2025-04-13 09:36:03,643 [ERROR] ConditionMgr:805 - Attr not supported : Dmpu
2025-04-13 09:36:03,643 [ERROR] ConditionMgr:805 - Attr not supported : Dmpu
2025-04-13 09:36:03,643 [ERROR] ConditionMgr:805 - Attr not supported : Dmpu
2025-04-13 09:36:03,643 [ERROR] ConditionMgr:805 - Attr not supported : Dmpu
2025-04-13 09:36:03,643 [ERROR] ConditionMgr:805 - Attr not supported : Dmpu
2025-04-13 09:36:03,643 [ERROR] ConditionMgr:805 - Attr not supported : Dmpu
2025-04-13 09:36:03,643 [ERROR] ConditionMgr:805 - Attr not supported : Dmpu
2025-04-13 09:36:03,643 [ERROR] ConditionMgr:805 - Attr not supported : Dmpu
2025-04-13 09:36:03,645 [ERROR] ConditionMgr:805 - Attr not supported : Dmpu
2025-04-13 09:36:03,645 [ERROR] ConditionMgr:805 - Attr not supported : Dmpu
2025-04-13 09:36:03,645 [ERROR] ConditionMgr:805 - Attr not supported : Dmpu
2025-04-13 09:36:03,645 [ERROR] ConditionMgr:805 - Attr not supported : Dmpu
2025-04-13 09:36:03,645 [ERROR] ConditionMgr:805 - Attr not supported : Dmpu
2025-04-13 09:36:03,645 [ERROR] ConditionMgr:805 - Attr not supported : Dmpu
2025-04-13 09:36:03,645 [ERROR] ConditionMgr:805 - Attr not supported : Dmpu
2025-04-13 09:36:03,645 [ERROR] ConditionMgr:805 - Attr not supported : Dmpu
2025-04-13 09:36:03,645 [ERROR] ConditionMgr:805 - Attr not supported : Dmpu
2025-04-13 09:36:03,645 [ERROR] ConditionMgr:805 - Attr not supported : Dmpu
2025-04-13 09:36:03,645 [ERROR] ConditionMgr:805 - Attr not supported : Dmpu
2025-04-13 09:36:03,645 [ERROR] ConditionMgr:805 - Attr not supported : Dmpu
2025-04-13 09:36:03,645 [ERROR] ConditionMgr:805 - Attr not supported : Dmpu
2025-04-13 09:36:03,645 [ERROR] ConditionMgr:805 - Attr not supported : Dmpu
2025-04-13 09:36:03,645 [ERROR] ConditionMgr:805 - Attr not supported : Dmpu
2025-04-13 09:36:03,645 [ERROR] ConditionMgr:805 - Attr not supported : Dmpu
2025-04-13 09:36:03,645 [ERROR] ConditionMgr:805 - Attr not supported : Dmpu
2025-04-13 09:36:03,645 [ERROR] ConditionMgr:805 - Attr not supported : Dmpu
2025-04-13 09:36:03,645 [ERROR] ConditionMgr:805 - Attr not supported : Dmpu
2025-04-13 09:36:03,645 [ERROR] ConditionMgr:805 - Attr not supported : Dmpu
2025-04-13 09:36:03,645 [ERROR] ConditionMgr:805 - Attr not supported : Dmpu
2025-04-13 09:36:03,645 [ERROR] ConditionMgr:805 - Attr not supported : Dmpu
2025-04-13 09:36:03,645 [ERROR] ConditionMgr:805 - Attr not supported : Dmpu
2025-04-13 09:36:03,645 [ERROR] ConditionMgr:805 - Attr not supported : Dmpu
2025-04-13 09:36:03,645 [ERROR] ConditionMgr:805 - Attr not supported : Dmpu
2025-04-13 09:36:03,645 [ERROR] ConditionMgr:805 - Attr not supported : Dmpu
2025-04-13 09:36:03,645 [ERROR] ConditionMgr:805 - Attr not supported : Dmpu
2025-04-13 09:36:03,645 [ERROR] ConditionMgr:805 - Attr not supported : Dmpu
2025-04-13 09:36:03,647 [ERROR] ConditionMgr:805 - Attr not supported : Dmpu
2025-04-13 09:36:03,647 [ERROR] ConditionMgr:805 - Attr not supported : Dmpu
2025-04-13 09:36:03,647 [ERROR] ConditionMgr:805 - Attr not supported : Dmpu
2025-04-13 09:36:03,647 [ERROR] ConditionMgr:805 - Attr not supported : Dmpu
2025-04-13 09:36:03,647 [ERROR] ConditionMgr:805 - Attr not supported : Dmpu
2025-04-13 09:36:03,647 [ERROR] ConditionMgr:805 - Attr not supported : Dmpu
2025-04-13 09:36:03,647 [ERROR] ConditionMgr:805 - Attr not supported : Dmpu
2025-04-13 09:36:03,661 [ERROR] Engine:466 - C:\Users\Iris\.stm32cubemx\thirdparties\pdsc\STMicroelectronics.X-CUBE-TCPP.4.2.0.pdsc: PDSC version is not supported
2025-04-13 09:36:03,680 [WARN] PackLoader:240 - Cannot read IP mode file for RealThread.X-CUBE-RT-Thread_Nano.4.1.1
2025-04-13 09:36:03,695 [WARN] PackLoader:240 - Cannot read IP mode file for wolfSSL.I-CUBE-wolfSSL.5.7.0
2025-04-13 09:36:03,716 [WARN] PackLoader:240 - Cannot read IP mode file for STMicroelectronics.FP-ATR-SIGFOX1.3.2.0
2025-04-13 09:36:03,736 [WARN] ConditionMgr:438 - getConditionDescription Invalid condition id : Cortex-A Device cause : null
2025-04-13 09:36:03,769 [WARN] ConditionMgr:1039 - genDependencies : Invalid condition id : Cortex-A Device cause : null
2025-04-13 09:36:03,769 [WARN] ConditionMgr:1039 - genDependencies : Invalid condition id : Cortex-A Device cause : null
2025-04-13 09:36:03,769 [WARN] ConditionMgr:1039 - genDependencies : Invalid condition id : Cortex-A Device cause : null
2025-04-13 09:36:03,792 [WARN] PackLoader:240 - Cannot read IP mode file for STMicroelectronics.X-CUBE-EEPRMA1.5.1.0
2025-04-13 09:36:03,815 [WARN] PackLoader:240 - Cannot read IP mode file for ITTIA_DB.I-CUBE-ITTIADB.8.9.0
2025-04-13 09:36:03,856 [WARN] PackLoader:240 - Cannot read IP mode file for SEGGER.I-CUBE-embOS.1.3.1
2025-04-13 09:36:03,896 [WARN] PackLoader:240 - Cannot read IP mode file for STMicroelectronics.X-CUBE-ALGOBUILD.1.4.0
2025-04-13 09:36:03,916 [WARN] PackLoader:240 - Cannot read IP mode file for STMicroelectronics.X-CUBE-AI.9.1.0
2025-04-13 09:36:03,935 [WARN] PackLoader:240 - Cannot read IP mode file for STMicroelectronics.X-CUBE-GNSS1.6.0.0
2025-04-13 09:36:03,965 [WARN] PackLoader:240 - Cannot read IP mode file for STMicroelectronics.X-CUBE-AZRTOS-F4.1.1.0
2025-04-13 09:36:03,979 [WARN] PackLoader:240 - Cannot read IP mode file for STMicroelectronics.X-CUBE-ISPU.2.1.0
2025-04-13 09:36:03,994 [WARN] PackLoader:240 - Cannot read IP mode file for STMicroelectronics.X-CUBE-FREERTOS.1.2.0
2025-04-13 09:36:04,023 [WARN] PackLoader:240 - Cannot read IP mode file for STMicroelectronics.X-CUBE-AZRTOS-L5.2.0.0
2025-04-13 09:36:04,044 [WARN] PackLoader:240 - Cannot read IP mode file for STMicroelectronics.X-CUBE-NFC6.3.1.0
2025-04-13 09:36:04,063 [WARN] PackLoader:240 - Cannot read IP mode file for STMicroelectronics.X-CUBE-DPower.1.2.0
2025-04-13 09:36:04,090 [WARN] PackLoader:240 - Cannot read IP mode file for STMicroelectronics.X-CUBE-AI.9.0.0
2025-04-13 09:36:04,102 [WARN] PackLoader:240 - Cannot read IP mode file for STMicroelectronics.X-CUBE-FREERTOS.1.3.0
2025-04-13 09:36:04,115 [WARN] PackLoader:240 - Cannot read IP mode file for STMicroelectronics.X-CUBE-NFC7.1.0.1
2025-04-13 09:36:04,135 [WARN] PackLoader:240 - Cannot read IP mode file for STMicroelectronics.X-CUBE-DPower.1.3.0
2025-04-13 09:36:04,166 [WARN] ConditionMgr:438 - getConditionDescription Invalid condition id : LAN8742 Phy interface Condition cause : null
2025-04-13 09:36:04,167 [WARN] PackLoader:240 - Cannot read IP mode file for STMicroelectronics.X-CUBE-AZRTOS-L4.2.0.0
2025-04-13 09:36:04,168 [WARN] ConditionMgr:1039 - genDependencies : Invalid condition id : LAN8742 Phy interface Condition cause : null
2025-04-13 09:36:04,168 [WARN] ConditionMgr:1039 - genDependencies : Invalid condition id : LAN8742 Phy interface Condition cause : null
2025-04-13 09:36:04,168 [WARN] ConditionMgr:1039 - genDependencies : Invalid condition id : LAN8742 Phy interface Condition cause : null
2025-04-13 09:36:04,193 [WARN] PackLoader:240 - Cannot read IP mode file for STMicroelectronics.X-CUBE-SFXS2LP1.4.0.0
2025-04-13 09:36:04,230 [WARN] PackLoader:240 - Cannot read IP mode file for STMicroelectronics.X-CUBE-AZRTOS-H7.3.3.0
2025-04-13 09:36:04,256 [WARN] PackLoader:240 - Cannot read IP mode file for STMicroelectronics.X-CUBE-IPS.3.0.0
2025-04-13 09:36:04,284 [WARN] ConditionMgr:438 - getConditionDescription Invalid condition id : UX DEVICE CLASS RTOS Condition cause : null
2025-04-13 09:36:04,284 [WARN] ConditionMgr:438 - getConditionDescription Invalid condition id : UX DEVICE CLASS RTOS Condition cause : null
2025-04-13 09:36:04,285 [WARN] PackLoader:240 - Cannot read IP mode file for STMicroelectronics.X-CUBE-AZRTOS-WB.2.0.0
2025-04-13 09:36:04,286 [WARN] ConditionMgr:1039 - genDependencies : Invalid condition id : UX DEVICE CLASS RTOS Condition cause : null
2025-04-13 09:36:04,286 [WARN] ConditionMgr:1039 - genDependencies : Invalid condition id : UX DEVICE CLASS RTOS Condition cause : null
2025-04-13 09:36:04,286 [WARN] ConditionMgr:1039 - genDependencies : Invalid condition id : UX DEVICE CLASS RTOS Condition cause : null
2025-04-13 09:36:04,287 [WARN] ConditionMgr:1039 - genDependencies : Invalid condition id : UX DEVICE CLASS RTOS Condition cause : null
2025-04-13 09:36:04,287 [WARN] ConditionMgr:1039 - genDependencies : Invalid condition id : UX DEVICE CLASS RTOS Condition cause : null
2025-04-13 09:36:04,302 [WARN] PackLoader:240 - Cannot read IP mode file for STMicroelectronics.X-CUBE-GNSS1.7.0.0
2025-04-13 09:36:04,317 [WARN] PackLoader:240 - Cannot read IP mode file for STMicroelectronics.X-CUBE-GNSS1.7.0.1
2025-04-13 09:36:04,335 [WARN] PackLoader:240 - Cannot read IP mode file for STMicroelectronics.X-CUBE-TOUCHGFX.4.25.0
2025-04-13 09:36:04,354 [WARN] PackLoader:240 - Cannot read IP mode file for STMicroelectronics.FP-SNS-STBOX1.2.0.0
2025-04-13 09:36:04,376 [WARN] PackLoader:240 - Cannot read IP mode file for STMicroelectronics.X-CUBE-SUBG2.5.0.0
2025-04-13 09:36:04,412 [WARN] PackLoader:240 - Cannot read IP mode file for STMicroelectronics.X-CUBE-AZRTOS-H7RS.1.1.0
2025-04-13 09:36:04,435 [WARN] PackLoader:240 - Cannot read IP mode file for Cesanta.I-CUBE-Mongoose.7.13.0
2025-04-13 09:36:04,456 [WARN] PackLoader:240 - Cannot read IP mode file for STMicroelectronics.X-CUBE-AZRTOS-G4.2.0.0
2025-04-13 09:36:04,471 [WARN] PackLoader:240 - Cannot read IP mode file for STMicroelectronics.X-CUBE-ISPU.2.0.0
2025-04-13 09:36:04,484 [ERROR] Engine:466 - C:\Users\Iris\.stm32cubemx\thirdparties\pdsc\STMicroelectronics.X-CUBE-IPS.3.1.0.pdsc: PDSC version is not supported
2025-04-13 09:36:04,501 [WARN] PackLoader:240 - Cannot read IP mode file for STMicroelectronics.X-CUBE-ALS.1.0.2
2025-04-13 09:36:04,540 [WARN] PackLoader:240 - Cannot read IP mode file for STMicroelectronics.X-CUBE-MEMS1.10.0.0
2025-04-13 09:36:04,670 [WARN] PackLoader:240 - Cannot read IP mode file for STMicroelectronics.X-CUBE-TOUCHGFX.4.24.0
2025-04-13 09:36:04,684 [WARN] PackLoader:240 - Cannot read IP mode file for STMicroelectronics.X-CUBE-TOUCHGFX.4.24.2
2025-04-13 09:36:04,696 [WARN] PackLoader:240 - Cannot read IP mode file for STMicroelectronics.X-CUBE-TOUCHGFX.4.24.1
2025-04-13 09:36:04,708 [WARN] PackLoader:240 - Cannot read IP mode file for wolfSSL.I-CUBE-wolfTPM.3.4.0
2025-04-13 09:36:04,720 [WARN] PackLoader:240 - Cannot read IP mode file for portGmbH.I-Cube-SoM-uGOAL.1.1.0
2025-04-13 09:36:04,744 [WARN] PackLoader:240 - Cannot read IP mode file for STMicroelectronics.X-CUBE-AZRTOS-H7RS.1.0.0
2025-04-13 09:36:04,761 [WARN] PackLoader:240 - Cannot read IP mode file for STMicroelectronics.FP-ATR-ASTRA1.2.0.0
2025-04-13 09:36:04,777 [WARN] PackLoader:240 - Cannot read IP mode file for STMicroelectronics.X-CUBE-TOF1.3.4.2
2025-04-13 09:36:04,803 [WARN] PackLoader:240 - Cannot read IP mode file for STMicroelectronics.X-CUBE-TOF1.3.4.1
2025-04-13 09:36:04,841 [WARN] PackLoader:240 - Cannot read IP mode file for STMicroelectronics.X-CUBE-AZRTOS-H7.3.2.0
2025-04-13 09:36:04,864 [WARN] PackLoader:240 - Cannot read IP mode file for Infineon.AIROC-Wi-Fi-Bluetooth-STM32.1.6.0
2025-04-13 09:36:04,887 [WARN] PackLoader:240 - Cannot read IP mode file for wolfSSL.I-CUBE-wolfSSH.1.4.17
2025-04-13 09:36:04,887 [INFO] ThirdParty:978 - Integrity check success = true
2025-04-13 09:36:04,887 [INFO] IntegrityCheckThread:100 - exiting critical section [integrity check]
2025-04-13 09:36:04,887 [INFO] IntegrityCheckThread:103 - End integrity checks thread
2025-04-13 09:36:05,719 [INFO] WebApp:161 - Instantiating new browser for Auth
2025-04-13 09:36:06,215 [INFO] WebApp:779 - Register for checkConnection events
2025-04-13 09:36:06,215 [INFO] WebApp:414 - Apply proxy settings
2025-04-13 09:36:06,215 [INFO] WebApp:499 - Chromium requires no authentication
2025-04-13 09:36:06,223 [INFO] WebApp:442 - Direct internet connection detected
2025-04-13 09:36:06,386 [INFO] WebApp:192 - Starting web application
2025-04-13 09:36:06,387 [INFO] WebApp:544 - Web application path used C:\ST\STM32CubeIDE_1.15.1\STM32CubeIDE\plugins\com.st.stm32cube.common.mx_6.11.1.202404110753\db\plugins\mcufinder\reactClient1\index.html
2025-04-13 10:17:48,588 [ERROR] ConfigurationRetriever:142 - IOException on connection: Read timed out
2025-04-13 16:56:56,415 [ERROR] LogOutputStream:75 - [STDERR_REDIRECT] 
